main start at this time 1632127057.4995844
before load_data step Time(s): 0.0019
load ogbn-products
-------------------------------------------------------------data = DglNodePropPredDataset(name=name)*************************** step Time(s): 1.4900
finish loading ogbn-products
-------------------------------------------------------------splitted_idx = data.get_idx_split()*************************** step Time(s): 0.2532
-------------------------------------------------------------graph, labels = data[0]*************************** step Time(s): 3.9130
tensor([[0],
        [1],
        [2],
        ...,
        [8],
        [2],
        [4]])
graph after remove self connected edges
Graph(num_nodes=2449029, num_edges=123718024,
      ndata_schemes={'feat': Scheme(shape=(100,), dtype=torch.float32)}
      edata_schemes={})
-------------------------------------------------------------labels = labels[:, 0]*************************** step Time(s): 0.0012
-------------------------------------------------------------graph.ndata['features'] = graph.ndata['feat']*************************** step Time(s): 0.0002
-------------------------------------------------graph.ndata['labels'] = labels****************** step Time(s): 0.0001
-------------------------------------------------train_nid, val_nid, test_nid = splitted_idx****************** step Time(s): 0.0564
-------------------------------------------------end of load ogb****************** step Time(s): 0.0082
finish constructing ogbn-products
load ogb-products time total: 5.7223219871521
#nodes: 2449029
#edges: 123718024
#classes: 47
after load_dataset step Time(s): 5.8179
after inductive else step Time(s): 0.0001
args.data_cpu
False
after label step Time(s): 3.2707
after train_g.create_formats_() step Time(s): 2.6081
after pack data step Time(s): 12.4124

----main run function: start generate block_dataloader from full batch train graph
- -- -- --- -- -- --weights_list-- -- -- ------- -- -- -----
132
after generate_random_mini_batch_seeds_list
time of batches_nid_list generation : 0.1170346736907959 sec

 *************************************   src nid of full_batch_block_graph

 *************************************   dict_nid_2_local
full batch block_eids_global_list
1949041
res----------------------------------------

connection checking time 23.67588973045349
total of block generation time 1.8190605640411377
average of block generation time 0.013780761848796497

----main run function: block dataloader generation total spend   26.038459300994873

----main run function: start generate block_dataloader from full batch train graph
- -- -- --- -- -- --weights_list-- -- -- ------- -- -- -----
132
after generate_random_mini_batch_seeds_list
time of batches_nid_list generation : 0.06738781929016113 sec

 *************************************   src nid of full_batch_block_graph

 *************************************   dict_nid_2_local
full batch block_eids_global_list
1949041
res----------------------------------------

connection checking time 23.55870771408081
total of block generation time 2.0033693313598633
average of block generation time 0.015177040389089874

----main run function: block dataloader generation total spend   26.11474347114563

----main run function: start generate block_dataloader from full batch train graph
- -- -- --- -- -- --weights_list-- -- -- ------- -- -- -----
132
after generate_random_mini_batch_seeds_list
time of batches_nid_list generation : 0.060204505920410156 sec

 *************************************   src nid of full_batch_block_graph

 *************************************   dict_nid_2_local
full batch block_eids_global_list
1949041
res----------------------------------------

connection checking time 23.602156162261963
total of block generation time 1.9407527446746826
average of block generation time 0.014702672308141535

----main run function: block dataloader generation total spend   26.03831386566162

----main run function: start generate block_dataloader from full batch train graph
- -- -- --- -- -- --weights_list-- -- -- ------- -- -- -----
132
after generate_random_mini_batch_seeds_list
time of batches_nid_list generation : 0.05464005470275879 sec

 *************************************   src nid of full_batch_block_graph

 *************************************   dict_nid_2_local
full batch block_eids_global_list
1949041
res----------------------------------------

connection checking time 23.65304183959961
total of block generation time 1.9278564453125
average of block generation time 0.014604973070549242

----main run function: block dataloader generation total spend   26.135245323181152

----main run function: start generate block_dataloader from full batch train graph
- -- -- --- -- -- --weights_list-- -- -- ------- -- -- -----
132
after generate_random_mini_batch_seeds_list
time of batches_nid_list generation : 0.06549644470214844 sec

 *************************************   src nid of full_batch_block_graph

 *************************************   dict_nid_2_local
full batch block_eids_global_list
1949041
res----------------------------------------

connection checking time 23.785422325134277
total of block generation time 1.9582066535949707
average of block generation time 0.01483489889087099

----main run function: block dataloader generation total spend   26.249822854995728

----main run function: start generate block_dataloader from full batch train graph
- -- -- --- -- -- --weights_list-- -- -- ------- -- -- -----
132
after generate_random_mini_batch_seeds_list
time of batches_nid_list generation : 0.058435916900634766 sec

 *************************************   src nid of full_batch_block_graph

 *************************************   dict_nid_2_local
full batch block_eids_global_list
1949041
res----------------------------------------

connection checking time 23.815256595611572
total of block generation time 1.9574415683746338
average of block generation time 0.014829102790716923

----main run function: block dataloader generation total spend   26.263277292251587
