main start at this time 1632126086.0048647
before load_data step Time(s): 0.0019
load ogbn-products
-------------------------------------------------------------data = DglNodePropPredDataset(name=name)*************************** step Time(s): 1.4814
finish loading ogbn-products
-------------------------------------------------------------splitted_idx = data.get_idx_split()*************************** step Time(s): 0.2585
-------------------------------------------------------------graph, labels = data[0]*************************** step Time(s): 4.0161
tensor([[0],
        [1],
        [2],
        ...,
        [8],
        [2],
        [4]])
graph after remove self connected edges
Graph(num_nodes=2449029, num_edges=123718024,
      ndata_schemes={'feat': Scheme(shape=(100,), dtype=torch.float32)}
      edata_schemes={})
-------------------------------------------------------------labels = labels[:, 0]*************************** step Time(s): 0.0014
-------------------------------------------------------------graph.ndata['features'] = graph.ndata['feat']*************************** step Time(s): 0.0002
-------------------------------------------------graph.ndata['labels'] = labels****************** step Time(s): 0.0001
-------------------------------------------------train_nid, val_nid, test_nid = splitted_idx****************** step Time(s): 0.0605
-------------------------------------------------end of load ogb****************** step Time(s): 0.0087
finish constructing ogbn-products
load ogb-products time total: 5.826868772506714
#nodes: 2449029
#edges: 123718024
#classes: 47
after load_dataset step Time(s): 5.9272
after inductive else step Time(s): 0.0001
args.data_cpu
False
after label step Time(s): 3.6086
after train_g.create_formats_() step Time(s): 3.0436
after pack data step Time(s): 13.6978

----main run function: start generate block_dataloader from full batch train graph
- -- -- --- -- -- --weights_list-- -- -- ------- -- -- -----
8
after generate_random_mini_batch_seeds_list
time of batches_nid_list generation : 0.06479549407958984 sec

 *************************************   src nid of full_batch_block_graph

 *************************************   dict_nid_2_local
full batch block_eids_global_list
1949041
res----------------------------------------

connection checking time 3.074307441711426
total of block generation time 1.6942481994628906
average of block generation time 0.21178102493286133

----main run function: block dataloader generation total spend   5.274244070053101

----main run function: start generate block_dataloader from full batch train graph
- -- -- --- -- -- --weights_list-- -- -- ------- -- -- -----
8
after generate_random_mini_batch_seeds_list
time of batches_nid_list generation : 0.060216426849365234 sec

 *************************************   src nid of full_batch_block_graph

 *************************************   dict_nid_2_local
full batch block_eids_global_list
1949041
res----------------------------------------

connection checking time 3.3664588928222656
total of block generation time 3.1096763610839844
average of block generation time 0.38870954513549805

----main run function: block dataloader generation total spend   6.976507902145386

----main run function: start generate block_dataloader from full batch train graph
- -- -- --- -- -- --weights_list-- -- -- ------- -- -- -----
8
after generate_random_mini_batch_seeds_list
time of batches_nid_list generation : 0.0653691291809082 sec

 *************************************   src nid of full_batch_block_graph

 *************************************   dict_nid_2_local
full batch block_eids_global_list
1949041
res----------------------------------------

connection checking time 3.0810070037841797
total of block generation time 1.8564012050628662
average of block generation time 0.23205015063285828

----main run function: block dataloader generation total spend   5.4326746463775635

----main run function: start generate block_dataloader from full batch train graph
- -- -- --- -- -- --weights_list-- -- -- ------- -- -- -----
8
after generate_random_mini_batch_seeds_list
time of batches_nid_list generation : 0.11888456344604492 sec

 *************************************   src nid of full_batch_block_graph

 *************************************   dict_nid_2_local
full batch block_eids_global_list
1949041
res----------------------------------------

connection checking time 3.1084513664245605
total of block generation time 1.750145435333252
average of block generation time 0.2187681794166565

----main run function: block dataloader generation total spend   5.352023124694824

----main run function: start generate block_dataloader from full batch train graph
- -- -- --- -- -- --weights_list-- -- -- ------- -- -- -----
8
after generate_random_mini_batch_seeds_list
time of batches_nid_list generation : 0.05881524085998535 sec

 *************************************   src nid of full_batch_block_graph

 *************************************   dict_nid_2_local
full batch block_eids_global_list
1949041
res----------------------------------------

connection checking time 3.0474202632904053
total of block generation time 1.7213685512542725
average of block generation time 0.21517106890678406

----main run function: block dataloader generation total spend   5.285237789154053

----main run function: start generate block_dataloader from full batch train graph
- -- -- --- -- -- --weights_list-- -- -- ------- -- -- -----
8
after generate_random_mini_batch_seeds_list
time of batches_nid_list generation : 0.10712504386901855 sec

 *************************************   src nid of full_batch_block_graph

 *************************************   dict_nid_2_local
full batch block_eids_global_list
1949041
res----------------------------------------

connection checking time 3.235175609588623
total of block generation time 1.7576837539672852
average of block generation time 0.21971046924591064

----main run function: block dataloader generation total spend   5.529351711273193
