main start at this time 1632125923.6560388
before load_data step Time(s): 0.0018
load ogbn-products
-------------------------------------------------------------data = DglNodePropPredDataset(name=name)*************************** step Time(s): 1.4750
finish loading ogbn-products
-------------------------------------------------------------splitted_idx = data.get_idx_split()*************************** step Time(s): 0.2555
-------------------------------------------------------------graph, labels = data[0]*************************** step Time(s): 4.1305
tensor([[0],
        [1],
        [2],
        ...,
        [8],
        [2],
        [4]])
graph after remove self connected edges
Graph(num_nodes=2449029, num_edges=123718024,
      ndata_schemes={'feat': Scheme(shape=(100,), dtype=torch.float32)}
      edata_schemes={})
-------------------------------------------------------------labels = labels[:, 0]*************************** step Time(s): 0.0015
-------------------------------------------------------------graph.ndata['features'] = graph.ndata['feat']*************************** step Time(s): 0.0002
-------------------------------------------------graph.ndata['labels'] = labels****************** step Time(s): 0.0001
-------------------------------------------------train_nid, val_nid, test_nid = splitted_idx****************** step Time(s): 0.0923
-------------------------------------------------end of load ogb****************** step Time(s): 0.0099
finish constructing ogbn-products
load ogb-products time total: 5.96519923210144
#nodes: 2449029
#edges: 123718024
#classes: 47
after load_dataset step Time(s): 6.0802
after inductive else step Time(s): 0.0001
args.data_cpu
False
after label step Time(s): 4.1251
after train_g.create_formats_() step Time(s): 2.6320
after pack data step Time(s): 12.0713

----main run function: start generate block_dataloader from full batch train graph
- -- -- --- -- -- --weights_list-- -- -- ------- -- -- -----
4
after generate_random_mini_batch_seeds_list
time of batches_nid_list generation : 0.06350326538085938 sec

 *************************************   src nid of full_batch_block_graph

 *************************************   dict_nid_2_local
full batch block_eids_global_list
1949041
res----------------------------------------

connection checking time 2.3631622791290283
total of block generation time 1.6434555053710938
average of block generation time 0.41086387634277344

----main run function: block dataloader generation total spend   4.40718936920166

----main run function: start generate block_dataloader from full batch train graph
- -- -- --- -- -- --weights_list-- -- -- ------- -- -- -----
4
after generate_random_mini_batch_seeds_list
time of batches_nid_list generation : 0.06587028503417969 sec

 *************************************   src nid of full_batch_block_graph

 *************************************   dict_nid_2_local
full batch block_eids_global_list
1949041
res----------------------------------------

connection checking time 2.561441421508789
total of block generation time 2.019038200378418
average of block generation time 0.5047595500946045

----main run function: block dataloader generation total spend   5.055711507797241

----main run function: start generate block_dataloader from full batch train graph
- -- -- --- -- -- --weights_list-- -- -- ------- -- -- -----
4
after generate_random_mini_batch_seeds_list
time of batches_nid_list generation : 0.11839485168457031 sec

 *************************************   src nid of full_batch_block_graph

 *************************************   dict_nid_2_local
full batch block_eids_global_list
1949041
res----------------------------------------

connection checking time 2.5203661918640137
total of block generation time 1.6824071407318115
average of block generation time 0.4206017851829529

----main run function: block dataloader generation total spend   4.778210401535034

----main run function: start generate block_dataloader from full batch train graph
- -- -- --- -- -- --weights_list-- -- -- ------- -- -- -----
4
after generate_random_mini_batch_seeds_list
time of batches_nid_list generation : 0.06430935859680176 sec

 *************************************   src nid of full_batch_block_graph

 *************************************   dict_nid_2_local
full batch block_eids_global_list
1949041
res----------------------------------------

connection checking time 2.608872413635254
total of block generation time 1.6849966049194336
average of block generation time 0.4212491512298584

----main run function: block dataloader generation total spend   4.789097547531128

----main run function: start generate block_dataloader from full batch train graph
- -- -- --- -- -- --weights_list-- -- -- ------- -- -- -----
4
after generate_random_mini_batch_seeds_list
time of batches_nid_list generation : 0.05908846855163574 sec

 *************************************   src nid of full_batch_block_graph

 *************************************   dict_nid_2_local
full batch block_eids_global_list
1949041
res----------------------------------------

connection checking time 2.5332345962524414
total of block generation time 1.7814202308654785
average of block generation time 0.44535505771636963

----main run function: block dataloader generation total spend   4.871371507644653

----main run function: start generate block_dataloader from full batch train graph
- -- -- --- -- -- --weights_list-- -- -- ------- -- -- -----
4
after generate_random_mini_batch_seeds_list
time of batches_nid_list generation : 0.056223392486572266 sec

 *************************************   src nid of full_batch_block_graph

 *************************************   dict_nid_2_local
full batch block_eids_global_list
1949041
res----------------------------------------

connection checking time 2.444920539855957
total of block generation time 1.685549020767212
average of block generation time 0.421387255191803

----main run function: block dataloader generation total spend   4.731623649597168
