main start at this time 1632126264.150943
before load_data step Time(s): 0.0019
load ogbn-products
-------------------------------------------------------------data = DglNodePropPredDataset(name=name)*************************** step Time(s): 1.4556
finish loading ogbn-products
-------------------------------------------------------------splitted_idx = data.get_idx_split()*************************** step Time(s): 0.2540
-------------------------------------------------------------graph, labels = data[0]*************************** step Time(s): 3.8664
tensor([[0],
        [1],
        [2],
        ...,
        [8],
        [2],
        [4]])
graph after remove self connected edges
Graph(num_nodes=2449029, num_edges=123718024,
      ndata_schemes={'feat': Scheme(shape=(100,), dtype=torch.float32)}
      edata_schemes={})
-------------------------------------------------------------labels = labels[:, 0]*************************** step Time(s): 0.0013
-------------------------------------------------------------graph.ndata['features'] = graph.ndata['feat']*************************** step Time(s): 0.0002
-------------------------------------------------graph.ndata['labels'] = labels****************** step Time(s): 0.0001
-------------------------------------------------train_nid, val_nid, test_nid = splitted_idx****************** step Time(s): 0.0528
-------------------------------------------------end of load ogb****************** step Time(s): 0.0059
finish constructing ogbn-products
load ogb-products time total: 5.636270046234131
#nodes: 2449029
#edges: 123718024
#classes: 47
after load_dataset step Time(s): 5.7246
after inductive else step Time(s): 0.0001
args.data_cpu
False
after label step Time(s): 3.2631
after train_g.create_formats_() step Time(s): 3.3965
after pack data step Time(s): 11.9965

----main run function: start generate block_dataloader from full batch train graph
- -- -- --- -- -- --weights_list-- -- -- ------- -- -- -----
16
after generate_random_mini_batch_seeds_list
time of batches_nid_list generation : 0.06621146202087402 sec

 *************************************   src nid of full_batch_block_graph

 *************************************   dict_nid_2_local
full batch block_eids_global_list
1949041
res----------------------------------------

connection checking time 4.23624849319458
total of block generation time 1.740591049194336
average of block generation time 0.108786940574646

----main run function: block dataloader generation total spend   6.437269926071167

----main run function: start generate block_dataloader from full batch train graph
- -- -- --- -- -- --weights_list-- -- -- ------- -- -- -----
16
after generate_random_mini_batch_seeds_list
time of batches_nid_list generation : 0.06271696090698242 sec

 *************************************   src nid of full_batch_block_graph

 *************************************   dict_nid_2_local
full batch block_eids_global_list
1949041
res----------------------------------------

connection checking time 4.2801947593688965
total of block generation time 1.922175645828247
average of block generation time 0.12013597786426544

----main run function: block dataloader generation total spend   6.6854166984558105

----main run function: start generate block_dataloader from full batch train graph
- -- -- --- -- -- --weights_list-- -- -- ------- -- -- -----
16
after generate_random_mini_batch_seeds_list
time of batches_nid_list generation : 0.06168937683105469 sec

 *************************************   src nid of full_batch_block_graph

 *************************************   dict_nid_2_local
full batch block_eids_global_list
1949041
res----------------------------------------

connection checking time 4.3398756980896
total of block generation time 2.1155457496643066
average of block generation time 0.13222160935401917

----main run function: block dataloader generation total spend   6.940859317779541

----main run function: start generate block_dataloader from full batch train graph
- -- -- --- -- -- --weights_list-- -- -- ------- -- -- -----
16
after generate_random_mini_batch_seeds_list
time of batches_nid_list generation : 0.057688236236572266 sec

 *************************************   src nid of full_batch_block_graph

 *************************************   dict_nid_2_local
full batch block_eids_global_list
1949041
res----------------------------------------

connection checking time 4.450011730194092
total of block generation time 1.8135590553283691
average of block generation time 0.11334744095802307

----main run function: block dataloader generation total spend   6.727556228637695

----main run function: start generate block_dataloader from full batch train graph
- -- -- --- -- -- --weights_list-- -- -- ------- -- -- -----
16
after generate_random_mini_batch_seeds_list
time of batches_nid_list generation : 0.060884714126586914 sec

 *************************************   src nid of full_batch_block_graph

 *************************************   dict_nid_2_local
full batch block_eids_global_list
1949041
res----------------------------------------

connection checking time 4.320443630218506
total of block generation time 2.1455230712890625
average of block generation time 0.1340951919555664

----main run function: block dataloader generation total spend   6.927465915679932

----main run function: start generate block_dataloader from full batch train graph
- -- -- --- -- -- --weights_list-- -- -- ------- -- -- -----
16
after generate_random_mini_batch_seeds_list
time of batches_nid_list generation : 0.05872368812561035 sec

 *************************************   src nid of full_batch_block_graph

 *************************************   dict_nid_2_local
full batch block_eids_global_list
1949041
res----------------------------------------

connection checking time 4.499864101409912
total of block generation time 1.9589788913726807
average of block generation time 0.12243618071079254

----main run function: block dataloader generation total spend   6.911261320114136
