main start at this time 1632125768.259432
before load_data step Time(s): 0.0019
load ogbn-products
-------------------------------------------------------------data = DglNodePropPredDataset(name=name)*************************** step Time(s): 1.5577
finish loading ogbn-products
-------------------------------------------------------------splitted_idx = data.get_idx_split()*************************** step Time(s): 0.2811
-------------------------------------------------------------graph, labels = data[0]*************************** step Time(s): 4.0292
tensor([[0],
        [1],
        [2],
        ...,
        [8],
        [2],
        [4]])
graph after remove self connected edges
Graph(num_nodes=2449029, num_edges=123718024,
      ndata_schemes={'feat': Scheme(shape=(100,), dtype=torch.float32)}
      edata_schemes={})
-------------------------------------------------------------labels = labels[:, 0]*************************** step Time(s): 0.0012
-------------------------------------------------------------graph.ndata['features'] = graph.ndata['feat']*************************** step Time(s): 0.0001
-------------------------------------------------graph.ndata['labels'] = labels****************** step Time(s): 0.0001
-------------------------------------------------train_nid, val_nid, test_nid = splitted_idx****************** step Time(s): 0.0551
-------------------------------------------------end of load ogb****************** step Time(s): 0.0050
finish constructing ogbn-products
load ogb-products time total: 5.929504156112671
#nodes: 2449029
#edges: 123718024
#classes: 47
after load_dataset step Time(s): 6.0255
after inductive else step Time(s): 0.0001
args.data_cpu
False
after label step Time(s): 3.3549
after train_g.create_formats_() step Time(s): 2.3229
after pack data step Time(s): 12.8302

----main run function: start generate block_dataloader from full batch train graph
- -- -- --- -- -- --weights_list-- -- -- ------- -- -- -----
2
after generate_random_mini_batch_seeds_list
time of batches_nid_list generation : 0.0901021957397461 sec

 *************************************   src nid of full_batch_block_graph

 *************************************   dict_nid_2_local
full batch block_eids_global_list
1949041
res----------------------------------------

connection checking time 2.503946304321289
total of block generation time 1.6270313262939453
average of block generation time 0.8135156631469727

----main run function: block dataloader generation total spend   4.756128549575806

----main run function: start generate block_dataloader from full batch train graph
- -- -- --- -- -- --weights_list-- -- -- ------- -- -- -----
2
after generate_random_mini_batch_seeds_list
time of batches_nid_list generation : 0.0662071704864502 sec

 *************************************   src nid of full_batch_block_graph

 *************************************   dict_nid_2_local
full batch block_eids_global_list
1949041
res----------------------------------------

connection checking time 2.117675304412842
total of block generation time 1.7095119953155518
average of block generation time 0.8547559976577759

----main run function: block dataloader generation total spend   4.297271490097046

----main run function: start generate block_dataloader from full batch train graph
- -- -- --- -- -- --weights_list-- -- -- ------- -- -- -----
2
after generate_random_mini_batch_seeds_list
time of batches_nid_list generation : 0.06394195556640625 sec

 *************************************   src nid of full_batch_block_graph

 *************************************   dict_nid_2_local
full batch block_eids_global_list
1949041
res----------------------------------------

connection checking time 2.175220489501953
total of block generation time 1.5777554512023926
average of block generation time 0.7888777256011963

----main run function: block dataloader generation total spend   4.328366279602051

----main run function: start generate block_dataloader from full batch train graph
- -- -- --- -- -- --weights_list-- -- -- ------- -- -- -----
2
after generate_random_mini_batch_seeds_list
time of batches_nid_list generation : 0.05892658233642578 sec

 *************************************   src nid of full_batch_block_graph

 *************************************   dict_nid_2_local
full batch block_eids_global_list
1949041
res----------------------------------------

connection checking time 2.245337963104248
total of block generation time 1.590207815170288
average of block generation time 0.795103907585144

----main run function: block dataloader generation total spend   4.292423486709595

----main run function: start generate block_dataloader from full batch train graph
- -- -- --- -- -- --weights_list-- -- -- ------- -- -- -----
2
after generate_random_mini_batch_seeds_list
time of batches_nid_list generation : 0.10512685775756836 sec

 *************************************   src nid of full_batch_block_graph

 *************************************   dict_nid_2_local
full batch block_eids_global_list
1949041
res----------------------------------------

connection checking time 2.3830137252807617
total of block generation time 1.7486255168914795
average of block generation time 0.8743127584457397

----main run function: block dataloader generation total spend   4.603628635406494

----main run function: start generate block_dataloader from full batch train graph
- -- -- --- -- -- --weights_list-- -- -- ------- -- -- -----
2
after generate_random_mini_batch_seeds_list
time of batches_nid_list generation : 0.05472397804260254 sec

 *************************************   src nid of full_batch_block_graph

 *************************************   dict_nid_2_local
full batch block_eids_global_list
1949041
res----------------------------------------

connection checking time 2.312072992324829
total of block generation time 1.6672348976135254
average of block generation time 0.8336174488067627

----main run function: block dataloader generation total spend   4.465656995773315
