main start at this time 1630644294.6118302
before load_data step Time(s): 0.0018
load ogbn-products
-------------------------------------------------------------data = DglNodePropPredDataset(name=name)*************************** step Time(s): 1.5243
finish loading ogbn-products
-------------------------------------------------------------splitted_idx = data.get_idx_split()*************************** step Time(s): 0.2576
-------------------------------------------------------------graph, labels = data[0]*************************** step Time(s): 4.1050
tensor([[0],
        [1],
        [2],
        ...,
        [8],
        [2],
        [4]])
graph after remove self connected edges
Graph(num_nodes=2449029, num_edges=123718024,
      ndata_schemes={'feat': Scheme(shape=(100,), dtype=torch.float32)}
      edata_schemes={})
-------------------------------------------------------------labels = labels[:, 0]*************************** step Time(s): 0.0009
-------------------------------------------------------------graph.ndata['features'] = graph.ndata['feat']*************************** step Time(s): 0.0001
-------------------------------------------------graph.ndata['labels'] = labels****************** step Time(s): 0.0001
-------------------------------------------------train_nid, val_nid, test_nid = splitted_idx****************** step Time(s): 0.0608
-------------------------------------------------end of load ogb****************** step Time(s): 0.0038
finish constructing ogbn-products
load ogb-products time total: 5.952786922454834
#nodes: 2449029
#edges: 123718024
#classes: 47
after load_dataset step Time(s): 6.0472
after inductive else step Time(s): 0.0001
args.data_cpu
False
after label step Time(s): 4.6098
after train_g.create_formats_() step Time(s): 3.0022
after pack data step Time(s): 11.2254


full batch graph output nodes length
196571
block_to_graph.dstdata
OUTPUT_NID.tolist()
196571

list for split-------------------------------------------------------------------------------------------
196571

-------------------------batches_nid_list ----------------------------------------------------------------
8
- -- -- --- -- -- --weights_list-- -- -- ------- -- -- -----
[0.1250286156147143, 0.1250286156147143, 0.1250286156147143, 0.1250286156147143, 0.1250286156147143, 0.1250286156147143, 0.1250286156147143, 0.12479969069700006]
after generate_random_mini_batch_seeds_list
time of batches_nid_list generation : 0.0940399169921875 sec
Epoch 0 pseudo_mini_loss sum 5.117284774780273


full batch graph output nodes length
196571
block_to_graph.dstdata
OUTPUT_NID.tolist()
196571

list for split-------------------------------------------------------------------------------------------
196571

-------------------------batches_nid_list ----------------------------------------------------------------
8
- -- -- --- -- -- --weights_list-- -- -- ------- -- -- -----
[0.1250286156147143, 0.1250286156147143, 0.1250286156147143, 0.1250286156147143, 0.1250286156147143, 0.1250286156147143, 0.1250286156147143, 0.12479969069700006]
after generate_random_mini_batch_seeds_list
time of batches_nid_list generation : 0.12736749649047852 sec
Epoch 1 pseudo_mini_loss sum 5.021049976348877


full batch graph output nodes length
196571
block_to_graph.dstdata
OUTPUT_NID.tolist()
196571

list for split-------------------------------------------------------------------------------------------
196571

-------------------------batches_nid_list ----------------------------------------------------------------
8
- -- -- --- -- -- --weights_list-- -- -- ------- -- -- -----
[0.1250286156147143, 0.1250286156147143, 0.1250286156147143, 0.1250286156147143, 0.1250286156147143, 0.1250286156147143, 0.1250286156147143, 0.12479969069700006]
after generate_random_mini_batch_seeds_list
time of batches_nid_list generation : 0.08687138557434082 sec
Epoch 2 pseudo_mini_loss sum 4.92415714263916


full batch graph output nodes length
196571
block_to_graph.dstdata
OUTPUT_NID.tolist()
196571

list for split-------------------------------------------------------------------------------------------
196571

-------------------------batches_nid_list ----------------------------------------------------------------
8
- -- -- --- -- -- --weights_list-- -- -- ------- -- -- -----
[0.1250286156147143, 0.1250286156147143, 0.1250286156147143, 0.1250286156147143, 0.1250286156147143, 0.1250286156147143, 0.1250286156147143, 0.12479969069700006]
after generate_random_mini_batch_seeds_list
time of batches_nid_list generation : 0.08548426628112793 sec
Epoch 3 pseudo_mini_loss sum 4.832828044891357


full batch graph output nodes length
196571
block_to_graph.dstdata
OUTPUT_NID.tolist()
196571

list for split-------------------------------------------------------------------------------------------
196571

-------------------------batches_nid_list ----------------------------------------------------------------
8
- -- -- --- -- -- --weights_list-- -- -- ------- -- -- -----
[0.1250286156147143, 0.1250286156147143, 0.1250286156147143, 0.1250286156147143, 0.1250286156147143, 0.1250286156147143, 0.1250286156147143, 0.12479969069700006]
after generate_random_mini_batch_seeds_list
time of batches_nid_list generation : 0.08591771125793457 sec
Epoch 4 pseudo_mini_loss sum 4.740787982940674


full batch graph output nodes length
196571
block_to_graph.dstdata
OUTPUT_NID.tolist()
196571

list for split-------------------------------------------------------------------------------------------
196571

-------------------------batches_nid_list ----------------------------------------------------------------
8
- -- -- --- -- -- --weights_list-- -- -- ------- -- -- -----
[0.1250286156147143, 0.1250286156147143, 0.1250286156147143, 0.1250286156147143, 0.1250286156147143, 0.1250286156147143, 0.1250286156147143, 0.12479969069700006]
after generate_random_mini_batch_seeds_list
time of batches_nid_list generation : 0.08431315422058105 sec
Epoch 5 pseudo_mini_loss sum 4.649148941040039
Eval Acc 0.0400
train Acc 0.0402
Test Acc: 0.0335
