main start at this time 1630672247.3662937
before load_data step Time(s): 0.0018
load ogbn-products
-------------------------------------------------------------data = DglNodePropPredDataset(name=name)*************************** step Time(s): 1.5331
finish loading ogbn-products
-------------------------------------------------------------splitted_idx = data.get_idx_split()*************************** step Time(s): 0.2574
-------------------------------------------------------------graph, labels = data[0]*************************** step Time(s): 4.3771
tensor([[0],
        [1],
        [2],
        ...,
        [8],
        [2],
        [4]])
graph after remove self connected edges
Graph(num_nodes=2449029, num_edges=123718024,
      ndata_schemes={'feat': Scheme(shape=(100,), dtype=torch.float32)}
      edata_schemes={})
-------------------------------------------------------------labels = labels[:, 0]*************************** step Time(s): 0.0011
-------------------------------------------------------------graph.ndata['features'] = graph.ndata['feat']*************************** step Time(s): 0.0002
-------------------------------------------------graph.ndata['labels'] = labels****************** step Time(s): 0.0001
-------------------------------------------------train_nid, val_nid, test_nid = splitted_idx****************** step Time(s): 0.0548
-------------------------------------------------end of load ogb****************** step Time(s): 0.0048
finish constructing ogbn-products
load ogb-products time total: 6.228582143783569
#nodes: 2449029
#edges: 123718024
#classes: 47
after load_dataset step Time(s): 6.3422
after inductive else step Time(s): 0.0001
args.data_cpu
False
after label step Time(s): 4.6178
after train_g.create_formats_() step Time(s): 3.0107
after pack data step Time(s): 11.7265


full batch graph output nodes length
196571
block_to_graph.dstdata
OUTPUT_NID.tolist()
196571

list for split-------------------------------------------------------------------------------------------
196571

-------------------------batches_nid_list ----------------------------------------------------------------
16
- -- -- --- -- -- --weights_list-- -- -- ------- -- -- -----
[0.06251685141755396, 0.06251685141755396, 0.06251685141755396, 0.06251685141755396, 0.06251685141755396, 0.06251685141755396, 0.06251685141755396, 0.06251685141755396, 0.06251685141755396, 0.06251685141755396, 0.06251685141755396, 0.06251685141755396, 0.06251685141755396, 0.06251685141755396, 0.06251685141755396, 0.06224722873669056]
after generate_random_mini_batch_seeds_list
time of batches_nid_list generation : 0.09083247184753418 sec
Epoch 0 pseudo_mini_loss sum 4.8631744384765625


full batch graph output nodes length
196571
block_to_graph.dstdata
OUTPUT_NID.tolist()
196571

list for split-------------------------------------------------------------------------------------------
196571

-------------------------batches_nid_list ----------------------------------------------------------------
16
- -- -- --- -- -- --weights_list-- -- -- ------- -- -- -----
[0.06251685141755396, 0.06251685141755396, 0.06251685141755396, 0.06251685141755396, 0.06251685141755396, 0.06251685141755396, 0.06251685141755396, 0.06251685141755396, 0.06251685141755396, 0.06251685141755396, 0.06251685141755396, 0.06251685141755396, 0.06251685141755396, 0.06251685141755396, 0.06251685141755396, 0.06224722873669056]
after generate_random_mini_batch_seeds_list
time of batches_nid_list generation : 0.0811622142791748 sec
Epoch 1 pseudo_mini_loss sum 4.67225456237793


full batch graph output nodes length
196571
block_to_graph.dstdata
OUTPUT_NID.tolist()
196571

list for split-------------------------------------------------------------------------------------------
196571

-------------------------batches_nid_list ----------------------------------------------------------------
16
- -- -- --- -- -- --weights_list-- -- -- ------- -- -- -----
[0.06251685141755396, 0.06251685141755396, 0.06251685141755396, 0.06251685141755396, 0.06251685141755396, 0.06251685141755396, 0.06251685141755396, 0.06251685141755396, 0.06251685141755396, 0.06251685141755396, 0.06251685141755396, 0.06251685141755396, 0.06251685141755396, 0.06251685141755396, 0.06251685141755396, 0.06224722873669056]
after generate_random_mini_batch_seeds_list
time of batches_nid_list generation : 0.09078383445739746 sec
Epoch 2 pseudo_mini_loss sum 4.484355926513672


full batch graph output nodes length
196571
block_to_graph.dstdata
OUTPUT_NID.tolist()
196571

list for split-------------------------------------------------------------------------------------------
196571

-------------------------batches_nid_list ----------------------------------------------------------------
16
- -- -- --- -- -- --weights_list-- -- -- ------- -- -- -----
[0.06251685141755396, 0.06251685141755396, 0.06251685141755396, 0.06251685141755396, 0.06251685141755396, 0.06251685141755396, 0.06251685141755396, 0.06251685141755396, 0.06251685141755396, 0.06251685141755396, 0.06251685141755396, 0.06251685141755396, 0.06251685141755396, 0.06251685141755396, 0.06251685141755396, 0.06224722873669056]
after generate_random_mini_batch_seeds_list
time of batches_nid_list generation : 0.0853426456451416 sec
Epoch 3 pseudo_mini_loss sum 4.293026924133301


full batch graph output nodes length
196571
block_to_graph.dstdata
OUTPUT_NID.tolist()
196571

list for split-------------------------------------------------------------------------------------------
196571

-------------------------batches_nid_list ----------------------------------------------------------------
16
- -- -- --- -- -- --weights_list-- -- -- ------- -- -- -----
[0.06251685141755396, 0.06251685141755396, 0.06251685141755396, 0.06251685141755396, 0.06251685141755396, 0.06251685141755396, 0.06251685141755396, 0.06251685141755396, 0.06251685141755396, 0.06251685141755396, 0.06251685141755396, 0.06251685141755396, 0.06251685141755396, 0.06251685141755396, 0.06251685141755396, 0.06224722873669056]
after generate_random_mini_batch_seeds_list
time of batches_nid_list generation : 0.08219170570373535 sec
Epoch 4 pseudo_mini_loss sum 4.090673446655273


full batch graph output nodes length
196571
block_to_graph.dstdata
OUTPUT_NID.tolist()
196571

list for split-------------------------------------------------------------------------------------------
196571

-------------------------batches_nid_list ----------------------------------------------------------------
16
- -- -- --- -- -- --weights_list-- -- -- ------- -- -- -----
[0.06251685141755396, 0.06251685141755396, 0.06251685141755396, 0.06251685141755396, 0.06251685141755396, 0.06251685141755396, 0.06251685141755396, 0.06251685141755396, 0.06251685141755396, 0.06251685141755396, 0.06251685141755396, 0.06251685141755396, 0.06251685141755396, 0.06251685141755396, 0.06251685141755396, 0.06224722873669056]
after generate_random_mini_batch_seeds_list
time of batches_nid_list generation : 0.07925820350646973 sec
Epoch 5 pseudo_mini_loss sum 3.872164726257324
Eval Acc 0.0902
train Acc 0.0915
Test Acc: 0.0758
