main start at this time 1630966671.0761347
before load_data step Time(s): 0.0017
load ogbn-products
-------------------------------------------------------------data = DglNodePropPredDataset(name=name)*************************** step Time(s): 1.5167
finish loading ogbn-products
-------------------------------------------------------------splitted_idx = data.get_idx_split()*************************** step Time(s): 0.2636
-------------------------------------------------------------graph, labels = data[0]*************************** step Time(s): 4.2363
tensor([[0],
        [1],
        [2],
        ...,
        [8],
        [2],
        [4]])
graph after remove self connected edges
Graph(num_nodes=2449029, num_edges=123718024,
      ndata_schemes={'feat': Scheme(shape=(100,), dtype=torch.float32)}
      edata_schemes={})
-------------------------------------------------------------labels = labels[:, 0]*************************** step Time(s): 0.0014
-------------------------------------------------------------graph.ndata['features'] = graph.ndata['feat']*************************** step Time(s): 0.0002
-------------------------------------------------graph.ndata['labels'] = labels****************** step Time(s): 0.0001
-------------------------------------------------train_nid, val_nid, test_nid = splitted_idx****************** step Time(s): 0.0601
-------------------------------------------------end of load ogb****************** step Time(s): 0.0042
finish constructing ogbn-products
load ogb-products time total: 6.082554340362549
#nodes: 2449029
#edges: 123718024
#classes: 47
after load_dataset step Time(s): 6.1919
after inductive else step Time(s): 0.0001
args.data_cpu
False
after label step Time(s): 4.6489
after train_g.create_formats_() step Time(s): 2.3935
after pack data step Time(s): 11.2476
Epoch 0
----main run function: start generate block_dataloader from full batch train graph


full batch graph output nodes length
196571
block_to_graph.dstdata
OUTPUT_NID.tolist()
196571

list for split-------------------------------------------------------------------------------------------
196571

-------------------------batches_nid_list ----------------------------------------------------------------
1
- -- -- --- -- -- --weights_list-- -- -- ------- -- -- -----
[1.0]
after generate_random_mini_batch_seeds_list
time of batches_nid_list generation : 0.08438658714294434 sec
----main run function: block dataloader generation total spend   3.707521438598633
length of block dataloader
1
current Epoch training on CPU without block data loder Time(s): 1.7966
pseudo_mini_loss  4.863076686859131
pseudo_mini_loss sum 4.863076686859131
Epoch 00000 | Step 00000 | Loss 4.8631 | Train Acc 0.0194 | Speed (samples/sec) nan | GPU 13.8970 GB
		avg iteration(step) data from cpu to GPU time:526.67218018 ms
		avg iteration GPU training time:812.62359619 ms
		avg iteration (step) total cpu time:1339.72883224 ms
Epoch 1
----main run function: start generate block_dataloader from full batch train graph


full batch graph output nodes length
196571
block_to_graph.dstdata
OUTPUT_NID.tolist()
196571

list for split-------------------------------------------------------------------------------------------
196571

-------------------------batches_nid_list ----------------------------------------------------------------
1
- -- -- --- -- -- --weights_list-- -- -- ------- -- -- -----
[1.0]
after generate_random_mini_batch_seeds_list
time of batches_nid_list generation : 0.09076356887817383 sec
----main run function: block dataloader generation total spend   4.239011287689209
length of block dataloader
1
current Epoch training on CPU without block data loder Time(s): 1.0937
pseudo_mini_loss  4.672438144683838
pseudo_mini_loss sum 4.672438144683838
		avg iteration(step) data from cpu to GPU time:267.23977661 ms
		avg iteration GPU training time:384.14865112 ms
		avg iteration (step) total cpu time:653.81598473 ms
Epoch 2
----main run function: start generate block_dataloader from full batch train graph


full batch graph output nodes length
196571
block_to_graph.dstdata
OUTPUT_NID.tolist()
196571

list for split-------------------------------------------------------------------------------------------
196571

-------------------------batches_nid_list ----------------------------------------------------------------
1
- -- -- --- -- -- --weights_list-- -- -- ------- -- -- -----
[1.0]
after generate_random_mini_batch_seeds_list
time of batches_nid_list generation : 0.0926063060760498 sec
----main run function: block dataloader generation total spend   4.214310646057129
length of block dataloader
1
current Epoch training on CPU without block data loder Time(s): 1.0983
pseudo_mini_loss  4.484099864959717
pseudo_mini_loss sum 4.484099864959717
		avg iteration(step) data from cpu to GPU time:303.70559692 ms
		avg iteration GPU training time:344.66122437 ms
		avg iteration (step) total cpu time:651.22723579 ms
Epoch 3
----main run function: start generate block_dataloader from full batch train graph


full batch graph output nodes length
196571
block_to_graph.dstdata
OUTPUT_NID.tolist()
196571

list for split-------------------------------------------------------------------------------------------
196571

-------------------------batches_nid_list ----------------------------------------------------------------
1
- -- -- --- -- -- --weights_list-- -- -- ------- -- -- -----
[1.0]
after generate_random_mini_batch_seeds_list
time of batches_nid_list generation : 0.09083843231201172 sec
----main run function: block dataloader generation total spend   4.3047404289245605
length of block dataloader
1
current Epoch training on CPU without block data loder Time(s): 1.0744
pseudo_mini_loss  4.292428970336914
pseudo_mini_loss sum 4.292428970336914
		avg iteration(step) data from cpu to GPU time:291.52542114 ms
		avg iteration GPU training time:339.83618164 ms
		avg iteration (step) total cpu time:634.22274590 ms
Epoch 4
----main run function: start generate block_dataloader from full batch train graph


full batch graph output nodes length
196571
block_to_graph.dstdata
OUTPUT_NID.tolist()
196571

list for split-------------------------------------------------------------------------------------------
196571

-------------------------batches_nid_list ----------------------------------------------------------------
1
- -- -- --- -- -- --weights_list-- -- -- ------- -- -- -----
[1.0]
after generate_random_mini_batch_seeds_list
time of batches_nid_list generation : 0.0913245677947998 sec
----main run function: block dataloader generation total spend   4.219682455062866
length of block dataloader
1
current Epoch training on CPU without block data loder Time(s): 1.0441
pseudo_mini_loss  4.091761112213135
pseudo_mini_loss sum 4.091761112213135
		avg iteration(step) data from cpu to GPU time:242.34661865 ms
		avg iteration GPU training time:355.15396118 ms
		avg iteration (step) total cpu time:600.31414032 ms
Epoch 5
----main run function: start generate block_dataloader from full batch train graph


full batch graph output nodes length
196571
block_to_graph.dstdata
OUTPUT_NID.tolist()
196571

list for split-------------------------------------------------------------------------------------------
196571

-------------------------batches_nid_list ----------------------------------------------------------------
1
- -- -- --- -- -- --weights_list-- -- -- ------- -- -- -----
[1.0]
after generate_random_mini_batch_seeds_list
time of batches_nid_list generation : 0.08960604667663574 sec
----main run function: block dataloader generation total spend   3.8128066062927246
length of block dataloader
1
current Epoch training on CPU without block data loder Time(s): 1.0788
pseudo_mini_loss  3.872802972793579
pseudo_mini_loss sum 3.872802972793579
Epoch 00005 | Step 00000 | Loss 3.8728 | Train Acc 0.1699 | Speed (samples/sec) 184761.3305 | GPU 13.9309 GB
		avg iteration(step) data from cpu to GPU time:287.08825684 ms
		avg iteration GPU training time:340.97000122 ms
		avg iteration (step) total cpu time:630.69438934 ms
	total avg iteration(step) data from cpu to GPU time:0.28116647 s
	total avg iteration GPU training time:0.34515534 s
	total avg iteration (step) total cpu time:0.62911463 s

total avg epoch training  total cpu time:1.07390583 s

total avg block generate cpu time:4.13788503 second
