main start at this time 1630644435.1802692
before load_data step Time(s): 0.0018
load ogbn-products
-------------------------------------------------------------data = DglNodePropPredDataset(name=name)*************************** step Time(s): 1.5162
finish loading ogbn-products
-------------------------------------------------------------splitted_idx = data.get_idx_split()*************************** step Time(s): 0.2620
-------------------------------------------------------------graph, labels = data[0]*************************** step Time(s): 4.0956
tensor([[0],
        [1],
        [2],
        ...,
        [8],
        [2],
        [4]])
graph after remove self connected edges
Graph(num_nodes=2449029, num_edges=123718024,
      ndata_schemes={'feat': Scheme(shape=(100,), dtype=torch.float32)}
      edata_schemes={})
-------------------------------------------------------------labels = labels[:, 0]*************************** step Time(s): 0.0010
-------------------------------------------------------------graph.ndata['features'] = graph.ndata['feat']*************************** step Time(s): 0.0001
-------------------------------------------------graph.ndata['labels'] = labels****************** step Time(s): 0.0001
-------------------------------------------------train_nid, val_nid, test_nid = splitted_idx****************** step Time(s): 0.0551
-------------------------------------------------end of load ogb****************** step Time(s): 0.0045
finish constructing ogbn-products
load ogb-products time total: 5.934637784957886
#nodes: 2449029
#edges: 123718024
#classes: 47
after load_dataset step Time(s): 6.0467
after inductive else step Time(s): 0.0001
args.data_cpu
False
after label step Time(s): 4.4846
after train_g.create_formats_() step Time(s): 2.4613
after pack data step Time(s): 11.3534


full batch graph output nodes length
196571
block_to_graph.dstdata
OUTPUT_NID.tolist()
196571

list for split-------------------------------------------------------------------------------------------
196571

-------------------------batches_nid_list ----------------------------------------------------------------
16
- -- -- --- -- -- --weights_list-- -- -- ------- -- -- -----
[0.06251685141755396, 0.06251685141755396, 0.06251685141755396, 0.06251685141755396, 0.06251685141755396, 0.06251685141755396, 0.06251685141755396, 0.06251685141755396, 0.06251685141755396, 0.06251685141755396, 0.06251685141755396, 0.06251685141755396, 0.06251685141755396, 0.06251685141755396, 0.06251685141755396, 0.06224722873669056]
after generate_random_mini_batch_seeds_list
time of batches_nid_list generation : 0.09496808052062988 sec
Epoch 0 pseudo_mini_loss sum 5.1195454597473145


full batch graph output nodes length
196571
block_to_graph.dstdata
OUTPUT_NID.tolist()
196571

list for split-------------------------------------------------------------------------------------------
196571

-------------------------batches_nid_list ----------------------------------------------------------------
16
- -- -- --- -- -- --weights_list-- -- -- ------- -- -- -----
[0.06251685141755396, 0.06251685141755396, 0.06251685141755396, 0.06251685141755396, 0.06251685141755396, 0.06251685141755396, 0.06251685141755396, 0.06251685141755396, 0.06251685141755396, 0.06251685141755396, 0.06251685141755396, 0.06251685141755396, 0.06251685141755396, 0.06251685141755396, 0.06251685141755396, 0.06224722873669056]
after generate_random_mini_batch_seeds_list
time of batches_nid_list generation : 0.09844446182250977 sec
Epoch 1 pseudo_mini_loss sum 5.022583961486816


full batch graph output nodes length
196571
block_to_graph.dstdata
OUTPUT_NID.tolist()
196571

list for split-------------------------------------------------------------------------------------------
196571

-------------------------batches_nid_list ----------------------------------------------------------------
16
- -- -- --- -- -- --weights_list-- -- -- ------- -- -- -----
[0.06251685141755396, 0.06251685141755396, 0.06251685141755396, 0.06251685141755396, 0.06251685141755396, 0.06251685141755396, 0.06251685141755396, 0.06251685141755396, 0.06251685141755396, 0.06251685141755396, 0.06251685141755396, 0.06251685141755396, 0.06251685141755396, 0.06251685141755396, 0.06251685141755396, 0.06224722873669056]
after generate_random_mini_batch_seeds_list
time of batches_nid_list generation : 0.08463811874389648 sec
Epoch 2 pseudo_mini_loss sum 4.922880172729492


full batch graph output nodes length
196571
block_to_graph.dstdata
OUTPUT_NID.tolist()
196571

list for split-------------------------------------------------------------------------------------------
196571

-------------------------batches_nid_list ----------------------------------------------------------------
16
- -- -- --- -- -- --weights_list-- -- -- ------- -- -- -----
[0.06251685141755396, 0.06251685141755396, 0.06251685141755396, 0.06251685141755396, 0.06251685141755396, 0.06251685141755396, 0.06251685141755396, 0.06251685141755396, 0.06251685141755396, 0.06251685141755396, 0.06251685141755396, 0.06251685141755396, 0.06251685141755396, 0.06251685141755396, 0.06251685141755396, 0.06224722873669056]
after generate_random_mini_batch_seeds_list
time of batches_nid_list generation : 0.08549833297729492 sec
Epoch 3 pseudo_mini_loss sum 4.832327365875244


full batch graph output nodes length
196571
block_to_graph.dstdata
OUTPUT_NID.tolist()
196571

list for split-------------------------------------------------------------------------------------------
196571

-------------------------batches_nid_list ----------------------------------------------------------------
16
- -- -- --- -- -- --weights_list-- -- -- ------- -- -- -----
[0.06251685141755396, 0.06251685141755396, 0.06251685141755396, 0.06251685141755396, 0.06251685141755396, 0.06251685141755396, 0.06251685141755396, 0.06251685141755396, 0.06251685141755396, 0.06251685141755396, 0.06251685141755396, 0.06251685141755396, 0.06251685141755396, 0.06251685141755396, 0.06251685141755396, 0.06224722873669056]
after generate_random_mini_batch_seeds_list
time of batches_nid_list generation : 0.08292508125305176 sec
Epoch 4 pseudo_mini_loss sum 4.736158847808838


full batch graph output nodes length
196571
block_to_graph.dstdata
OUTPUT_NID.tolist()
196571

list for split-------------------------------------------------------------------------------------------
196571

-------------------------batches_nid_list ----------------------------------------------------------------
16
- -- -- --- -- -- --weights_list-- -- -- ------- -- -- -----
[0.06251685141755396, 0.06251685141755396, 0.06251685141755396, 0.06251685141755396, 0.06251685141755396, 0.06251685141755396, 0.06251685141755396, 0.06251685141755396, 0.06251685141755396, 0.06251685141755396, 0.06251685141755396, 0.06251685141755396, 0.06251685141755396, 0.06251685141755396, 0.06251685141755396, 0.06224722873669056]
after generate_random_mini_batch_seeds_list
time of batches_nid_list generation : 0.13790225982666016 sec
Epoch 5 pseudo_mini_loss sum 4.64951229095459
Eval Acc 0.0398
train Acc 0.0402
Test Acc: 0.0335
