main start at this time 1630643931.8918571
before load_data step Time(s): 0.0017
load ogbn-products
-------------------------------------------------------------data = DglNodePropPredDataset(name=name)*************************** step Time(s): 1.3202
finish loading ogbn-products
-------------------------------------------------------------splitted_idx = data.get_idx_split()*************************** step Time(s): 0.2582
-------------------------------------------------------------graph, labels = data[0]*************************** step Time(s): 4.1636
tensor([[0],
        [1],
        [2],
        ...,
        [8],
        [2],
        [4]])
graph after remove self connected edges
Graph(num_nodes=2449029, num_edges=123718024,
      ndata_schemes={'feat': Scheme(shape=(100,), dtype=torch.float32)}
      edata_schemes={})
-------------------------------------------------------------labels = labels[:, 0]*************************** step Time(s): 0.0009
-------------------------------------------------------------graph.ndata['features'] = graph.ndata['feat']*************************** step Time(s): 0.0002
-------------------------------------------------graph.ndata['labels'] = labels****************** step Time(s): 0.0001
-------------------------------------------------train_nid, val_nid, test_nid = splitted_idx****************** step Time(s): 0.0538
-------------------------------------------------end of load ogb****************** step Time(s): 0.0036
finish constructing ogbn-products
load ogb-products time total: 5.800391912460327
#nodes: 2449029
#edges: 123718024
#classes: 47
after load_dataset step Time(s): 5.8930
after inductive else step Time(s): 0.0001
args.data_cpu
False
after label step Time(s): 4.6527
after train_g.create_formats_() step Time(s): 2.6690
after pack data step Time(s): 11.2263


full batch graph output nodes length
196571
block_to_graph.dstdata
OUTPUT_NID.tolist()
196571

list for split-------------------------------------------------------------------------------------------
196571

-------------------------batches_nid_list ----------------------------------------------------------------
1
- -- -- --- -- -- --weights_list-- -- -- ------- -- -- -----
[1.0]
after generate_random_mini_batch_seeds_list
time of batches_nid_list generation : 0.08932781219482422 sec
Epoch 0 pseudo_mini_loss sum 5.117624759674072


full batch graph output nodes length
196571
block_to_graph.dstdata
OUTPUT_NID.tolist()
196571

list for split-------------------------------------------------------------------------------------------
196571

-------------------------batches_nid_list ----------------------------------------------------------------
1
- -- -- --- -- -- --weights_list-- -- -- ------- -- -- -----
[1.0]
after generate_random_mini_batch_seeds_list
time of batches_nid_list generation : 0.08606767654418945 sec
Epoch 1 pseudo_mini_loss sum 5.022198677062988


full batch graph output nodes length
196571
block_to_graph.dstdata
OUTPUT_NID.tolist()
196571

list for split-------------------------------------------------------------------------------------------
196571

-------------------------batches_nid_list ----------------------------------------------------------------
1
- -- -- --- -- -- --weights_list-- -- -- ------- -- -- -----
[1.0]
after generate_random_mini_batch_seeds_list
time of batches_nid_list generation : 0.08986783027648926 sec
Epoch 2 pseudo_mini_loss sum 4.925886631011963


full batch graph output nodes length
196571
block_to_graph.dstdata
OUTPUT_NID.tolist()
196571

list for split-------------------------------------------------------------------------------------------
196571

-------------------------batches_nid_list ----------------------------------------------------------------
1
- -- -- --- -- -- --weights_list-- -- -- ------- -- -- -----
[1.0]
after generate_random_mini_batch_seeds_list
time of batches_nid_list generation : 0.09178519248962402 sec
Epoch 3 pseudo_mini_loss sum 4.829712390899658


full batch graph output nodes length
196571
block_to_graph.dstdata
OUTPUT_NID.tolist()
196571

list for split-------------------------------------------------------------------------------------------
196571

-------------------------batches_nid_list ----------------------------------------------------------------
1
- -- -- --- -- -- --weights_list-- -- -- ------- -- -- -----
[1.0]
after generate_random_mini_batch_seeds_list
time of batches_nid_list generation : 0.09388113021850586 sec
Epoch 4 pseudo_mini_loss sum 4.739791393280029


full batch graph output nodes length
196571
block_to_graph.dstdata
OUTPUT_NID.tolist()
196571

list for split-------------------------------------------------------------------------------------------
196571

-------------------------batches_nid_list ----------------------------------------------------------------
1
- -- -- --- -- -- --weights_list-- -- -- ------- -- -- -----
[1.0]
after generate_random_mini_batch_seeds_list
time of batches_nid_list generation : 0.16982197761535645 sec
Epoch 5 pseudo_mini_loss sum 4.648468017578125
Eval Acc 0.0398
train Acc 0.0402
Test Acc: 0.0335
