main start at this time 1630645162.264336
before load_data step Time(s): 0.0018
load ogbn-products
-------------------------------------------------------------data = DglNodePropPredDataset(name=name)*************************** step Time(s): 1.5240
finish loading ogbn-products
-------------------------------------------------------------splitted_idx = data.get_idx_split()*************************** step Time(s): 0.2590
-------------------------------------------------------------graph, labels = data[0]*************************** step Time(s): 4.1005
tensor([[0],
        [1],
        [2],
        ...,
        [8],
        [2],
        [4]])
graph after remove self connected edges
Graph(num_nodes=2449029, num_edges=123718024,
      ndata_schemes={'feat': Scheme(shape=(100,), dtype=torch.float32)}
      edata_schemes={})
-------------------------------------------------------------labels = labels[:, 0]*************************** step Time(s): 0.0009
-------------------------------------------------------------graph.ndata['features'] = graph.ndata['feat']*************************** step Time(s): 0.0001
-------------------------------------------------graph.ndata['labels'] = labels****************** step Time(s): 0.0001
-------------------------------------------------train_nid, val_nid, test_nid = splitted_idx****************** step Time(s): 0.0525
-------------------------------------------------end of load ogb****************** step Time(s): 0.0039
finish constructing ogbn-products
load ogb-products time total: 5.941018342971802
#nodes: 2449029
#edges: 123718024
#classes: 47
after load_dataset step Time(s): 6.0468
after inductive else step Time(s): 0.0001
args.data_cpu
False
after label step Time(s): 4.4155
after train_g.create_formats_() step Time(s): 2.7241
after pack data step Time(s): 11.4932


full batch graph output nodes length
196571
block_to_graph.dstdata
OUTPUT_NID.tolist()
196571

list for split-------------------------------------------------------------------------------------------
196571

-------------------------batches_nid_list ----------------------------------------------------------------
132
- -- -- --- -- -- --weights_list-- -- -- ------- -- -- -----
[0.007630830590473671, 0.007630830590473671, 0.007630830590473671, 0.007630830590473671, 0.007630830590473671, 0.007630830590473671, 0.007630830590473671, 0.007630830590473671, 0.007630830590473671, 0.007630830590473671, 0.007630830590473671, 0.007630830590473671, 0.007630830590473671, 0.007630830590473671, 0.007630830590473671, 0.007630830590473671, 0.007630830590473671, 0.007630830590473671, 0.007630830590473671, 0.007630830590473671, 0.007630830590473671, 0.007630830590473671, 0.007630830590473671, 0.007630830590473671, 0.007630830590473671, 0.007630830590473671, 0.007630830590473671, 0.007630830590473671, 0.007630830590473671, 0.007630830590473671, 0.007630830590473671, 0.007630830590473671, 0.007630830590473671, 0.007630830590473671, 0.007630830590473671, 0.007630830590473671, 0.007630830590473671, 0.007630830590473671, 0.007630830590473671, 0.007630830590473671, 0.007630830590473671, 0.007630830590473671, 0.007630830590473671, 0.007630830590473671, 0.007630830590473671, 0.007630830590473671, 0.007630830590473671, 0.007630830590473671, 0.007630830590473671, 0.007630830590473671, 0.007630830590473671, 0.007630830590473671, 0.007630830590473671, 0.007630830590473671, 0.007630830590473671, 0.007630830590473671, 0.007630830590473671, 0.007630830590473671, 0.007630830590473671, 0.007630830590473671, 0.007630830590473671, 0.007630830590473671, 0.007630830590473671, 0.007630830590473671, 0.007630830590473671, 0.007630830590473671, 0.007630830590473671, 0.007630830590473671, 0.007630830590473671, 0.007630830590473671, 0.007630830590473671, 0.007630830590473671, 0.007630830590473671, 0.007630830590473671, 0.007630830590473671, 0.007630830590473671, 0.007630830590473671, 0.007630830590473671, 0.007630830590473671, 0.007630830590473671, 0.007630830590473671, 0.007630830590473671, 0.007630830590473671, 0.007630830590473671, 0.007630830590473671, 0.007630830590473671, 0.007630830590473671, 0.007630830590473671, 0.007630830590473671, 0.007630830590473671, 0.007630830590473671, 0.007630830590473671, 0.007630830590473671, 0.007630830590473671, 0.007630830590473671, 0.007630830590473671, 0.007630830590473671, 0.007630830590473671, 0.007630830590473671, 0.007630830590473671, 0.007630830590473671, 0.007630830590473671, 0.007630830590473671, 0.007630830590473671, 0.007630830590473671, 0.007630830590473671, 0.007630830590473671, 0.007630830590473671, 0.007630830590473671, 0.007630830590473671, 0.007630830590473671, 0.007630830590473671, 0.007630830590473671, 0.007630830590473671, 0.007630830590473671, 0.007630830590473671, 0.007630830590473671, 0.007630830590473671, 0.007630830590473671, 0.007630830590473671, 0.007630830590473671, 0.007630830590473671, 0.007630830590473671, 0.007630830590473671, 0.007630830590473671, 0.007630830590473671, 0.007630830590473671, 0.007630830590473671, 0.007630830590473671, 0.007630830590473671, 0.007630830590473671, 0.0003611926479490871]
after generate_random_mini_batch_seeds_list
time of batches_nid_list generation : 0.08870506286621094 sec
Epoch 0 pseudo_mini_loss sum 5.119157791137695


full batch graph output nodes length
196571
block_to_graph.dstdata
OUTPUT_NID.tolist()
196571

list for split-------------------------------------------------------------------------------------------
196571

-------------------------batches_nid_list ----------------------------------------------------------------
132
- -- -- --- -- -- --weights_list-- -- -- ------- -- -- -----
[0.007630830590473671, 0.007630830590473671, 0.007630830590473671, 0.007630830590473671, 0.007630830590473671, 0.007630830590473671, 0.007630830590473671, 0.007630830590473671, 0.007630830590473671, 0.007630830590473671, 0.007630830590473671, 0.007630830590473671, 0.007630830590473671, 0.007630830590473671, 0.007630830590473671, 0.007630830590473671, 0.007630830590473671, 0.007630830590473671, 0.007630830590473671, 0.007630830590473671, 0.007630830590473671, 0.007630830590473671, 0.007630830590473671, 0.007630830590473671, 0.007630830590473671, 0.007630830590473671, 0.007630830590473671, 0.007630830590473671, 0.007630830590473671, 0.007630830590473671, 0.007630830590473671, 0.007630830590473671, 0.007630830590473671, 0.007630830590473671, 0.007630830590473671, 0.007630830590473671, 0.007630830590473671, 0.007630830590473671, 0.007630830590473671, 0.007630830590473671, 0.007630830590473671, 0.007630830590473671, 0.007630830590473671, 0.007630830590473671, 0.007630830590473671, 0.007630830590473671, 0.007630830590473671, 0.007630830590473671, 0.007630830590473671, 0.007630830590473671, 0.007630830590473671, 0.007630830590473671, 0.007630830590473671, 0.007630830590473671, 0.007630830590473671, 0.007630830590473671, 0.007630830590473671, 0.007630830590473671, 0.007630830590473671, 0.007630830590473671, 0.007630830590473671, 0.007630830590473671, 0.007630830590473671, 0.007630830590473671, 0.007630830590473671, 0.007630830590473671, 0.007630830590473671, 0.007630830590473671, 0.007630830590473671, 0.007630830590473671, 0.007630830590473671, 0.007630830590473671, 0.007630830590473671, 0.007630830590473671, 0.007630830590473671, 0.007630830590473671, 0.007630830590473671, 0.007630830590473671, 0.007630830590473671, 0.007630830590473671, 0.007630830590473671, 0.007630830590473671, 0.007630830590473671, 0.007630830590473671, 0.007630830590473671, 0.007630830590473671, 0.007630830590473671, 0.007630830590473671, 0.007630830590473671, 0.007630830590473671, 0.007630830590473671, 0.007630830590473671, 0.007630830590473671, 0.007630830590473671, 0.007630830590473671, 0.007630830590473671, 0.007630830590473671, 0.007630830590473671, 0.007630830590473671, 0.007630830590473671, 0.007630830590473671, 0.007630830590473671, 0.007630830590473671, 0.007630830590473671, 0.007630830590473671, 0.007630830590473671, 0.007630830590473671, 0.007630830590473671, 0.007630830590473671, 0.007630830590473671, 0.007630830590473671, 0.007630830590473671, 0.007630830590473671, 0.007630830590473671, 0.007630830590473671, 0.007630830590473671, 0.007630830590473671, 0.007630830590473671, 0.007630830590473671, 0.007630830590473671, 0.007630830590473671, 0.007630830590473671, 0.007630830590473671, 0.007630830590473671, 0.007630830590473671, 0.007630830590473671, 0.007630830590473671, 0.007630830590473671, 0.007630830590473671, 0.007630830590473671, 0.007630830590473671, 0.0003611926479490871]
after generate_random_mini_batch_seeds_list
time of batches_nid_list generation : 0.08108639717102051 sec
Epoch 1 pseudo_mini_loss sum 5.02186918258667


full batch graph output nodes length
196571
block_to_graph.dstdata
OUTPUT_NID.tolist()
196571

list for split-------------------------------------------------------------------------------------------
196571

-------------------------batches_nid_list ----------------------------------------------------------------
132
- -- -- --- -- -- --weights_list-- -- -- ------- -- -- -----
[0.007630830590473671, 0.007630830590473671, 0.007630830590473671, 0.007630830590473671, 0.007630830590473671, 0.007630830590473671, 0.007630830590473671, 0.007630830590473671, 0.007630830590473671, 0.007630830590473671, 0.007630830590473671, 0.007630830590473671, 0.007630830590473671, 0.007630830590473671, 0.007630830590473671, 0.007630830590473671, 0.007630830590473671, 0.007630830590473671, 0.007630830590473671, 0.007630830590473671, 0.007630830590473671, 0.007630830590473671, 0.007630830590473671, 0.007630830590473671, 0.007630830590473671, 0.007630830590473671, 0.007630830590473671, 0.007630830590473671, 0.007630830590473671, 0.007630830590473671, 0.007630830590473671, 0.007630830590473671, 0.007630830590473671, 0.007630830590473671, 0.007630830590473671, 0.007630830590473671, 0.007630830590473671, 0.007630830590473671, 0.007630830590473671, 0.007630830590473671, 0.007630830590473671, 0.007630830590473671, 0.007630830590473671, 0.007630830590473671, 0.007630830590473671, 0.007630830590473671, 0.007630830590473671, 0.007630830590473671, 0.007630830590473671, 0.007630830590473671, 0.007630830590473671, 0.007630830590473671, 0.007630830590473671, 0.007630830590473671, 0.007630830590473671, 0.007630830590473671, 0.007630830590473671, 0.007630830590473671, 0.007630830590473671, 0.007630830590473671, 0.007630830590473671, 0.007630830590473671, 0.007630830590473671, 0.007630830590473671, 0.007630830590473671, 0.007630830590473671, 0.007630830590473671, 0.007630830590473671, 0.007630830590473671, 0.007630830590473671, 0.007630830590473671, 0.007630830590473671, 0.007630830590473671, 0.007630830590473671, 0.007630830590473671, 0.007630830590473671, 0.007630830590473671, 0.007630830590473671, 0.007630830590473671, 0.007630830590473671, 0.007630830590473671, 0.007630830590473671, 0.007630830590473671, 0.007630830590473671, 0.007630830590473671, 0.007630830590473671, 0.007630830590473671, 0.007630830590473671, 0.007630830590473671, 0.007630830590473671, 0.007630830590473671, 0.007630830590473671, 0.007630830590473671, 0.007630830590473671, 0.007630830590473671, 0.007630830590473671, 0.007630830590473671, 0.007630830590473671, 0.007630830590473671, 0.007630830590473671, 0.007630830590473671, 0.007630830590473671, 0.007630830590473671, 0.007630830590473671, 0.007630830590473671, 0.007630830590473671, 0.007630830590473671, 0.007630830590473671, 0.007630830590473671, 0.007630830590473671, 0.007630830590473671, 0.007630830590473671, 0.007630830590473671, 0.007630830590473671, 0.007630830590473671, 0.007630830590473671, 0.007630830590473671, 0.007630830590473671, 0.007630830590473671, 0.007630830590473671, 0.007630830590473671, 0.007630830590473671, 0.007630830590473671, 0.007630830590473671, 0.007630830590473671, 0.007630830590473671, 0.007630830590473671, 0.007630830590473671, 0.007630830590473671, 0.007630830590473671, 0.007630830590473671, 0.0003611926479490871]
after generate_random_mini_batch_seeds_list
time of batches_nid_list generation : 0.07674264907836914 sec
Epoch 2 pseudo_mini_loss sum 4.927270889282227


full batch graph output nodes length
196571
block_to_graph.dstdata
OUTPUT_NID.tolist()
196571

list for split-------------------------------------------------------------------------------------------
196571

-------------------------batches_nid_list ----------------------------------------------------------------
132
- -- -- --- -- -- --weights_list-- -- -- ------- -- -- -----
[0.007630830590473671, 0.007630830590473671, 0.007630830590473671, 0.007630830590473671, 0.007630830590473671, 0.007630830590473671, 0.007630830590473671, 0.007630830590473671, 0.007630830590473671, 0.007630830590473671, 0.007630830590473671, 0.007630830590473671, 0.007630830590473671, 0.007630830590473671, 0.007630830590473671, 0.007630830590473671, 0.007630830590473671, 0.007630830590473671, 0.007630830590473671, 0.007630830590473671, 0.007630830590473671, 0.007630830590473671, 0.007630830590473671, 0.007630830590473671, 0.007630830590473671, 0.007630830590473671, 0.007630830590473671, 0.007630830590473671, 0.007630830590473671, 0.007630830590473671, 0.007630830590473671, 0.007630830590473671, 0.007630830590473671, 0.007630830590473671, 0.007630830590473671, 0.007630830590473671, 0.007630830590473671, 0.007630830590473671, 0.007630830590473671, 0.007630830590473671, 0.007630830590473671, 0.007630830590473671, 0.007630830590473671, 0.007630830590473671, 0.007630830590473671, 0.007630830590473671, 0.007630830590473671, 0.007630830590473671, 0.007630830590473671, 0.007630830590473671, 0.007630830590473671, 0.007630830590473671, 0.007630830590473671, 0.007630830590473671, 0.007630830590473671, 0.007630830590473671, 0.007630830590473671, 0.007630830590473671, 0.007630830590473671, 0.007630830590473671, 0.007630830590473671, 0.007630830590473671, 0.007630830590473671, 0.007630830590473671, 0.007630830590473671, 0.007630830590473671, 0.007630830590473671, 0.007630830590473671, 0.007630830590473671, 0.007630830590473671, 0.007630830590473671, 0.007630830590473671, 0.007630830590473671, 0.007630830590473671, 0.007630830590473671, 0.007630830590473671, 0.007630830590473671, 0.007630830590473671, 0.007630830590473671, 0.007630830590473671, 0.007630830590473671, 0.007630830590473671, 0.007630830590473671, 0.007630830590473671, 0.007630830590473671, 0.007630830590473671, 0.007630830590473671, 0.007630830590473671, 0.007630830590473671, 0.007630830590473671, 0.007630830590473671, 0.007630830590473671, 0.007630830590473671, 0.007630830590473671, 0.007630830590473671, 0.007630830590473671, 0.007630830590473671, 0.007630830590473671, 0.007630830590473671, 0.007630830590473671, 0.007630830590473671, 0.007630830590473671, 0.007630830590473671, 0.007630830590473671, 0.007630830590473671, 0.007630830590473671, 0.007630830590473671, 0.007630830590473671, 0.007630830590473671, 0.007630830590473671, 0.007630830590473671, 0.007630830590473671, 0.007630830590473671, 0.007630830590473671, 0.007630830590473671, 0.007630830590473671, 0.007630830590473671, 0.007630830590473671, 0.007630830590473671, 0.007630830590473671, 0.007630830590473671, 0.007630830590473671, 0.007630830590473671, 0.007630830590473671, 0.007630830590473671, 0.007630830590473671, 0.007630830590473671, 0.007630830590473671, 0.007630830590473671, 0.007630830590473671, 0.007630830590473671, 0.0003611926479490871]
after generate_random_mini_batch_seeds_list
time of batches_nid_list generation : 0.085784912109375 sec
Epoch 3 pseudo_mini_loss sum 4.829817295074463


full batch graph output nodes length
196571
block_to_graph.dstdata
OUTPUT_NID.tolist()
196571

list for split-------------------------------------------------------------------------------------------
196571

-------------------------batches_nid_list ----------------------------------------------------------------
132
- -- -- --- -- -- --weights_list-- -- -- ------- -- -- -----
[0.007630830590473671, 0.007630830590473671, 0.007630830590473671, 0.007630830590473671, 0.007630830590473671, 0.007630830590473671, 0.007630830590473671, 0.007630830590473671, 0.007630830590473671, 0.007630830590473671, 0.007630830590473671, 0.007630830590473671, 0.007630830590473671, 0.007630830590473671, 0.007630830590473671, 0.007630830590473671, 0.007630830590473671, 0.007630830590473671, 0.007630830590473671, 0.007630830590473671, 0.007630830590473671, 0.007630830590473671, 0.007630830590473671, 0.007630830590473671, 0.007630830590473671, 0.007630830590473671, 0.007630830590473671, 0.007630830590473671, 0.007630830590473671, 0.007630830590473671, 0.007630830590473671, 0.007630830590473671, 0.007630830590473671, 0.007630830590473671, 0.007630830590473671, 0.007630830590473671, 0.007630830590473671, 0.007630830590473671, 0.007630830590473671, 0.007630830590473671, 0.007630830590473671, 0.007630830590473671, 0.007630830590473671, 0.007630830590473671, 0.007630830590473671, 0.007630830590473671, 0.007630830590473671, 0.007630830590473671, 0.007630830590473671, 0.007630830590473671, 0.007630830590473671, 0.007630830590473671, 0.007630830590473671, 0.007630830590473671, 0.007630830590473671, 0.007630830590473671, 0.007630830590473671, 0.007630830590473671, 0.007630830590473671, 0.007630830590473671, 0.007630830590473671, 0.007630830590473671, 0.007630830590473671, 0.007630830590473671, 0.007630830590473671, 0.007630830590473671, 0.007630830590473671, 0.007630830590473671, 0.007630830590473671, 0.007630830590473671, 0.007630830590473671, 0.007630830590473671, 0.007630830590473671, 0.007630830590473671, 0.007630830590473671, 0.007630830590473671, 0.007630830590473671, 0.007630830590473671, 0.007630830590473671, 0.007630830590473671, 0.007630830590473671, 0.007630830590473671, 0.007630830590473671, 0.007630830590473671, 0.007630830590473671, 0.007630830590473671, 0.007630830590473671, 0.007630830590473671, 0.007630830590473671, 0.007630830590473671, 0.007630830590473671, 0.007630830590473671, 0.007630830590473671, 0.007630830590473671, 0.007630830590473671, 0.007630830590473671, 0.007630830590473671, 0.007630830590473671, 0.007630830590473671, 0.007630830590473671, 0.007630830590473671, 0.007630830590473671, 0.007630830590473671, 0.007630830590473671, 0.007630830590473671, 0.007630830590473671, 0.007630830590473671, 0.007630830590473671, 0.007630830590473671, 0.007630830590473671, 0.007630830590473671, 0.007630830590473671, 0.007630830590473671, 0.007630830590473671, 0.007630830590473671, 0.007630830590473671, 0.007630830590473671, 0.007630830590473671, 0.007630830590473671, 0.007630830590473671, 0.007630830590473671, 0.007630830590473671, 0.007630830590473671, 0.007630830590473671, 0.007630830590473671, 0.007630830590473671, 0.007630830590473671, 0.007630830590473671, 0.007630830590473671, 0.007630830590473671, 0.007630830590473671, 0.0003611926479490871]
after generate_random_mini_batch_seeds_list
time of batches_nid_list generation : 0.08278822898864746 sec
Epoch 4 pseudo_mini_loss sum 4.73966646194458


full batch graph output nodes length
196571
block_to_graph.dstdata
OUTPUT_NID.tolist()
196571

list for split-------------------------------------------------------------------------------------------
196571

-------------------------batches_nid_list ----------------------------------------------------------------
132
- -- -- --- -- -- --weights_list-- -- -- ------- -- -- -----
[0.007630830590473671, 0.007630830590473671, 0.007630830590473671, 0.007630830590473671, 0.007630830590473671, 0.007630830590473671, 0.007630830590473671, 0.007630830590473671, 0.007630830590473671, 0.007630830590473671, 0.007630830590473671, 0.007630830590473671, 0.007630830590473671, 0.007630830590473671, 0.007630830590473671, 0.007630830590473671, 0.007630830590473671, 0.007630830590473671, 0.007630830590473671, 0.007630830590473671, 0.007630830590473671, 0.007630830590473671, 0.007630830590473671, 0.007630830590473671, 0.007630830590473671, 0.007630830590473671, 0.007630830590473671, 0.007630830590473671, 0.007630830590473671, 0.007630830590473671, 0.007630830590473671, 0.007630830590473671, 0.007630830590473671, 0.007630830590473671, 0.007630830590473671, 0.007630830590473671, 0.007630830590473671, 0.007630830590473671, 0.007630830590473671, 0.007630830590473671, 0.007630830590473671, 0.007630830590473671, 0.007630830590473671, 0.007630830590473671, 0.007630830590473671, 0.007630830590473671, 0.007630830590473671, 0.007630830590473671, 0.007630830590473671, 0.007630830590473671, 0.007630830590473671, 0.007630830590473671, 0.007630830590473671, 0.007630830590473671, 0.007630830590473671, 0.007630830590473671, 0.007630830590473671, 0.007630830590473671, 0.007630830590473671, 0.007630830590473671, 0.007630830590473671, 0.007630830590473671, 0.007630830590473671, 0.007630830590473671, 0.007630830590473671, 0.007630830590473671, 0.007630830590473671, 0.007630830590473671, 0.007630830590473671, 0.007630830590473671, 0.007630830590473671, 0.007630830590473671, 0.007630830590473671, 0.007630830590473671, 0.007630830590473671, 0.007630830590473671, 0.007630830590473671, 0.007630830590473671, 0.007630830590473671, 0.007630830590473671, 0.007630830590473671, 0.007630830590473671, 0.007630830590473671, 0.007630830590473671, 0.007630830590473671, 0.007630830590473671, 0.007630830590473671, 0.007630830590473671, 0.007630830590473671, 0.007630830590473671, 0.007630830590473671, 0.007630830590473671, 0.007630830590473671, 0.007630830590473671, 0.007630830590473671, 0.007630830590473671, 0.007630830590473671, 0.007630830590473671, 0.007630830590473671, 0.007630830590473671, 0.007630830590473671, 0.007630830590473671, 0.007630830590473671, 0.007630830590473671, 0.007630830590473671, 0.007630830590473671, 0.007630830590473671, 0.007630830590473671, 0.007630830590473671, 0.007630830590473671, 0.007630830590473671, 0.007630830590473671, 0.007630830590473671, 0.007630830590473671, 0.007630830590473671, 0.007630830590473671, 0.007630830590473671, 0.007630830590473671, 0.007630830590473671, 0.007630830590473671, 0.007630830590473671, 0.007630830590473671, 0.007630830590473671, 0.007630830590473671, 0.007630830590473671, 0.007630830590473671, 0.007630830590473671, 0.007630830590473671, 0.007630830590473671, 0.007630830590473671, 0.007630830590473671, 0.0003611926479490871]
after generate_random_mini_batch_seeds_list
time of batches_nid_list generation : 0.07901144027709961 sec
Epoch 5 pseudo_mini_loss sum 4.648329734802246
Eval Acc 0.0398
train Acc 0.0402
Test Acc: 0.0335
