main start at this time 1630644830.638715
before load_data step Time(s): 0.0018
load ogbn-products
-------------------------------------------------------------data = DglNodePropPredDataset(name=name)*************************** step Time(s): 1.5169
finish loading ogbn-products
-------------------------------------------------------------splitted_idx = data.get_idx_split()*************************** step Time(s): 0.2578
-------------------------------------------------------------graph, labels = data[0]*************************** step Time(s): 4.1673
tensor([[0],
        [1],
        [2],
        ...,
        [8],
        [2],
        [4]])
graph after remove self connected edges
Graph(num_nodes=2449029, num_edges=123718024,
      ndata_schemes={'feat': Scheme(shape=(100,), dtype=torch.float32)}
      edata_schemes={})
-------------------------------------------------------------labels = labels[:, 0]*************************** step Time(s): 0.0011
-------------------------------------------------------------graph.ndata['features'] = graph.ndata['feat']*************************** step Time(s): 0.0002
-------------------------------------------------graph.ndata['labels'] = labels****************** step Time(s): 0.0001
-------------------------------------------------train_nid, val_nid, test_nid = splitted_idx****************** step Time(s): 0.0520
-------------------------------------------------end of load ogb****************** step Time(s): 0.0041
finish constructing ogbn-products
load ogb-products time total: 5.999505043029785
#nodes: 2449029
#edges: 123718024
#classes: 47
after load_dataset step Time(s): 6.1117
after inductive else step Time(s): 0.0001
args.data_cpu
False
after label step Time(s): 4.2966
after train_g.create_formats_() step Time(s): 2.9457
after pack data step Time(s): 11.3973


full batch graph output nodes length
196571
block_to_graph.dstdata
OUTPUT_NID.tolist()
196571

list for split-------------------------------------------------------------------------------------------
196571

-------------------------batches_nid_list ----------------------------------------------------------------
66
- -- -- --- -- -- --weights_list-- -- -- ------- -- -- -----
[0.015261661180947341, 0.015261661180947341, 0.015261661180947341, 0.015261661180947341, 0.015261661180947341, 0.015261661180947341, 0.015261661180947341, 0.015261661180947341, 0.015261661180947341, 0.015261661180947341, 0.015261661180947341, 0.015261661180947341, 0.015261661180947341, 0.015261661180947341, 0.015261661180947341, 0.015261661180947341, 0.015261661180947341, 0.015261661180947341, 0.015261661180947341, 0.015261661180947341, 0.015261661180947341, 0.015261661180947341, 0.015261661180947341, 0.015261661180947341, 0.015261661180947341, 0.015261661180947341, 0.015261661180947341, 0.015261661180947341, 0.015261661180947341, 0.015261661180947341, 0.015261661180947341, 0.015261661180947341, 0.015261661180947341, 0.015261661180947341, 0.015261661180947341, 0.015261661180947341, 0.015261661180947341, 0.015261661180947341, 0.015261661180947341, 0.015261661180947341, 0.015261661180947341, 0.015261661180947341, 0.015261661180947341, 0.015261661180947341, 0.015261661180947341, 0.015261661180947341, 0.015261661180947341, 0.015261661180947341, 0.015261661180947341, 0.015261661180947341, 0.015261661180947341, 0.015261661180947341, 0.015261661180947341, 0.015261661180947341, 0.015261661180947341, 0.015261661180947341, 0.015261661180947341, 0.015261661180947341, 0.015261661180947341, 0.015261661180947341, 0.015261661180947341, 0.015261661180947341, 0.015261661180947341, 0.015261661180947341, 0.015261661180947341, 0.007992023238422758]
after generate_random_mini_batch_seeds_list
time of batches_nid_list generation : 0.09331727027893066 sec
Epoch 0 pseudo_mini_loss sum 5.117556095123291


full batch graph output nodes length
196571
block_to_graph.dstdata
OUTPUT_NID.tolist()
196571

list for split-------------------------------------------------------------------------------------------
196571

-------------------------batches_nid_list ----------------------------------------------------------------
66
- -- -- --- -- -- --weights_list-- -- -- ------- -- -- -----
[0.015261661180947341, 0.015261661180947341, 0.015261661180947341, 0.015261661180947341, 0.015261661180947341, 0.015261661180947341, 0.015261661180947341, 0.015261661180947341, 0.015261661180947341, 0.015261661180947341, 0.015261661180947341, 0.015261661180947341, 0.015261661180947341, 0.015261661180947341, 0.015261661180947341, 0.015261661180947341, 0.015261661180947341, 0.015261661180947341, 0.015261661180947341, 0.015261661180947341, 0.015261661180947341, 0.015261661180947341, 0.015261661180947341, 0.015261661180947341, 0.015261661180947341, 0.015261661180947341, 0.015261661180947341, 0.015261661180947341, 0.015261661180947341, 0.015261661180947341, 0.015261661180947341, 0.015261661180947341, 0.015261661180947341, 0.015261661180947341, 0.015261661180947341, 0.015261661180947341, 0.015261661180947341, 0.015261661180947341, 0.015261661180947341, 0.015261661180947341, 0.015261661180947341, 0.015261661180947341, 0.015261661180947341, 0.015261661180947341, 0.015261661180947341, 0.015261661180947341, 0.015261661180947341, 0.015261661180947341, 0.015261661180947341, 0.015261661180947341, 0.015261661180947341, 0.015261661180947341, 0.015261661180947341, 0.015261661180947341, 0.015261661180947341, 0.015261661180947341, 0.015261661180947341, 0.015261661180947341, 0.015261661180947341, 0.015261661180947341, 0.015261661180947341, 0.015261661180947341, 0.015261661180947341, 0.015261661180947341, 0.015261661180947341, 0.007992023238422758]
after generate_random_mini_batch_seeds_list
time of batches_nid_list generation : 0.0857701301574707 sec
Epoch 1 pseudo_mini_loss sum 5.017969608306885


full batch graph output nodes length
196571
block_to_graph.dstdata
OUTPUT_NID.tolist()
196571

list for split-------------------------------------------------------------------------------------------
196571

-------------------------batches_nid_list ----------------------------------------------------------------
66
- -- -- --- -- -- --weights_list-- -- -- ------- -- -- -----
[0.015261661180947341, 0.015261661180947341, 0.015261661180947341, 0.015261661180947341, 0.015261661180947341, 0.015261661180947341, 0.015261661180947341, 0.015261661180947341, 0.015261661180947341, 0.015261661180947341, 0.015261661180947341, 0.015261661180947341, 0.015261661180947341, 0.015261661180947341, 0.015261661180947341, 0.015261661180947341, 0.015261661180947341, 0.015261661180947341, 0.015261661180947341, 0.015261661180947341, 0.015261661180947341, 0.015261661180947341, 0.015261661180947341, 0.015261661180947341, 0.015261661180947341, 0.015261661180947341, 0.015261661180947341, 0.015261661180947341, 0.015261661180947341, 0.015261661180947341, 0.015261661180947341, 0.015261661180947341, 0.015261661180947341, 0.015261661180947341, 0.015261661180947341, 0.015261661180947341, 0.015261661180947341, 0.015261661180947341, 0.015261661180947341, 0.015261661180947341, 0.015261661180947341, 0.015261661180947341, 0.015261661180947341, 0.015261661180947341, 0.015261661180947341, 0.015261661180947341, 0.015261661180947341, 0.015261661180947341, 0.015261661180947341, 0.015261661180947341, 0.015261661180947341, 0.015261661180947341, 0.015261661180947341, 0.015261661180947341, 0.015261661180947341, 0.015261661180947341, 0.015261661180947341, 0.015261661180947341, 0.015261661180947341, 0.015261661180947341, 0.015261661180947341, 0.015261661180947341, 0.015261661180947341, 0.015261661180947341, 0.015261661180947341, 0.007992023238422758]
after generate_random_mini_batch_seeds_list
time of batches_nid_list generation : 0.1484990119934082 sec
Epoch 2 pseudo_mini_loss sum 4.925670146942139


full batch graph output nodes length
196571
block_to_graph.dstdata
OUTPUT_NID.tolist()
196571

list for split-------------------------------------------------------------------------------------------
196571

-------------------------batches_nid_list ----------------------------------------------------------------
66
- -- -- --- -- -- --weights_list-- -- -- ------- -- -- -----
[0.015261661180947341, 0.015261661180947341, 0.015261661180947341, 0.015261661180947341, 0.015261661180947341, 0.015261661180947341, 0.015261661180947341, 0.015261661180947341, 0.015261661180947341, 0.015261661180947341, 0.015261661180947341, 0.015261661180947341, 0.015261661180947341, 0.015261661180947341, 0.015261661180947341, 0.015261661180947341, 0.015261661180947341, 0.015261661180947341, 0.015261661180947341, 0.015261661180947341, 0.015261661180947341, 0.015261661180947341, 0.015261661180947341, 0.015261661180947341, 0.015261661180947341, 0.015261661180947341, 0.015261661180947341, 0.015261661180947341, 0.015261661180947341, 0.015261661180947341, 0.015261661180947341, 0.015261661180947341, 0.015261661180947341, 0.015261661180947341, 0.015261661180947341, 0.015261661180947341, 0.015261661180947341, 0.015261661180947341, 0.015261661180947341, 0.015261661180947341, 0.015261661180947341, 0.015261661180947341, 0.015261661180947341, 0.015261661180947341, 0.015261661180947341, 0.015261661180947341, 0.015261661180947341, 0.015261661180947341, 0.015261661180947341, 0.015261661180947341, 0.015261661180947341, 0.015261661180947341, 0.015261661180947341, 0.015261661180947341, 0.015261661180947341, 0.015261661180947341, 0.015261661180947341, 0.015261661180947341, 0.015261661180947341, 0.015261661180947341, 0.015261661180947341, 0.015261661180947341, 0.015261661180947341, 0.015261661180947341, 0.015261661180947341, 0.007992023238422758]
after generate_random_mini_batch_seeds_list
time of batches_nid_list generation : 0.13779044151306152 sec
Epoch 3 pseudo_mini_loss sum 4.832849502563477


full batch graph output nodes length
196571
block_to_graph.dstdata
OUTPUT_NID.tolist()
196571

list for split-------------------------------------------------------------------------------------------
196571

-------------------------batches_nid_list ----------------------------------------------------------------
66
- -- -- --- -- -- --weights_list-- -- -- ------- -- -- -----
[0.015261661180947341, 0.015261661180947341, 0.015261661180947341, 0.015261661180947341, 0.015261661180947341, 0.015261661180947341, 0.015261661180947341, 0.015261661180947341, 0.015261661180947341, 0.015261661180947341, 0.015261661180947341, 0.015261661180947341, 0.015261661180947341, 0.015261661180947341, 0.015261661180947341, 0.015261661180947341, 0.015261661180947341, 0.015261661180947341, 0.015261661180947341, 0.015261661180947341, 0.015261661180947341, 0.015261661180947341, 0.015261661180947341, 0.015261661180947341, 0.015261661180947341, 0.015261661180947341, 0.015261661180947341, 0.015261661180947341, 0.015261661180947341, 0.015261661180947341, 0.015261661180947341, 0.015261661180947341, 0.015261661180947341, 0.015261661180947341, 0.015261661180947341, 0.015261661180947341, 0.015261661180947341, 0.015261661180947341, 0.015261661180947341, 0.015261661180947341, 0.015261661180947341, 0.015261661180947341, 0.015261661180947341, 0.015261661180947341, 0.015261661180947341, 0.015261661180947341, 0.015261661180947341, 0.015261661180947341, 0.015261661180947341, 0.015261661180947341, 0.015261661180947341, 0.015261661180947341, 0.015261661180947341, 0.015261661180947341, 0.015261661180947341, 0.015261661180947341, 0.015261661180947341, 0.015261661180947341, 0.015261661180947341, 0.015261661180947341, 0.015261661180947341, 0.015261661180947341, 0.015261661180947341, 0.015261661180947341, 0.015261661180947341, 0.007992023238422758]
after generate_random_mini_batch_seeds_list
time of batches_nid_list generation : 0.08411288261413574 sec
Epoch 4 pseudo_mini_loss sum 4.739704132080078


full batch graph output nodes length
196571
block_to_graph.dstdata
OUTPUT_NID.tolist()
196571

list for split-------------------------------------------------------------------------------------------
196571

-------------------------batches_nid_list ----------------------------------------------------------------
66
- -- -- --- -- -- --weights_list-- -- -- ------- -- -- -----
[0.015261661180947341, 0.015261661180947341, 0.015261661180947341, 0.015261661180947341, 0.015261661180947341, 0.015261661180947341, 0.015261661180947341, 0.015261661180947341, 0.015261661180947341, 0.015261661180947341, 0.015261661180947341, 0.015261661180947341, 0.015261661180947341, 0.015261661180947341, 0.015261661180947341, 0.015261661180947341, 0.015261661180947341, 0.015261661180947341, 0.015261661180947341, 0.015261661180947341, 0.015261661180947341, 0.015261661180947341, 0.015261661180947341, 0.015261661180947341, 0.015261661180947341, 0.015261661180947341, 0.015261661180947341, 0.015261661180947341, 0.015261661180947341, 0.015261661180947341, 0.015261661180947341, 0.015261661180947341, 0.015261661180947341, 0.015261661180947341, 0.015261661180947341, 0.015261661180947341, 0.015261661180947341, 0.015261661180947341, 0.015261661180947341, 0.015261661180947341, 0.015261661180947341, 0.015261661180947341, 0.015261661180947341, 0.015261661180947341, 0.015261661180947341, 0.015261661180947341, 0.015261661180947341, 0.015261661180947341, 0.015261661180947341, 0.015261661180947341, 0.015261661180947341, 0.015261661180947341, 0.015261661180947341, 0.015261661180947341, 0.015261661180947341, 0.015261661180947341, 0.015261661180947341, 0.015261661180947341, 0.015261661180947341, 0.015261661180947341, 0.015261661180947341, 0.015261661180947341, 0.015261661180947341, 0.015261661180947341, 0.015261661180947341, 0.007992023238422758]
after generate_random_mini_batch_seeds_list
time of batches_nid_list generation : 0.08194637298583984 sec
Epoch 5 pseudo_mini_loss sum 4.650280475616455
Eval Acc 0.0398
train Acc 0.0402
Test Acc: 0.0335
