main start at this time 1630644167.6503837
before load_data step Time(s): 0.0017
load ogbn-products
-------------------------------------------------------------data = DglNodePropPredDataset(name=name)*************************** step Time(s): 1.3229
finish loading ogbn-products
-------------------------------------------------------------splitted_idx = data.get_idx_split()*************************** step Time(s): 0.2538
-------------------------------------------------------------graph, labels = data[0]*************************** step Time(s): 4.0436
tensor([[0],
        [1],
        [2],
        ...,
        [8],
        [2],
        [4]])
graph after remove self connected edges
Graph(num_nodes=2449029, num_edges=123718024,
      ndata_schemes={'feat': Scheme(shape=(100,), dtype=torch.float32)}
      edata_schemes={})
-------------------------------------------------------------labels = labels[:, 0]*************************** step Time(s): 0.0012
-------------------------------------------------------------graph.ndata['features'] = graph.ndata['feat']*************************** step Time(s): 0.0002
-------------------------------------------------graph.ndata['labels'] = labels****************** step Time(s): 0.0001
-------------------------------------------------train_nid, val_nid, test_nid = splitted_idx****************** step Time(s): 0.0601
-------------------------------------------------end of load ogb****************** step Time(s): 0.0038
finish constructing ogbn-products
load ogb-products time total: 5.685805797576904
#nodes: 2449029
#edges: 123718024
#classes: 47
after load_dataset step Time(s): 5.7668
after inductive else step Time(s): 0.0001
args.data_cpu
False
after label step Time(s): 4.1959
after train_g.create_formats_() step Time(s): 3.1653
after pack data step Time(s): 11.6102


full batch graph output nodes length
196571
block_to_graph.dstdata
OUTPUT_NID.tolist()
196571

list for split-------------------------------------------------------------------------------------------
196571

-------------------------batches_nid_list ----------------------------------------------------------------
4
- -- -- --- -- -- --weights_list-- -- -- ------- -- -- -----
[0.2500572312294286, 0.2500572312294286, 0.2500572312294286, 0.24982830631171435]
after generate_random_mini_batch_seeds_list
time of batches_nid_list generation : 0.09005069732666016 sec
Epoch 0 pseudo_mini_loss sum 5.118512153625488


full batch graph output nodes length
196571
block_to_graph.dstdata
OUTPUT_NID.tolist()
196571

list for split-------------------------------------------------------------------------------------------
196571

-------------------------batches_nid_list ----------------------------------------------------------------
4
- -- -- --- -- -- --weights_list-- -- -- ------- -- -- -----
[0.2500572312294286, 0.2500572312294286, 0.2500572312294286, 0.24982830631171435]
after generate_random_mini_batch_seeds_list
time of batches_nid_list generation : 0.13606619834899902 sec
Epoch 1 pseudo_mini_loss sum 5.018925666809082


full batch graph output nodes length
196571
block_to_graph.dstdata
OUTPUT_NID.tolist()
196571

list for split-------------------------------------------------------------------------------------------
196571

-------------------------batches_nid_list ----------------------------------------------------------------
4
- -- -- --- -- -- --weights_list-- -- -- ------- -- -- -----
[0.2500572312294286, 0.2500572312294286, 0.2500572312294286, 0.24982830631171435]
after generate_random_mini_batch_seeds_list
time of batches_nid_list generation : 0.08640408515930176 sec
Epoch 2 pseudo_mini_loss sum 4.928447246551514


full batch graph output nodes length
196571
block_to_graph.dstdata
OUTPUT_NID.tolist()
196571

list for split-------------------------------------------------------------------------------------------
196571

-------------------------batches_nid_list ----------------------------------------------------------------
4
- -- -- --- -- -- --weights_list-- -- -- ------- -- -- -----
[0.2500572312294286, 0.2500572312294286, 0.2500572312294286, 0.24982830631171435]
after generate_random_mini_batch_seeds_list
time of batches_nid_list generation : 0.0893399715423584 sec
Epoch 3 pseudo_mini_loss sum 4.830854892730713


full batch graph output nodes length
196571
block_to_graph.dstdata
OUTPUT_NID.tolist()
196571

list for split-------------------------------------------------------------------------------------------
196571

-------------------------batches_nid_list ----------------------------------------------------------------
4
- -- -- --- -- -- --weights_list-- -- -- ------- -- -- -----
[0.2500572312294286, 0.2500572312294286, 0.2500572312294286, 0.24982830631171435]
after generate_random_mini_batch_seeds_list
time of batches_nid_list generation : 0.08208489418029785 sec
Epoch 4 pseudo_mini_loss sum 4.737774848937988


full batch graph output nodes length
196571
block_to_graph.dstdata
OUTPUT_NID.tolist()
196571

list for split-------------------------------------------------------------------------------------------
196571

-------------------------batches_nid_list ----------------------------------------------------------------
4
- -- -- --- -- -- --weights_list-- -- -- ------- -- -- -----
[0.2500572312294286, 0.2500572312294286, 0.2500572312294286, 0.24982830631171435]
after generate_random_mini_batch_seeds_list
time of batches_nid_list generation : 0.0837090015411377 sec
Epoch 5 pseudo_mini_loss sum 4.647387504577637
Eval Acc 0.0399
train Acc 0.0402
Test Acc: 0.0335
