main start at this time 1630644606.283232
before load_data step Time(s): 0.0018
load ogbn-products
-------------------------------------------------------------data = DglNodePropPredDataset(name=name)*************************** step Time(s): 1.5217
finish loading ogbn-products
-------------------------------------------------------------splitted_idx = data.get_idx_split()*************************** step Time(s): 0.2598
-------------------------------------------------------------graph, labels = data[0]*************************** step Time(s): 4.1115
tensor([[0],
        [1],
        [2],
        ...,
        [8],
        [2],
        [4]])
graph after remove self connected edges
Graph(num_nodes=2449029, num_edges=123718024,
      ndata_schemes={'feat': Scheme(shape=(100,), dtype=torch.float32)}
      edata_schemes={})
-------------------------------------------------------------labels = labels[:, 0]*************************** step Time(s): 0.0010
-------------------------------------------------------------graph.ndata['features'] = graph.ndata['feat']*************************** step Time(s): 0.0002
-------------------------------------------------graph.ndata['labels'] = labels****************** step Time(s): 0.0001
-------------------------------------------------train_nid, val_nid, test_nid = splitted_idx****************** step Time(s): 0.0542
-------------------------------------------------end of load ogb****************** step Time(s): 0.0047
finish constructing ogbn-products
load ogb-products time total: 5.952981233596802
#nodes: 2449029
#edges: 123718024
#classes: 47
after load_dataset step Time(s): 6.0533
after inductive else step Time(s): 0.0001
args.data_cpu
False
after label step Time(s): 5.0346
after train_g.create_formats_() step Time(s): 2.4296
after pack data step Time(s): 11.0889


full batch graph output nodes length
196571
block_to_graph.dstdata
OUTPUT_NID.tolist()
196571

list for split-------------------------------------------------------------------------------------------
196571

-------------------------batches_nid_list ----------------------------------------------------------------
32
- -- -- --- -- -- --weights_list-- -- -- ------- -- -- -----
[0.031769691358338716, 0.031769691358338716, 0.031769691358338716, 0.031769691358338716, 0.031769691358338716, 0.031769691358338716, 0.031769691358338716, 0.031769691358338716, 0.031769691358338716, 0.031769691358338716, 0.031769691358338716, 0.031769691358338716, 0.031769691358338716, 0.031769691358338716, 0.031769691358338716, 0.031769691358338716, 0.031769691358338716, 0.031769691358338716, 0.031769691358338716, 0.031769691358338716, 0.031769691358338716, 0.031769691358338716, 0.031769691358338716, 0.031769691358338716, 0.031769691358338716, 0.031769691358338716, 0.031769691358338716, 0.031769691358338716, 0.031769691358338716, 0.031769691358338716, 0.031769691358338716, 0.015139567891499764]
after generate_random_mini_batch_seeds_list
time of batches_nid_list generation : 0.09338212013244629 sec
Epoch 0 pseudo_mini_loss sum 5.119278907775879


full batch graph output nodes length
196571
block_to_graph.dstdata
OUTPUT_NID.tolist()
196571

list for split-------------------------------------------------------------------------------------------
196571

-------------------------batches_nid_list ----------------------------------------------------------------
32
- -- -- --- -- -- --weights_list-- -- -- ------- -- -- -----
[0.031769691358338716, 0.031769691358338716, 0.031769691358338716, 0.031769691358338716, 0.031769691358338716, 0.031769691358338716, 0.031769691358338716, 0.031769691358338716, 0.031769691358338716, 0.031769691358338716, 0.031769691358338716, 0.031769691358338716, 0.031769691358338716, 0.031769691358338716, 0.031769691358338716, 0.031769691358338716, 0.031769691358338716, 0.031769691358338716, 0.031769691358338716, 0.031769691358338716, 0.031769691358338716, 0.031769691358338716, 0.031769691358338716, 0.031769691358338716, 0.031769691358338716, 0.031769691358338716, 0.031769691358338716, 0.031769691358338716, 0.031769691358338716, 0.031769691358338716, 0.031769691358338716, 0.015139567891499764]
after generate_random_mini_batch_seeds_list
time of batches_nid_list generation : 0.08722233772277832 sec
Epoch 1 pseudo_mini_loss sum 5.02202844619751


full batch graph output nodes length
196571
block_to_graph.dstdata
OUTPUT_NID.tolist()
196571

list for split-------------------------------------------------------------------------------------------
196571

-------------------------batches_nid_list ----------------------------------------------------------------
32
- -- -- --- -- -- --weights_list-- -- -- ------- -- -- -----
[0.031769691358338716, 0.031769691358338716, 0.031769691358338716, 0.031769691358338716, 0.031769691358338716, 0.031769691358338716, 0.031769691358338716, 0.031769691358338716, 0.031769691358338716, 0.031769691358338716, 0.031769691358338716, 0.031769691358338716, 0.031769691358338716, 0.031769691358338716, 0.031769691358338716, 0.031769691358338716, 0.031769691358338716, 0.031769691358338716, 0.031769691358338716, 0.031769691358338716, 0.031769691358338716, 0.031769691358338716, 0.031769691358338716, 0.031769691358338716, 0.031769691358338716, 0.031769691358338716, 0.031769691358338716, 0.031769691358338716, 0.031769691358338716, 0.031769691358338716, 0.031769691358338716, 0.015139567891499764]
after generate_random_mini_batch_seeds_list
time of batches_nid_list generation : 0.1411881446838379 sec
Epoch 2 pseudo_mini_loss sum 4.925896644592285


full batch graph output nodes length
196571
block_to_graph.dstdata
OUTPUT_NID.tolist()
196571

list for split-------------------------------------------------------------------------------------------
196571

-------------------------batches_nid_list ----------------------------------------------------------------
32
- -- -- --- -- -- --weights_list-- -- -- ------- -- -- -----
[0.031769691358338716, 0.031769691358338716, 0.031769691358338716, 0.031769691358338716, 0.031769691358338716, 0.031769691358338716, 0.031769691358338716, 0.031769691358338716, 0.031769691358338716, 0.031769691358338716, 0.031769691358338716, 0.031769691358338716, 0.031769691358338716, 0.031769691358338716, 0.031769691358338716, 0.031769691358338716, 0.031769691358338716, 0.031769691358338716, 0.031769691358338716, 0.031769691358338716, 0.031769691358338716, 0.031769691358338716, 0.031769691358338716, 0.031769691358338716, 0.031769691358338716, 0.031769691358338716, 0.031769691358338716, 0.031769691358338716, 0.031769691358338716, 0.031769691358338716, 0.031769691358338716, 0.015139567891499764]
after generate_random_mini_batch_seeds_list
time of batches_nid_list generation : 0.0859842300415039 sec
Epoch 3 pseudo_mini_loss sum 4.834079742431641


full batch graph output nodes length
196571
block_to_graph.dstdata
OUTPUT_NID.tolist()
196571

list for split-------------------------------------------------------------------------------------------
196571

-------------------------batches_nid_list ----------------------------------------------------------------
32
- -- -- --- -- -- --weights_list-- -- -- ------- -- -- -----
[0.031769691358338716, 0.031769691358338716, 0.031769691358338716, 0.031769691358338716, 0.031769691358338716, 0.031769691358338716, 0.031769691358338716, 0.031769691358338716, 0.031769691358338716, 0.031769691358338716, 0.031769691358338716, 0.031769691358338716, 0.031769691358338716, 0.031769691358338716, 0.031769691358338716, 0.031769691358338716, 0.031769691358338716, 0.031769691358338716, 0.031769691358338716, 0.031769691358338716, 0.031769691358338716, 0.031769691358338716, 0.031769691358338716, 0.031769691358338716, 0.031769691358338716, 0.031769691358338716, 0.031769691358338716, 0.031769691358338716, 0.031769691358338716, 0.031769691358338716, 0.031769691358338716, 0.015139567891499764]
after generate_random_mini_batch_seeds_list
time of batches_nid_list generation : 0.08281850814819336 sec
Epoch 4 pseudo_mini_loss sum 4.738317489624023


full batch graph output nodes length
196571
block_to_graph.dstdata
OUTPUT_NID.tolist()
196571

list for split-------------------------------------------------------------------------------------------
196571

-------------------------batches_nid_list ----------------------------------------------------------------
32
- -- -- --- -- -- --weights_list-- -- -- ------- -- -- -----
[0.031769691358338716, 0.031769691358338716, 0.031769691358338716, 0.031769691358338716, 0.031769691358338716, 0.031769691358338716, 0.031769691358338716, 0.031769691358338716, 0.031769691358338716, 0.031769691358338716, 0.031769691358338716, 0.031769691358338716, 0.031769691358338716, 0.031769691358338716, 0.031769691358338716, 0.031769691358338716, 0.031769691358338716, 0.031769691358338716, 0.031769691358338716, 0.031769691358338716, 0.031769691358338716, 0.031769691358338716, 0.031769691358338716, 0.031769691358338716, 0.031769691358338716, 0.031769691358338716, 0.031769691358338716, 0.031769691358338716, 0.031769691358338716, 0.031769691358338716, 0.031769691358338716, 0.015139567891499764]
after generate_random_mini_batch_seeds_list
time of batches_nid_list generation : 0.08246135711669922 sec
Epoch 5 pseudo_mini_loss sum 4.6485724449157715
Eval Acc 0.0398
train Acc 0.0402
Test Acc: 0.0335
