main start at this time 1630644049.274798
before load_data step Time(s): 0.0017
load ogbn-products
-------------------------------------------------------------data = DglNodePropPredDataset(name=name)*************************** step Time(s): 1.5119
finish loading ogbn-products
-------------------------------------------------------------splitted_idx = data.get_idx_split()*************************** step Time(s): 0.2577
-------------------------------------------------------------graph, labels = data[0]*************************** step Time(s): 4.2296
tensor([[0],
        [1],
        [2],
        ...,
        [8],
        [2],
        [4]])
graph after remove self connected edges
Graph(num_nodes=2449029, num_edges=123718024,
      ndata_schemes={'feat': Scheme(shape=(100,), dtype=torch.float32)}
      edata_schemes={})
-------------------------------------------------------------labels = labels[:, 0]*************************** step Time(s): 0.0009
-------------------------------------------------------------graph.ndata['features'] = graph.ndata['feat']*************************** step Time(s): 0.0002
-------------------------------------------------graph.ndata['labels'] = labels****************** step Time(s): 0.0001
-------------------------------------------------train_nid, val_nid, test_nid = splitted_idx****************** step Time(s): 0.0551
-------------------------------------------------end of load ogb****************** step Time(s): 0.0047
finish constructing ogbn-products
load ogb-products time total: 6.0601983070373535
#nodes: 2449029
#edges: 123718024
#classes: 47
after load_dataset step Time(s): 6.1715
after inductive else step Time(s): 0.0001
args.data_cpu
False
after label step Time(s): 4.6414
after train_g.create_formats_() step Time(s): 3.1491
after pack data step Time(s): 11.8513


full batch graph output nodes length
196571
block_to_graph.dstdata
OUTPUT_NID.tolist()
196571

list for split-------------------------------------------------------------------------------------------
196571

-------------------------batches_nid_list ----------------------------------------------------------------
2
- -- -- --- -- -- --weights_list-- -- -- ------- -- -- -----
[0.5001144624588572, 0.4998855375411429]
after generate_random_mini_batch_seeds_list
time of batches_nid_list generation : 0.09670591354370117 sec
Epoch 0 pseudo_mini_loss sum 5.118683815002441


full batch graph output nodes length
196571
block_to_graph.dstdata
OUTPUT_NID.tolist()
196571

list for split-------------------------------------------------------------------------------------------
196571

-------------------------batches_nid_list ----------------------------------------------------------------
2
- -- -- --- -- -- --weights_list-- -- -- ------- -- -- -----
[0.5001144624588572, 0.4998855375411429]
after generate_random_mini_batch_seeds_list
time of batches_nid_list generation : 0.09321427345275879 sec
Epoch 1 pseudo_mini_loss sum 5.022181987762451


full batch graph output nodes length
196571
block_to_graph.dstdata
OUTPUT_NID.tolist()
196571

list for split-------------------------------------------------------------------------------------------
196571

-------------------------batches_nid_list ----------------------------------------------------------------
2
- -- -- --- -- -- --weights_list-- -- -- ------- -- -- -----
[0.5001144624588572, 0.4998855375411429]
after generate_random_mini_batch_seeds_list
time of batches_nid_list generation : 0.08905720710754395 sec
Epoch 2 pseudo_mini_loss sum 4.923621654510498


full batch graph output nodes length
196571
block_to_graph.dstdata
OUTPUT_NID.tolist()
196571

list for split-------------------------------------------------------------------------------------------
196571

-------------------------batches_nid_list ----------------------------------------------------------------
2
- -- -- --- -- -- --weights_list-- -- -- ------- -- -- -----
[0.5001144624588572, 0.4998855375411429]
after generate_random_mini_batch_seeds_list
time of batches_nid_list generation : 0.08700394630432129 sec
Epoch 3 pseudo_mini_loss sum 4.8328118324279785


full batch graph output nodes length
196571
block_to_graph.dstdata
OUTPUT_NID.tolist()
196571

list for split-------------------------------------------------------------------------------------------
196571

-------------------------batches_nid_list ----------------------------------------------------------------
2
- -- -- --- -- -- --weights_list-- -- -- ------- -- -- -----
[0.5001144624588572, 0.4998855375411429]
after generate_random_mini_batch_seeds_list
time of batches_nid_list generation : 0.08796000480651855 sec
Epoch 4 pseudo_mini_loss sum 4.738613605499268


full batch graph output nodes length
196571
block_to_graph.dstdata
OUTPUT_NID.tolist()
196571

list for split-------------------------------------------------------------------------------------------
196571

-------------------------batches_nid_list ----------------------------------------------------------------
2
- -- -- --- -- -- --weights_list-- -- -- ------- -- -- -----
[0.5001144624588572, 0.4998855375411429]
after generate_random_mini_batch_seeds_list
time of batches_nid_list generation : 0.08995389938354492 sec
Epoch 5 pseudo_mini_loss sum 4.649179458618164
Eval Acc 0.0398
train Acc 0.0402
Test Acc: 0.0334
