main start at this time 1632126568.1971667
before load_data step Time(s): 0.0017
load ogbn-products
-------------------------------------------------------------data = DglNodePropPredDataset(name=name)*************************** step Time(s): 1.4657
finish loading ogbn-products
-------------------------------------------------------------splitted_idx = data.get_idx_split()*************************** step Time(s): 0.2737
-------------------------------------------------------------graph, labels = data[0]*************************** step Time(s): 4.0380
tensor([[0],
        [1],
        [2],
        ...,
        [8],
        [2],
        [4]])
graph after remove self connected edges
Graph(num_nodes=2449029, num_edges=123718024,
      ndata_schemes={'feat': Scheme(shape=(100,), dtype=torch.float32)}
      edata_schemes={})
-------------------------------------------------------------labels = labels[:, 0]*************************** step Time(s): 0.0011
-------------------------------------------------------------graph.ndata['features'] = graph.ndata['feat']*************************** step Time(s): 0.0002
-------------------------------------------------graph.ndata['labels'] = labels****************** step Time(s): 0.0001
-------------------------------------------------train_nid, val_nid, test_nid = splitted_idx****************** step Time(s): 0.0564
-------------------------------------------------end of load ogb****************** step Time(s): 0.0072
finish constructing ogbn-products
load ogb-products time total: 5.842375993728638
#nodes: 2449029
#edges: 123718024
#classes: 47
after load_dataset step Time(s): 5.9384
after inductive else step Time(s): 0.0001
args.data_cpu
False
after label step Time(s): 3.2220
after train_g.create_formats_() step Time(s): 3.7113
after pack data step Time(s): 12.8099

----main run function: start generate block_dataloader from full batch train graph
- -- -- --- -- -- --weights_list-- -- -- ------- -- -- -----
66
after generate_random_mini_batch_seeds_list
time of batches_nid_list generation : 0.15252017974853516 sec

 *************************************   src nid of full_batch_block_graph

 *************************************   dict_nid_2_local
full batch block_eids_global_list
1949041
res----------------------------------------

connection checking time 12.78366231918335
total of block generation time 2.0326263904571533
average of block generation time 0.03079736955238111

----main run function: block dataloader generation total spend   15.312885522842407

----main run function: start generate block_dataloader from full batch train graph
- -- -- --- -- -- --weights_list-- -- -- ------- -- -- -----
66
after generate_random_mini_batch_seeds_list
time of batches_nid_list generation : 0.11481738090515137 sec

 *************************************   src nid of full_batch_block_graph

 *************************************   dict_nid_2_local
full batch block_eids_global_list
1949041
res----------------------------------------

connection checking time 12.676169395446777
total of block generation time 2.307833194732666
average of block generation time 0.034967169617161606

----main run function: block dataloader generation total spend   15.552035093307495

----main run function: start generate block_dataloader from full batch train graph
- -- -- --- -- -- --weights_list-- -- -- ------- -- -- -----
66
after generate_random_mini_batch_seeds_list
time of batches_nid_list generation : 0.0845341682434082 sec

 *************************************   src nid of full_batch_block_graph

 *************************************   dict_nid_2_local
full batch block_eids_global_list
1949041
res----------------------------------------

connection checking time 12.722830533981323
total of block generation time 2.3338913917541504
average of block generation time 0.03536199078415379

----main run function: block dataloader generation total spend   15.664280652999878

----main run function: start generate block_dataloader from full batch train graph
- -- -- --- -- -- --weights_list-- -- -- ------- -- -- -----
66
after generate_random_mini_batch_seeds_list
time of batches_nid_list generation : 0.07689285278320312 sec

 *************************************   src nid of full_batch_block_graph

 *************************************   dict_nid_2_local
full batch block_eids_global_list
1949041
res----------------------------------------

connection checking time 12.527740716934204
total of block generation time 1.903932809829712
average of block generation time 0.028847466815601696

----main run function: block dataloader generation total spend   14.98550295829773

----main run function: start generate block_dataloader from full batch train graph
- -- -- --- -- -- --weights_list-- -- -- ------- -- -- -----
66
after generate_random_mini_batch_seeds_list
time of batches_nid_list generation : 0.09875035285949707 sec

 *************************************   src nid of full_batch_block_graph

 *************************************   dict_nid_2_local
full batch block_eids_global_list
1949041
res----------------------------------------

connection checking time 12.773232460021973
total of block generation time 1.9551138877868652
average of block generation time 0.029622937693740383

----main run function: block dataloader generation total spend   15.293989658355713

----main run function: start generate block_dataloader from full batch train graph
- -- -- --- -- -- --weights_list-- -- -- ------- -- -- -----
66
after generate_random_mini_batch_seeds_list
time of batches_nid_list generation : 0.07663559913635254 sec

 *************************************   src nid of full_batch_block_graph

 *************************************   dict_nid_2_local
full batch block_eids_global_list
1949041
res----------------------------------------

connection checking time 12.842718124389648
total of block generation time 1.8696949481964111
average of block generation time 0.02832871133630926

----main run function: block dataloader generation total spend   15.230204582214355
