main start at this time 1630668142.4624708
before load_data step Time(s): 0.0017
load ogbn-products
-------------------------------------------------------------data = DglNodePropPredDataset(name=name)*************************** step Time(s): 1.5277
finish loading ogbn-products
-------------------------------------------------------------splitted_idx = data.get_idx_split()*************************** step Time(s): 0.2594
-------------------------------------------------------------graph, labels = data[0]*************************** step Time(s): 4.1891
tensor([[0],
        [1],
        [2],
        ...,
        [8],
        [2],
        [4]])
graph after remove self connected edges
Graph(num_nodes=2449029, num_edges=123718024,
      ndata_schemes={'feat': Scheme(shape=(100,), dtype=torch.float32)}
      edata_schemes={})
-------------------------------------------------------------labels = labels[:, 0]*************************** step Time(s): 0.0009
-------------------------------------------------------------graph.ndata['features'] = graph.ndata['feat']*************************** step Time(s): 0.0001
-------------------------------------------------graph.ndata['labels'] = labels****************** step Time(s): 0.0001
-------------------------------------------------train_nid, val_nid, test_nid = splitted_idx****************** step Time(s): 0.0948
-------------------------------------------------end of load ogb****************** step Time(s): 0.0040
finish constructing ogbn-products
load ogb-products time total: 6.07618260383606
#nodes: 2449029
#edges: 123718024
#classes: 47
after load_dataset step Time(s): 6.1806
after inductive else step Time(s): 0.0001
args.data_cpu
False
after label step Time(s): 4.3273
after train_g.create_formats_() step Time(s): 2.3529
after pack data step Time(s): 10.4415


full batch graph output nodes length
196571
block_to_graph.dstdata
OUTPUT_NID.tolist()
196571

list for split-------------------------------------------------------------------------------------------
196571

-------------------------batches_nid_list ----------------------------------------------------------------
16
- -- -- --- -- -- --weights_list-- -- -- ------- -- -- -----
[0.06251685141755396, 0.06251685141755396, 0.06251685141755396, 0.06251685141755396, 0.06251685141755396, 0.06251685141755396, 0.06251685141755396, 0.06251685141755396, 0.06251685141755396, 0.06251685141755396, 0.06251685141755396, 0.06251685141755396, 0.06251685141755396, 0.06251685141755396, 0.06251685141755396, 0.06224722873669056]
after generate_random_mini_batch_seeds_list
time of batches_nid_list generation : 0.11195230484008789 sec
Epoch 0 pseudo_mini_loss sum 4.862995147705078


full batch graph output nodes length
196571
block_to_graph.dstdata
OUTPUT_NID.tolist()
196571

list for split-------------------------------------------------------------------------------------------
196571

-------------------------batches_nid_list ----------------------------------------------------------------
16
- -- -- --- -- -- --weights_list-- -- -- ------- -- -- -----
[0.06251685141755396, 0.06251685141755396, 0.06251685141755396, 0.06251685141755396, 0.06251685141755396, 0.06251685141755396, 0.06251685141755396, 0.06251685141755396, 0.06251685141755396, 0.06251685141755396, 0.06251685141755396, 0.06251685141755396, 0.06251685141755396, 0.06251685141755396, 0.06251685141755396, 0.06224722873669056]
after generate_random_mini_batch_seeds_list
time of batches_nid_list generation : 0.10720658302307129 sec
Epoch 1 pseudo_mini_loss sum 4.672562122344971


full batch graph output nodes length
196571
block_to_graph.dstdata
OUTPUT_NID.tolist()
196571

list for split-------------------------------------------------------------------------------------------
196571

-------------------------batches_nid_list ----------------------------------------------------------------
16
- -- -- --- -- -- --weights_list-- -- -- ------- -- -- -----
[0.06251685141755396, 0.06251685141755396, 0.06251685141755396, 0.06251685141755396, 0.06251685141755396, 0.06251685141755396, 0.06251685141755396, 0.06251685141755396, 0.06251685141755396, 0.06251685141755396, 0.06251685141755396, 0.06251685141755396, 0.06251685141755396, 0.06251685141755396, 0.06251685141755396, 0.06224722873669056]
after generate_random_mini_batch_seeds_list
time of batches_nid_list generation : 0.10544657707214355 sec
Epoch 2 pseudo_mini_loss sum 4.483869552612305


full batch graph output nodes length
196571
block_to_graph.dstdata
OUTPUT_NID.tolist()
196571

list for split-------------------------------------------------------------------------------------------
196571

-------------------------batches_nid_list ----------------------------------------------------------------
16
- -- -- --- -- -- --weights_list-- -- -- ------- -- -- -----
[0.06251685141755396, 0.06251685141755396, 0.06251685141755396, 0.06251685141755396, 0.06251685141755396, 0.06251685141755396, 0.06251685141755396, 0.06251685141755396, 0.06251685141755396, 0.06251685141755396, 0.06251685141755396, 0.06251685141755396, 0.06251685141755396, 0.06251685141755396, 0.06251685141755396, 0.06224722873669056]
after generate_random_mini_batch_seeds_list
time of batches_nid_list generation : 0.10762238502502441 sec
Epoch 3 pseudo_mini_loss sum 4.292529582977295


full batch graph output nodes length
196571
block_to_graph.dstdata
OUTPUT_NID.tolist()
196571

list for split-------------------------------------------------------------------------------------------
196571

-------------------------batches_nid_list ----------------------------------------------------------------
16
- -- -- --- -- -- --weights_list-- -- -- ------- -- -- -----
[0.06251685141755396, 0.06251685141755396, 0.06251685141755396, 0.06251685141755396, 0.06251685141755396, 0.06251685141755396, 0.06251685141755396, 0.06251685141755396, 0.06251685141755396, 0.06251685141755396, 0.06251685141755396, 0.06251685141755396, 0.06251685141755396, 0.06251685141755396, 0.06251685141755396, 0.06224722873669056]
after generate_random_mini_batch_seeds_list
time of batches_nid_list generation : 0.10477542877197266 sec
Epoch 4 pseudo_mini_loss sum 4.0910186767578125


full batch graph output nodes length
196571
block_to_graph.dstdata
OUTPUT_NID.tolist()
196571

list for split-------------------------------------------------------------------------------------------
196571

-------------------------batches_nid_list ----------------------------------------------------------------
16
- -- -- --- -- -- --weights_list-- -- -- ------- -- -- -----
[0.06251685141755396, 0.06251685141755396, 0.06251685141755396, 0.06251685141755396, 0.06251685141755396, 0.06251685141755396, 0.06251685141755396, 0.06251685141755396, 0.06251685141755396, 0.06251685141755396, 0.06251685141755396, 0.06251685141755396, 0.06251685141755396, 0.06251685141755396, 0.06251685141755396, 0.06224722873669056]
after generate_random_mini_batch_seeds_list
time of batches_nid_list generation : 0.16490888595581055 sec
Epoch 5 pseudo_mini_loss sum 3.872488021850586
Eval Acc 0.0904
train Acc 0.0916
Test Acc: 0.0759
