main start at this time 1630676564.0444314
before load_data step Time(s): 0.0017
load ogbn-products
-------------------------------------------------------------data = DglNodePropPredDataset(name=name)*************************** step Time(s): 1.3504
finish loading ogbn-products
-------------------------------------------------------------splitted_idx = data.get_idx_split()*************************** step Time(s): 0.2522
-------------------------------------------------------------graph, labels = data[0]*************************** step Time(s): 4.0423
tensor([[0],
        [1],
        [2],
        ...,
        [8],
        [2],
        [4]])
graph after remove self connected edges
Graph(num_nodes=2449029, num_edges=123718024,
      ndata_schemes={'feat': Scheme(shape=(100,), dtype=torch.float32)}
      edata_schemes={})
-------------------------------------------------------------labels = labels[:, 0]*************************** step Time(s): 0.0008
-------------------------------------------------------------graph.ndata['features'] = graph.ndata['feat']*************************** step Time(s): 0.0002
-------------------------------------------------graph.ndata['labels'] = labels****************** step Time(s): 0.0001
-------------------------------------------------train_nid, val_nid, test_nid = splitted_idx****************** step Time(s): 0.0526
-------------------------------------------------end of load ogb****************** step Time(s): 0.0039
finish constructing ogbn-products
load ogb-products time total: 5.702549695968628
#nodes: 2449029
#edges: 123718024
#classes: 47
after load_dataset step Time(s): 5.7956
after inductive else step Time(s): 0.0001
args.data_cpu
False
after label step Time(s): 4.6930
after train_g.create_formats_() step Time(s): 2.8424
after pack data step Time(s): 11.3081


full batch graph output nodes length
196571
block_to_graph.dstdata
OUTPUT_NID.tolist()
196571

list for split-------------------------------------------------------------------------------------------
196571

-------------------------batches_nid_list ----------------------------------------------------------------
32
- -- -- --- -- -- --weights_list-- -- -- ------- -- -- -----
[0.031769691358338716, 0.031769691358338716, 0.031769691358338716, 0.031769691358338716, 0.031769691358338716, 0.031769691358338716, 0.031769691358338716, 0.031769691358338716, 0.031769691358338716, 0.031769691358338716, 0.031769691358338716, 0.031769691358338716, 0.031769691358338716, 0.031769691358338716, 0.031769691358338716, 0.031769691358338716, 0.031769691358338716, 0.031769691358338716, 0.031769691358338716, 0.031769691358338716, 0.031769691358338716, 0.031769691358338716, 0.031769691358338716, 0.031769691358338716, 0.031769691358338716, 0.031769691358338716, 0.031769691358338716, 0.031769691358338716, 0.031769691358338716, 0.031769691358338716, 0.031769691358338716, 0.015139567891499764]
after generate_random_mini_batch_seeds_list
time of batches_nid_list generation : 0.11462116241455078 sec
Epoch 0 pseudo_mini_loss sum 4.862959861755371


full batch graph output nodes length
196571
block_to_graph.dstdata
OUTPUT_NID.tolist()
196571

list for split-------------------------------------------------------------------------------------------
196571

-------------------------batches_nid_list ----------------------------------------------------------------
32
- -- -- --- -- -- --weights_list-- -- -- ------- -- -- -----
[0.031769691358338716, 0.031769691358338716, 0.031769691358338716, 0.031769691358338716, 0.031769691358338716, 0.031769691358338716, 0.031769691358338716, 0.031769691358338716, 0.031769691358338716, 0.031769691358338716, 0.031769691358338716, 0.031769691358338716, 0.031769691358338716, 0.031769691358338716, 0.031769691358338716, 0.031769691358338716, 0.031769691358338716, 0.031769691358338716, 0.031769691358338716, 0.031769691358338716, 0.031769691358338716, 0.031769691358338716, 0.031769691358338716, 0.031769691358338716, 0.031769691358338716, 0.031769691358338716, 0.031769691358338716, 0.031769691358338716, 0.031769691358338716, 0.031769691358338716, 0.031769691358338716, 0.015139567891499764]
after generate_random_mini_batch_seeds_list
time of batches_nid_list generation : 0.1171424388885498 sec
Epoch 1 pseudo_mini_loss sum 4.672431945800781


full batch graph output nodes length
196571
block_to_graph.dstdata
OUTPUT_NID.tolist()
196571

list for split-------------------------------------------------------------------------------------------
196571

-------------------------batches_nid_list ----------------------------------------------------------------
32
- -- -- --- -- -- --weights_list-- -- -- ------- -- -- -----
[0.031769691358338716, 0.031769691358338716, 0.031769691358338716, 0.031769691358338716, 0.031769691358338716, 0.031769691358338716, 0.031769691358338716, 0.031769691358338716, 0.031769691358338716, 0.031769691358338716, 0.031769691358338716, 0.031769691358338716, 0.031769691358338716, 0.031769691358338716, 0.031769691358338716, 0.031769691358338716, 0.031769691358338716, 0.031769691358338716, 0.031769691358338716, 0.031769691358338716, 0.031769691358338716, 0.031769691358338716, 0.031769691358338716, 0.031769691358338716, 0.031769691358338716, 0.031769691358338716, 0.031769691358338716, 0.031769691358338716, 0.031769691358338716, 0.031769691358338716, 0.031769691358338716, 0.015139567891499764]
after generate_random_mini_batch_seeds_list
time of batches_nid_list generation : 0.10735440254211426 sec
Epoch 2 pseudo_mini_loss sum 4.483870029449463


full batch graph output nodes length
196571
block_to_graph.dstdata
OUTPUT_NID.tolist()
196571

list for split-------------------------------------------------------------------------------------------
196571

-------------------------batches_nid_list ----------------------------------------------------------------
32
- -- -- --- -- -- --weights_list-- -- -- ------- -- -- -----
[0.031769691358338716, 0.031769691358338716, 0.031769691358338716, 0.031769691358338716, 0.031769691358338716, 0.031769691358338716, 0.031769691358338716, 0.031769691358338716, 0.031769691358338716, 0.031769691358338716, 0.031769691358338716, 0.031769691358338716, 0.031769691358338716, 0.031769691358338716, 0.031769691358338716, 0.031769691358338716, 0.031769691358338716, 0.031769691358338716, 0.031769691358338716, 0.031769691358338716, 0.031769691358338716, 0.031769691358338716, 0.031769691358338716, 0.031769691358338716, 0.031769691358338716, 0.031769691358338716, 0.031769691358338716, 0.031769691358338716, 0.031769691358338716, 0.031769691358338716, 0.031769691358338716, 0.015139567891499764]
after generate_random_mini_batch_seeds_list
time of batches_nid_list generation : 0.10818934440612793 sec
Epoch 3 pseudo_mini_loss sum 4.292088031768799


full batch graph output nodes length
196571
block_to_graph.dstdata
OUTPUT_NID.tolist()
196571

list for split-------------------------------------------------------------------------------------------
196571

-------------------------batches_nid_list ----------------------------------------------------------------
32
- -- -- --- -- -- --weights_list-- -- -- ------- -- -- -----
[0.031769691358338716, 0.031769691358338716, 0.031769691358338716, 0.031769691358338716, 0.031769691358338716, 0.031769691358338716, 0.031769691358338716, 0.031769691358338716, 0.031769691358338716, 0.031769691358338716, 0.031769691358338716, 0.031769691358338716, 0.031769691358338716, 0.031769691358338716, 0.031769691358338716, 0.031769691358338716, 0.031769691358338716, 0.031769691358338716, 0.031769691358338716, 0.031769691358338716, 0.031769691358338716, 0.031769691358338716, 0.031769691358338716, 0.031769691358338716, 0.031769691358338716, 0.031769691358338716, 0.031769691358338716, 0.031769691358338716, 0.031769691358338716, 0.031769691358338716, 0.031769691358338716, 0.015139567891499764]
after generate_random_mini_batch_seeds_list
time of batches_nid_list generation : 0.1026611328125 sec
Epoch 4 pseudo_mini_loss sum 4.090904235839844


full batch graph output nodes length
196571
block_to_graph.dstdata
OUTPUT_NID.tolist()
196571

list for split-------------------------------------------------------------------------------------------
196571

-------------------------batches_nid_list ----------------------------------------------------------------
32
- -- -- --- -- -- --weights_list-- -- -- ------- -- -- -----
[0.031769691358338716, 0.031769691358338716, 0.031769691358338716, 0.031769691358338716, 0.031769691358338716, 0.031769691358338716, 0.031769691358338716, 0.031769691358338716, 0.031769691358338716, 0.031769691358338716, 0.031769691358338716, 0.031769691358338716, 0.031769691358338716, 0.031769691358338716, 0.031769691358338716, 0.031769691358338716, 0.031769691358338716, 0.031769691358338716, 0.031769691358338716, 0.031769691358338716, 0.031769691358338716, 0.031769691358338716, 0.031769691358338716, 0.031769691358338716, 0.031769691358338716, 0.031769691358338716, 0.031769691358338716, 0.031769691358338716, 0.031769691358338716, 0.031769691358338716, 0.031769691358338716, 0.015139567891499764]
after generate_random_mini_batch_seeds_list
time of batches_nid_list generation : 0.09988069534301758 sec
Epoch 5 pseudo_mini_loss sum 3.871819257736206
Eval Acc 0.0903
train Acc 0.0917
Test Acc: 0.0759
