main start at this time 1633733691.8811102
before load_data step Time(s): 0.0019
after load_dataset step Time(s): 5.3061
after inductive else step Time(s): 0.0001
args.data_cpu
False
after label step Time(s): 3.6873
after train_g.create_formats_() step Time(s): 0.9028
after pack data step Time(s): 0.0075
Epoch 0
----main run function: start generate block_dataloader from full batch train graph
- -- -- --- -- -- --weights_list-- -- -- ------- -- -- -----
2
after generate_random_mini_batch_seeds_list
time of batches_nid_list generation : 0.06442594528198242 sec

 *************************************   src nid of full_batch_block_graph

 *************************************   dict_nid_2_local
full batch block_eids_global_list
1485901
res----------------------------------------

connection checking time 1.2475533485412598
total of block generation time 0.4604063034057617
average of block generation time 0.23020315170288086
----main run function: block dataloader generation total spend   2.0285537242889404
length of block dataloader
2
current Epoch training on CPU without block data loder Time(s): 1.3096
pseudo_mini_loss sum 5.463128566741943
Epoch 00000 | Step 00000 | Loss 2.5377 | Train Acc 0.0269 | Speed (samples/sec) nan | GPU 1.3011 GB
		avg iteration(step) data from cpu to GPU time:241.07112885 ms
		avg iteration GPU training time:406.38283443 ms
		avg iteration (step) total cpu time:651.02124214 ms
Epoch 1
----main run function: start generate block_dataloader from full batch train graph
- -- -- --- -- -- --weights_list-- -- -- ------- -- -- -----
2
after generate_random_mini_batch_seeds_list
time of batches_nid_list generation : 0.06751108169555664 sec

 *************************************   src nid of full_batch_block_graph

 *************************************   dict_nid_2_local
full batch block_eids_global_list
1485901
res----------------------------------------

connection checking time 1.2301931381225586
total of block generation time 0.7664287090301514
average of block generation time 0.3832143545150757
----main run function: block dataloader generation total spend   2.440408229827881
length of block dataloader
2
current Epoch training on CPU without block data loder Time(s): 0.3246
pseudo_mini_loss sum 4.59446907043457
		avg iteration(step) data from cpu to GPU time:131.73558426 ms
		avg iteration GPU training time:26.49956799 ms
		avg iteration (step) total cpu time:161.09335423 ms
Epoch 2
----main run function: start generate block_dataloader from full batch train graph
- -- -- --- -- -- --weights_list-- -- -- ------- -- -- -----
2
after generate_random_mini_batch_seeds_list
time of batches_nid_list generation : 0.07070302963256836 sec

 *************************************   src nid of full_batch_block_graph

 *************************************   dict_nid_2_local
full batch block_eids_global_list
1485901
res----------------------------------------

connection checking time 1.2761926651000977
total of block generation time 0.6481163501739502
average of block generation time 0.3240581750869751
----main run function: block dataloader generation total spend   2.3262674808502197
length of block dataloader
2
current Epoch training on CPU without block data loder Time(s): 0.3554
pseudo_mini_loss sum 3.8907582759857178
		avg iteration(step) data from cpu to GPU time:148.47179413 ms
		avg iteration GPU training time:25.39348793 ms
		avg iteration (step) total cpu time:176.67233944 ms
Epoch 3
----main run function: start generate block_dataloader from full batch train graph
- -- -- --- -- -- --weights_list-- -- -- ------- -- -- -----
2
after generate_random_mini_batch_seeds_list
time of batches_nid_list generation : 0.06295228004455566 sec

 *************************************   src nid of full_batch_block_graph

 *************************************   dict_nid_2_local
full batch block_eids_global_list
1485901
res----------------------------------------

connection checking time 1.3666353225708008
total of block generation time 0.7854468822479248
average of block generation time 0.3927234411239624
----main run function: block dataloader generation total spend   2.485851526260376
length of block dataloader
2
current Epoch training on CPU without block data loder Time(s): 0.3560
pseudo_mini_loss sum 3.389575958251953
		avg iteration(step) data from cpu to GPU time:148.72306824 ms
		avg iteration GPU training time:24.73321533 ms
		avg iteration (step) total cpu time:176.12040043 ms
Epoch 4
----main run function: start generate block_dataloader from full batch train graph
- -- -- --- -- -- --weights_list-- -- -- ------- -- -- -----
2
after generate_random_mini_batch_seeds_list
time of batches_nid_list generation : 0.06726241111755371 sec

 *************************************   src nid of full_batch_block_graph

 *************************************   dict_nid_2_local
full batch block_eids_global_list
1485901
res----------------------------------------

connection checking time 1.3479595184326172
total of block generation time 0.6253385543823242
average of block generation time 0.3126692771911621
----main run function: block dataloader generation total spend   2.4322996139526367
length of block dataloader
2
current Epoch training on CPU without block data loder Time(s): 0.3068
pseudo_mini_loss sum 3.0242607593536377
		avg iteration(step) data from cpu to GPU time:123.98335648 ms
		avg iteration GPU training time:25.53972816 ms
		avg iteration (step) total cpu time:152.36508846 ms
Epoch 5
----main run function: start generate block_dataloader from full batch train graph
- -- -- --- -- -- --weights_list-- -- -- ------- -- -- -----
2
after generate_random_mini_batch_seeds_list
time of batches_nid_list generation : 0.06290173530578613 sec

 *************************************   src nid of full_batch_block_graph

 *************************************   dict_nid_2_local
full batch block_eids_global_list
1485901
res----------------------------------------

connection checking time 1.283745288848877
total of block generation time 0.6851902008056641
average of block generation time 0.34259510040283203
----main run function: block dataloader generation total spend   2.332136869430542
length of block dataloader
2
current Epoch training on CPU without block data loder Time(s): 0.3315
pseudo_mini_loss sum 2.7242493629455566
Epoch 00005 | Step 00000 | Loss 1.4345 | Train Acc 0.2857 | Speed (samples/sec) 469884.7660 | GPU 1.3017 GB
		avg iteration(step) data from cpu to GPU time:135.85152054 ms
		avg iteration GPU training time:25.97881603 ms
		avg iteration (step) total cpu time:164.41559792 ms
	total avg iteration(step) data from cpu to GPU time:0.13925743 s
	total avg iteration GPU training time:0.02541131 s
	total avg iteration (step) total cpu time:0.16739336 s

total avg epoch training  total cpu time:0.33742803 s

total avg block generate cpu time:2.39413887 second
train Acc: 0.4213
Test Acc: 0.4140
