main start at this time 1630640673.8783174
before load_data step Time(s): 0.0018
load ogbn-products
-------------------------------------------------------------data = DglNodePropPredDataset(name=name)*************************** step Time(s): 1.3596
finish loading ogbn-products
-------------------------------------------------------------splitted_idx = data.get_idx_split()*************************** step Time(s): 0.2690
-------------------------------------------------------------graph, labels = data[0]*************************** step Time(s): 4.1358
tensor([[0],
        [1],
        [2],
        ...,
        [8],
        [2],
        [4]])
graph after remove self connected edges
Graph(num_nodes=2449029, num_edges=123718024,
      ndata_schemes={'feat': Scheme(shape=(100,), dtype=torch.float32)}
      edata_schemes={})
-------------------------------------------------------------labels = labels[:, 0]*************************** step Time(s): 0.0009
-------------------------------------------------------------graph.ndata['features'] = graph.ndata['feat']*************************** step Time(s): 0.0002
-------------------------------------------------graph.ndata['labels'] = labels****************** step Time(s): 0.0001
-------------------------------------------------train_nid, val_nid, test_nid = splitted_idx****************** step Time(s): 0.0604
-------------------------------------------------end of load ogb****************** step Time(s): 0.0037
finish constructing ogbn-products
load ogb-products time total: 5.829632759094238
#nodes: 2449029
#edges: 123718024
#classes: 47
after load_dataset step Time(s): 5.9218
after inductive else step Time(s): 0.0001
args.data_cpu
False
after label step Time(s): 4.8152
after train_g.create_formats_() step Time(s): 3.2651
after pack data step Time(s): 11.3990


full batch graph output nodes length
196571
block_to_graph.dstdata
OUTPUT_NID.tolist()
196571

list for split-------------------------------------------------------------------------------------------
196571

-------------------------batches_nid_list ----------------------------------------------------------------
1
- -- -- --- -- -- --weights_list-- -- -- ------- -- -- -----
[1.0]
after generate_random_mini_batch_seeds_list
time of batches_nid_list generation : 0.11209845542907715 sec
Epoch 0 pseudo_mini_loss sum 5.121598720550537


full batch graph output nodes length
196571
block_to_graph.dstdata
OUTPUT_NID.tolist()
196571

list for split-------------------------------------------------------------------------------------------
196571

-------------------------batches_nid_list ----------------------------------------------------------------
1
- -- -- --- -- -- --weights_list-- -- -- ------- -- -- -----
[1.0]
after generate_random_mini_batch_seeds_list
time of batches_nid_list generation : 0.10874629020690918 sec
Epoch 1 pseudo_mini_loss sum 5.020090579986572


full batch graph output nodes length
196571
block_to_graph.dstdata
OUTPUT_NID.tolist()
196571

list for split-------------------------------------------------------------------------------------------
196571

-------------------------batches_nid_list ----------------------------------------------------------------
1
- -- -- --- -- -- --weights_list-- -- -- ------- -- -- -----
[1.0]
after generate_random_mini_batch_seeds_list
time of batches_nid_list generation : 0.1710824966430664 sec
Epoch 2 pseudo_mini_loss sum 4.923406600952148


full batch graph output nodes length
196571
block_to_graph.dstdata
OUTPUT_NID.tolist()
196571

list for split-------------------------------------------------------------------------------------------
196571

-------------------------batches_nid_list ----------------------------------------------------------------
1
- -- -- --- -- -- --weights_list-- -- -- ------- -- -- -----
[1.0]
after generate_random_mini_batch_seeds_list
time of batches_nid_list generation : 0.11491203308105469 sec
Epoch 3 pseudo_mini_loss sum 4.829963684082031


full batch graph output nodes length
196571
block_to_graph.dstdata
OUTPUT_NID.tolist()
196571

list for split-------------------------------------------------------------------------------------------
196571

-------------------------batches_nid_list ----------------------------------------------------------------
1
- -- -- --- -- -- --weights_list-- -- -- ------- -- -- -----
[1.0]
after generate_random_mini_batch_seeds_list
time of batches_nid_list generation : 0.11389040946960449 sec
Epoch 4 pseudo_mini_loss sum 4.740070819854736


full batch graph output nodes length
196571
block_to_graph.dstdata
OUTPUT_NID.tolist()
196571

list for split-------------------------------------------------------------------------------------------
196571

-------------------------batches_nid_list ----------------------------------------------------------------
1
- -- -- --- -- -- --weights_list-- -- -- ------- -- -- -----
[1.0]
after generate_random_mini_batch_seeds_list
time of batches_nid_list generation : 0.17207908630371094 sec
Epoch 5 pseudo_mini_loss sum 4.647955894470215
Eval Acc 0.0398
train Acc 0.0402
Test Acc: 0.0335
