main start at this time 1630641174.2769961
before load_data step Time(s): 0.0017
load ogbn-products
-------------------------------------------------------------data = DglNodePropPredDataset(name=name)*************************** step Time(s): 1.3252
finish loading ogbn-products
-------------------------------------------------------------splitted_idx = data.get_idx_split()*************************** step Time(s): 0.2544
-------------------------------------------------------------graph, labels = data[0]*************************** step Time(s): 4.0104
tensor([[0],
        [1],
        [2],
        ...,
        [8],
        [2],
        [4]])
graph after remove self connected edges
Graph(num_nodes=2449029, num_edges=123718024,
      ndata_schemes={'feat': Scheme(shape=(100,), dtype=torch.float32)}
      edata_schemes={})
-------------------------------------------------------------labels = labels[:, 0]*************************** step Time(s): 0.0009
-------------------------------------------------------------graph.ndata['features'] = graph.ndata['feat']*************************** step Time(s): 0.0002
-------------------------------------------------graph.ndata['labels'] = labels****************** step Time(s): 0.0001
-------------------------------------------------train_nid, val_nid, test_nid = splitted_idx****************** step Time(s): 0.1032
-------------------------------------------------end of load ogb****************** step Time(s): 0.0041
finish constructing ogbn-products
load ogb-products time total: 5.698425769805908
#nodes: 2449029
#edges: 123718024
#classes: 47
after load_dataset step Time(s): 5.8205
after inductive else step Time(s): 0.0001
args.data_cpu
False
after label step Time(s): 4.2369
after train_g.create_formats_() step Time(s): 2.8215
after pack data step Time(s): 10.6339


full batch graph output nodes length
196571
block_to_graph.dstdata
OUTPUT_NID.tolist()
196571

list for split-------------------------------------------------------------------------------------------
196571

-------------------------batches_nid_list ----------------------------------------------------------------
16
- -- -- --- -- -- --weights_list-- -- -- ------- -- -- -----
[0.06251685141755396, 0.06251685141755396, 0.06251685141755396, 0.06251685141755396, 0.06251685141755396, 0.06251685141755396, 0.06251685141755396, 0.06251685141755396, 0.06251685141755396, 0.06251685141755396, 0.06251685141755396, 0.06251685141755396, 0.06251685141755396, 0.06251685141755396, 0.06251685141755396, 0.06224722873669056]
after generate_random_mini_batch_seeds_list
time of batches_nid_list generation : 0.12366509437561035 sec
Epoch 0 pseudo_mini_loss sum 5.117201328277588


full batch graph output nodes length
196571
block_to_graph.dstdata
OUTPUT_NID.tolist()
196571

list for split-------------------------------------------------------------------------------------------
196571

-------------------------batches_nid_list ----------------------------------------------------------------
16
- -- -- --- -- -- --weights_list-- -- -- ------- -- -- -----
[0.06251685141755396, 0.06251685141755396, 0.06251685141755396, 0.06251685141755396, 0.06251685141755396, 0.06251685141755396, 0.06251685141755396, 0.06251685141755396, 0.06251685141755396, 0.06251685141755396, 0.06251685141755396, 0.06251685141755396, 0.06251685141755396, 0.06251685141755396, 0.06251685141755396, 0.06224722873669056]
after generate_random_mini_batch_seeds_list
time of batches_nid_list generation : 0.1013636589050293 sec
Epoch 1 pseudo_mini_loss sum 5.0239386558532715


full batch graph output nodes length
196571
block_to_graph.dstdata
OUTPUT_NID.tolist()
196571

list for split-------------------------------------------------------------------------------------------
196571

-------------------------batches_nid_list ----------------------------------------------------------------
16
- -- -- --- -- -- --weights_list-- -- -- ------- -- -- -----
[0.06251685141755396, 0.06251685141755396, 0.06251685141755396, 0.06251685141755396, 0.06251685141755396, 0.06251685141755396, 0.06251685141755396, 0.06251685141755396, 0.06251685141755396, 0.06251685141755396, 0.06251685141755396, 0.06251685141755396, 0.06251685141755396, 0.06251685141755396, 0.06251685141755396, 0.06224722873669056]
after generate_random_mini_batch_seeds_list
time of batches_nid_list generation : 0.10718822479248047 sec
Epoch 2 pseudo_mini_loss sum 4.924015045166016


full batch graph output nodes length
196571
block_to_graph.dstdata
OUTPUT_NID.tolist()
196571

list for split-------------------------------------------------------------------------------------------
196571

-------------------------batches_nid_list ----------------------------------------------------------------
16
- -- -- --- -- -- --weights_list-- -- -- ------- -- -- -----
[0.06251685141755396, 0.06251685141755396, 0.06251685141755396, 0.06251685141755396, 0.06251685141755396, 0.06251685141755396, 0.06251685141755396, 0.06251685141755396, 0.06251685141755396, 0.06251685141755396, 0.06251685141755396, 0.06251685141755396, 0.06251685141755396, 0.06251685141755396, 0.06251685141755396, 0.06224722873669056]
after generate_random_mini_batch_seeds_list
time of batches_nid_list generation : 0.17689990997314453 sec
Epoch 3 pseudo_mini_loss sum 4.832829475402832


full batch graph output nodes length
196571
block_to_graph.dstdata
OUTPUT_NID.tolist()
196571

list for split-------------------------------------------------------------------------------------------
196571

-------------------------batches_nid_list ----------------------------------------------------------------
16
- -- -- --- -- -- --weights_list-- -- -- ------- -- -- -----
[0.06251685141755396, 0.06251685141755396, 0.06251685141755396, 0.06251685141755396, 0.06251685141755396, 0.06251685141755396, 0.06251685141755396, 0.06251685141755396, 0.06251685141755396, 0.06251685141755396, 0.06251685141755396, 0.06251685141755396, 0.06251685141755396, 0.06251685141755396, 0.06251685141755396, 0.06224722873669056]
after generate_random_mini_batch_seeds_list
time of batches_nid_list generation : 0.11259341239929199 sec
Epoch 4 pseudo_mini_loss sum 4.739001274108887


full batch graph output nodes length
196571
block_to_graph.dstdata
OUTPUT_NID.tolist()
196571

list for split-------------------------------------------------------------------------------------------
196571

-------------------------batches_nid_list ----------------------------------------------------------------
16
- -- -- --- -- -- --weights_list-- -- -- ------- -- -- -----
[0.06251685141755396, 0.06251685141755396, 0.06251685141755396, 0.06251685141755396, 0.06251685141755396, 0.06251685141755396, 0.06251685141755396, 0.06251685141755396, 0.06251685141755396, 0.06251685141755396, 0.06251685141755396, 0.06251685141755396, 0.06251685141755396, 0.06251685141755396, 0.06251685141755396, 0.06224722873669056]
after generate_random_mini_batch_seeds_list
time of batches_nid_list generation : 0.1080327033996582 sec
Epoch 5 pseudo_mini_loss sum 4.648540019989014
Eval Acc 0.0399
train Acc 0.0402
Test Acc: 0.0335
