main start at this time 1630641575.5073047
before load_data step Time(s): 0.0017
load ogbn-products
-------------------------------------------------------------data = DglNodePropPredDataset(name=name)*************************** step Time(s): 1.5113
finish loading ogbn-products
-------------------------------------------------------------splitted_idx = data.get_idx_split()*************************** step Time(s): 0.2587
-------------------------------------------------------------graph, labels = data[0]*************************** step Time(s): 4.2728
tensor([[0],
        [1],
        [2],
        ...,
        [8],
        [2],
        [4]])
graph after remove self connected edges
Graph(num_nodes=2449029, num_edges=123718024,
      ndata_schemes={'feat': Scheme(shape=(100,), dtype=torch.float32)}
      edata_schemes={})
-------------------------------------------------------------labels = labels[:, 0]*************************** step Time(s): 0.0009
-------------------------------------------------------------graph.ndata['features'] = graph.ndata['feat']*************************** step Time(s): 0.0001
-------------------------------------------------graph.ndata['labels'] = labels****************** step Time(s): 0.0001
-------------------------------------------------train_nid, val_nid, test_nid = splitted_idx****************** step Time(s): 0.0550
-------------------------------------------------end of load ogb****************** step Time(s): 0.0048
finish constructing ogbn-products
load ogb-products time total: 6.103659152984619
#nodes: 2449029
#edges: 123718024
#classes: 47
after load_dataset step Time(s): 6.2146
after inductive else step Time(s): 0.0001
args.data_cpu
False
after label step Time(s): 4.4339
after train_g.create_formats_() step Time(s): 2.7334
after pack data step Time(s): 10.8915


full batch graph output nodes length
196571
block_to_graph.dstdata
OUTPUT_NID.tolist()
196571

list for split-------------------------------------------------------------------------------------------
196571

-------------------------batches_nid_list ----------------------------------------------------------------
66
- -- -- --- -- -- --weights_list-- -- -- ------- -- -- -----
[0.015261661180947341, 0.015261661180947341, 0.015261661180947341, 0.015261661180947341, 0.015261661180947341, 0.015261661180947341, 0.015261661180947341, 0.015261661180947341, 0.015261661180947341, 0.015261661180947341, 0.015261661180947341, 0.015261661180947341, 0.015261661180947341, 0.015261661180947341, 0.015261661180947341, 0.015261661180947341, 0.015261661180947341, 0.015261661180947341, 0.015261661180947341, 0.015261661180947341, 0.015261661180947341, 0.015261661180947341, 0.015261661180947341, 0.015261661180947341, 0.015261661180947341, 0.015261661180947341, 0.015261661180947341, 0.015261661180947341, 0.015261661180947341, 0.015261661180947341, 0.015261661180947341, 0.015261661180947341, 0.015261661180947341, 0.015261661180947341, 0.015261661180947341, 0.015261661180947341, 0.015261661180947341, 0.015261661180947341, 0.015261661180947341, 0.015261661180947341, 0.015261661180947341, 0.015261661180947341, 0.015261661180947341, 0.015261661180947341, 0.015261661180947341, 0.015261661180947341, 0.015261661180947341, 0.015261661180947341, 0.015261661180947341, 0.015261661180947341, 0.015261661180947341, 0.015261661180947341, 0.015261661180947341, 0.015261661180947341, 0.015261661180947341, 0.015261661180947341, 0.015261661180947341, 0.015261661180947341, 0.015261661180947341, 0.015261661180947341, 0.015261661180947341, 0.015261661180947341, 0.015261661180947341, 0.015261661180947341, 0.015261661180947341, 0.007992023238422758]
after generate_random_mini_batch_seeds_list
time of batches_nid_list generation : 0.1131138801574707 sec
Epoch 0 pseudo_mini_loss sum 5.1167778968811035


full batch graph output nodes length
196571
block_to_graph.dstdata
OUTPUT_NID.tolist()
196571

list for split-------------------------------------------------------------------------------------------
196571

-------------------------batches_nid_list ----------------------------------------------------------------
66
- -- -- --- -- -- --weights_list-- -- -- ------- -- -- -----
[0.015261661180947341, 0.015261661180947341, 0.015261661180947341, 0.015261661180947341, 0.015261661180947341, 0.015261661180947341, 0.015261661180947341, 0.015261661180947341, 0.015261661180947341, 0.015261661180947341, 0.015261661180947341, 0.015261661180947341, 0.015261661180947341, 0.015261661180947341, 0.015261661180947341, 0.015261661180947341, 0.015261661180947341, 0.015261661180947341, 0.015261661180947341, 0.015261661180947341, 0.015261661180947341, 0.015261661180947341, 0.015261661180947341, 0.015261661180947341, 0.015261661180947341, 0.015261661180947341, 0.015261661180947341, 0.015261661180947341, 0.015261661180947341, 0.015261661180947341, 0.015261661180947341, 0.015261661180947341, 0.015261661180947341, 0.015261661180947341, 0.015261661180947341, 0.015261661180947341, 0.015261661180947341, 0.015261661180947341, 0.015261661180947341, 0.015261661180947341, 0.015261661180947341, 0.015261661180947341, 0.015261661180947341, 0.015261661180947341, 0.015261661180947341, 0.015261661180947341, 0.015261661180947341, 0.015261661180947341, 0.015261661180947341, 0.015261661180947341, 0.015261661180947341, 0.015261661180947341, 0.015261661180947341, 0.015261661180947341, 0.015261661180947341, 0.015261661180947341, 0.015261661180947341, 0.015261661180947341, 0.015261661180947341, 0.015261661180947341, 0.015261661180947341, 0.015261661180947341, 0.015261661180947341, 0.015261661180947341, 0.015261661180947341, 0.007992023238422758]
after generate_random_mini_batch_seeds_list
time of batches_nid_list generation : 0.10049581527709961 sec
Epoch 1 pseudo_mini_loss sum 5.018648147583008


full batch graph output nodes length
196571
block_to_graph.dstdata
OUTPUT_NID.tolist()
196571

list for split-------------------------------------------------------------------------------------------
196571

-------------------------batches_nid_list ----------------------------------------------------------------
66
- -- -- --- -- -- --weights_list-- -- -- ------- -- -- -----
[0.015261661180947341, 0.015261661180947341, 0.015261661180947341, 0.015261661180947341, 0.015261661180947341, 0.015261661180947341, 0.015261661180947341, 0.015261661180947341, 0.015261661180947341, 0.015261661180947341, 0.015261661180947341, 0.015261661180947341, 0.015261661180947341, 0.015261661180947341, 0.015261661180947341, 0.015261661180947341, 0.015261661180947341, 0.015261661180947341, 0.015261661180947341, 0.015261661180947341, 0.015261661180947341, 0.015261661180947341, 0.015261661180947341, 0.015261661180947341, 0.015261661180947341, 0.015261661180947341, 0.015261661180947341, 0.015261661180947341, 0.015261661180947341, 0.015261661180947341, 0.015261661180947341, 0.015261661180947341, 0.015261661180947341, 0.015261661180947341, 0.015261661180947341, 0.015261661180947341, 0.015261661180947341, 0.015261661180947341, 0.015261661180947341, 0.015261661180947341, 0.015261661180947341, 0.015261661180947341, 0.015261661180947341, 0.015261661180947341, 0.015261661180947341, 0.015261661180947341, 0.015261661180947341, 0.015261661180947341, 0.015261661180947341, 0.015261661180947341, 0.015261661180947341, 0.015261661180947341, 0.015261661180947341, 0.015261661180947341, 0.015261661180947341, 0.015261661180947341, 0.015261661180947341, 0.015261661180947341, 0.015261661180947341, 0.015261661180947341, 0.015261661180947341, 0.015261661180947341, 0.015261661180947341, 0.015261661180947341, 0.015261661180947341, 0.007992023238422758]
after generate_random_mini_batch_seeds_list
time of batches_nid_list generation : 0.12656497955322266 sec
Epoch 2 pseudo_mini_loss sum 4.926033020019531


full batch graph output nodes length
196571
block_to_graph.dstdata
OUTPUT_NID.tolist()
196571

list for split-------------------------------------------------------------------------------------------
196571

-------------------------batches_nid_list ----------------------------------------------------------------
66
- -- -- --- -- -- --weights_list-- -- -- ------- -- -- -----
[0.015261661180947341, 0.015261661180947341, 0.015261661180947341, 0.015261661180947341, 0.015261661180947341, 0.015261661180947341, 0.015261661180947341, 0.015261661180947341, 0.015261661180947341, 0.015261661180947341, 0.015261661180947341, 0.015261661180947341, 0.015261661180947341, 0.015261661180947341, 0.015261661180947341, 0.015261661180947341, 0.015261661180947341, 0.015261661180947341, 0.015261661180947341, 0.015261661180947341, 0.015261661180947341, 0.015261661180947341, 0.015261661180947341, 0.015261661180947341, 0.015261661180947341, 0.015261661180947341, 0.015261661180947341, 0.015261661180947341, 0.015261661180947341, 0.015261661180947341, 0.015261661180947341, 0.015261661180947341, 0.015261661180947341, 0.015261661180947341, 0.015261661180947341, 0.015261661180947341, 0.015261661180947341, 0.015261661180947341, 0.015261661180947341, 0.015261661180947341, 0.015261661180947341, 0.015261661180947341, 0.015261661180947341, 0.015261661180947341, 0.015261661180947341, 0.015261661180947341, 0.015261661180947341, 0.015261661180947341, 0.015261661180947341, 0.015261661180947341, 0.015261661180947341, 0.015261661180947341, 0.015261661180947341, 0.015261661180947341, 0.015261661180947341, 0.015261661180947341, 0.015261661180947341, 0.015261661180947341, 0.015261661180947341, 0.015261661180947341, 0.015261661180947341, 0.015261661180947341, 0.015261661180947341, 0.015261661180947341, 0.015261661180947341, 0.007992023238422758]
after generate_random_mini_batch_seeds_list
time of batches_nid_list generation : 0.10727739334106445 sec
Epoch 3 pseudo_mini_loss sum 4.833950519561768


full batch graph output nodes length
196571
block_to_graph.dstdata
OUTPUT_NID.tolist()
196571

list for split-------------------------------------------------------------------------------------------
196571

-------------------------batches_nid_list ----------------------------------------------------------------
66
- -- -- --- -- -- --weights_list-- -- -- ------- -- -- -----
[0.015261661180947341, 0.015261661180947341, 0.015261661180947341, 0.015261661180947341, 0.015261661180947341, 0.015261661180947341, 0.015261661180947341, 0.015261661180947341, 0.015261661180947341, 0.015261661180947341, 0.015261661180947341, 0.015261661180947341, 0.015261661180947341, 0.015261661180947341, 0.015261661180947341, 0.015261661180947341, 0.015261661180947341, 0.015261661180947341, 0.015261661180947341, 0.015261661180947341, 0.015261661180947341, 0.015261661180947341, 0.015261661180947341, 0.015261661180947341, 0.015261661180947341, 0.015261661180947341, 0.015261661180947341, 0.015261661180947341, 0.015261661180947341, 0.015261661180947341, 0.015261661180947341, 0.015261661180947341, 0.015261661180947341, 0.015261661180947341, 0.015261661180947341, 0.015261661180947341, 0.015261661180947341, 0.015261661180947341, 0.015261661180947341, 0.015261661180947341, 0.015261661180947341, 0.015261661180947341, 0.015261661180947341, 0.015261661180947341, 0.015261661180947341, 0.015261661180947341, 0.015261661180947341, 0.015261661180947341, 0.015261661180947341, 0.015261661180947341, 0.015261661180947341, 0.015261661180947341, 0.015261661180947341, 0.015261661180947341, 0.015261661180947341, 0.015261661180947341, 0.015261661180947341, 0.015261661180947341, 0.015261661180947341, 0.015261661180947341, 0.015261661180947341, 0.015261661180947341, 0.015261661180947341, 0.015261661180947341, 0.015261661180947341, 0.007992023238422758]
after generate_random_mini_batch_seeds_list
time of batches_nid_list generation : 0.10666680335998535 sec
Epoch 4 pseudo_mini_loss sum 4.737790107727051


full batch graph output nodes length
196571
block_to_graph.dstdata
OUTPUT_NID.tolist()
196571

list for split-------------------------------------------------------------------------------------------
196571

-------------------------batches_nid_list ----------------------------------------------------------------
66
- -- -- --- -- -- --weights_list-- -- -- ------- -- -- -----
[0.015261661180947341, 0.015261661180947341, 0.015261661180947341, 0.015261661180947341, 0.015261661180947341, 0.015261661180947341, 0.015261661180947341, 0.015261661180947341, 0.015261661180947341, 0.015261661180947341, 0.015261661180947341, 0.015261661180947341, 0.015261661180947341, 0.015261661180947341, 0.015261661180947341, 0.015261661180947341, 0.015261661180947341, 0.015261661180947341, 0.015261661180947341, 0.015261661180947341, 0.015261661180947341, 0.015261661180947341, 0.015261661180947341, 0.015261661180947341, 0.015261661180947341, 0.015261661180947341, 0.015261661180947341, 0.015261661180947341, 0.015261661180947341, 0.015261661180947341, 0.015261661180947341, 0.015261661180947341, 0.015261661180947341, 0.015261661180947341, 0.015261661180947341, 0.015261661180947341, 0.015261661180947341, 0.015261661180947341, 0.015261661180947341, 0.015261661180947341, 0.015261661180947341, 0.015261661180947341, 0.015261661180947341, 0.015261661180947341, 0.015261661180947341, 0.015261661180947341, 0.015261661180947341, 0.015261661180947341, 0.015261661180947341, 0.015261661180947341, 0.015261661180947341, 0.015261661180947341, 0.015261661180947341, 0.015261661180947341, 0.015261661180947341, 0.015261661180947341, 0.015261661180947341, 0.015261661180947341, 0.015261661180947341, 0.015261661180947341, 0.015261661180947341, 0.015261661180947341, 0.015261661180947341, 0.015261661180947341, 0.015261661180947341, 0.007992023238422758]
after generate_random_mini_batch_seeds_list
time of batches_nid_list generation : 0.10639190673828125 sec
Epoch 5 pseudo_mini_loss sum 4.650073528289795
Eval Acc 0.0399
train Acc 0.0402
Test Acc: 0.0335
