main start at this time 1630640907.9037988
before load_data step Time(s): 0.0016
load ogbn-products
-------------------------------------------------------------data = DglNodePropPredDataset(name=name)*************************** step Time(s): 1.3105
finish loading ogbn-products
-------------------------------------------------------------splitted_idx = data.get_idx_split()*************************** step Time(s): 0.2531
-------------------------------------------------------------graph, labels = data[0]*************************** step Time(s): 3.9019
tensor([[0],
        [1],
        [2],
        ...,
        [8],
        [2],
        [4]])
graph after remove self connected edges
Graph(num_nodes=2449029, num_edges=123718024,
      ndata_schemes={'feat': Scheme(shape=(100,), dtype=torch.float32)}
      edata_schemes={})
-------------------------------------------------------------labels = labels[:, 0]*************************** step Time(s): 0.0008
-------------------------------------------------------------graph.ndata['features'] = graph.ndata['feat']*************************** step Time(s): 0.0001
-------------------------------------------------graph.ndata['labels'] = labels****************** step Time(s): 0.0001
-------------------------------------------------train_nid, val_nid, test_nid = splitted_idx****************** step Time(s): 0.0604
-------------------------------------------------end of load ogb****************** step Time(s): 0.0039
finish constructing ogbn-products
load ogb-products time total: 5.530963659286499
#nodes: 2449029
#edges: 123718024
#classes: 47
after load_dataset step Time(s): 5.6234
after inductive else step Time(s): 0.0001
args.data_cpu
False
after label step Time(s): 4.6863
after train_g.create_formats_() step Time(s): 3.0887
after pack data step Time(s): 11.5768


full batch graph output nodes length
196571
block_to_graph.dstdata
OUTPUT_NID.tolist()
196571

list for split-------------------------------------------------------------------------------------------
196571

-------------------------batches_nid_list ----------------------------------------------------------------
4
- -- -- --- -- -- --weights_list-- -- -- ------- -- -- -----
[0.2500572312294286, 0.2500572312294286, 0.2500572312294286, 0.24982830631171435]
after generate_random_mini_batch_seeds_list
time of batches_nid_list generation : 0.11616802215576172 sec
Epoch 0 pseudo_mini_loss sum 5.118021488189697


full batch graph output nodes length
196571
block_to_graph.dstdata
OUTPUT_NID.tolist()
196571

list for split-------------------------------------------------------------------------------------------
196571

-------------------------batches_nid_list ----------------------------------------------------------------
4
- -- -- --- -- -- --weights_list-- -- -- ------- -- -- -----
[0.2500572312294286, 0.2500572312294286, 0.2500572312294286, 0.24982830631171435]
after generate_random_mini_batch_seeds_list
time of batches_nid_list generation : 0.11304092407226562 sec
Epoch 1 pseudo_mini_loss sum 5.021573066711426


full batch graph output nodes length
196571
block_to_graph.dstdata
OUTPUT_NID.tolist()
196571

list for split-------------------------------------------------------------------------------------------
196571

-------------------------batches_nid_list ----------------------------------------------------------------
4
- -- -- --- -- -- --weights_list-- -- -- ------- -- -- -----
[0.2500572312294286, 0.2500572312294286, 0.2500572312294286, 0.24982830631171435]
after generate_random_mini_batch_seeds_list
time of batches_nid_list generation : 0.11379122734069824 sec
Epoch 2 pseudo_mini_loss sum 4.926516532897949


full batch graph output nodes length
196571
block_to_graph.dstdata
OUTPUT_NID.tolist()
196571

list for split-------------------------------------------------------------------------------------------
196571

-------------------------batches_nid_list ----------------------------------------------------------------
4
- -- -- --- -- -- --weights_list-- -- -- ------- -- -- -----
[0.2500572312294286, 0.2500572312294286, 0.2500572312294286, 0.24982830631171435]
after generate_random_mini_batch_seeds_list
time of batches_nid_list generation : 0.16022610664367676 sec
Epoch 3 pseudo_mini_loss sum 4.832629203796387


full batch graph output nodes length
196571
block_to_graph.dstdata
OUTPUT_NID.tolist()
196571

list for split-------------------------------------------------------------------------------------------
196571

-------------------------batches_nid_list ----------------------------------------------------------------
4
- -- -- --- -- -- --weights_list-- -- -- ------- -- -- -----
[0.2500572312294286, 0.2500572312294286, 0.2500572312294286, 0.24982830631171435]
after generate_random_mini_batch_seeds_list
time of batches_nid_list generation : 0.10317564010620117 sec
Epoch 4 pseudo_mini_loss sum 4.7383928298950195


full batch graph output nodes length
196571
block_to_graph.dstdata
OUTPUT_NID.tolist()
196571

list for split-------------------------------------------------------------------------------------------
196571

-------------------------batches_nid_list ----------------------------------------------------------------
4
- -- -- --- -- -- --weights_list-- -- -- ------- -- -- -----
[0.2500572312294286, 0.2500572312294286, 0.2500572312294286, 0.24982830631171435]
after generate_random_mini_batch_seeds_list
time of batches_nid_list generation : 0.11888360977172852 sec
Epoch 5 pseudo_mini_loss sum 4.649584770202637
Eval Acc 0.0399
train Acc 0.0403
Test Acc: 0.0335
