main start at this time 1630711673.371739
before load_data step Time(s): 0.0017
load ogbn-products
-------------------------------------------------------------data = DglNodePropPredDataset(name=name)*************************** step Time(s): 1.3519
finish loading ogbn-products
-------------------------------------------------------------splitted_idx = data.get_idx_split()*************************** step Time(s): 0.2608
-------------------------------------------------------------graph, labels = data[0]*************************** step Time(s): 4.2263
tensor([[0],
        [1],
        [2],
        ...,
        [8],
        [2],
        [4]])
graph after remove self connected edges
Graph(num_nodes=2449029, num_edges=123718024,
      ndata_schemes={'feat': Scheme(shape=(100,), dtype=torch.float32)}
      edata_schemes={})
-------------------------------------------------------------labels = labels[:, 0]*************************** step Time(s): 0.0010
-------------------------------------------------------------graph.ndata['features'] = graph.ndata['feat']*************************** step Time(s): 0.0002
-------------------------------------------------graph.ndata['labels'] = labels****************** step Time(s): 0.0001
-------------------------------------------------train_nid, val_nid, test_nid = splitted_idx****************** step Time(s): 0.0612
-------------------------------------------------end of load ogb****************** step Time(s): 0.0040
finish constructing ogbn-products
load ogb-products time total: 5.905449390411377
#nodes: 2449029
#edges: 123718024
#classes: 47
after load_dataset step Time(s): 6.0057
after inductive else step Time(s): 0.0001
args.data_cpu
False
after label step Time(s): 4.7395
after train_g.create_formats_() step Time(s): 3.0443
after pack data step Time(s): 11.4704


full batch graph output nodes length
196571
block_to_graph.dstdata
OUTPUT_NID.tolist()
196571

list for split-------------------------------------------------------------------------------------------
196571

-------------------------batches_nid_list ----------------------------------------------------------------
132
- -- -- --- -- -- --weights_list-- -- -- ------- -- -- -----
[0.007630830590473671, 0.007630830590473671, 0.007630830590473671, 0.007630830590473671, 0.007630830590473671, 0.007630830590473671, 0.007630830590473671, 0.007630830590473671, 0.007630830590473671, 0.007630830590473671, 0.007630830590473671, 0.007630830590473671, 0.007630830590473671, 0.007630830590473671, 0.007630830590473671, 0.007630830590473671, 0.007630830590473671, 0.007630830590473671, 0.007630830590473671, 0.007630830590473671, 0.007630830590473671, 0.007630830590473671, 0.007630830590473671, 0.007630830590473671, 0.007630830590473671, 0.007630830590473671, 0.007630830590473671, 0.007630830590473671, 0.007630830590473671, 0.007630830590473671, 0.007630830590473671, 0.007630830590473671, 0.007630830590473671, 0.007630830590473671, 0.007630830590473671, 0.007630830590473671, 0.007630830590473671, 0.007630830590473671, 0.007630830590473671, 0.007630830590473671, 0.007630830590473671, 0.007630830590473671, 0.007630830590473671, 0.007630830590473671, 0.007630830590473671, 0.007630830590473671, 0.007630830590473671, 0.007630830590473671, 0.007630830590473671, 0.007630830590473671, 0.007630830590473671, 0.007630830590473671, 0.007630830590473671, 0.007630830590473671, 0.007630830590473671, 0.007630830590473671, 0.007630830590473671, 0.007630830590473671, 0.007630830590473671, 0.007630830590473671, 0.007630830590473671, 0.007630830590473671, 0.007630830590473671, 0.007630830590473671, 0.007630830590473671, 0.007630830590473671, 0.007630830590473671, 0.007630830590473671, 0.007630830590473671, 0.007630830590473671, 0.007630830590473671, 0.007630830590473671, 0.007630830590473671, 0.007630830590473671, 0.007630830590473671, 0.007630830590473671, 0.007630830590473671, 0.007630830590473671, 0.007630830590473671, 0.007630830590473671, 0.007630830590473671, 0.007630830590473671, 0.007630830590473671, 0.007630830590473671, 0.007630830590473671, 0.007630830590473671, 0.007630830590473671, 0.007630830590473671, 0.007630830590473671, 0.007630830590473671, 0.007630830590473671, 0.007630830590473671, 0.007630830590473671, 0.007630830590473671, 0.007630830590473671, 0.007630830590473671, 0.007630830590473671, 0.007630830590473671, 0.007630830590473671, 0.007630830590473671, 0.007630830590473671, 0.007630830590473671, 0.007630830590473671, 0.007630830590473671, 0.007630830590473671, 0.007630830590473671, 0.007630830590473671, 0.007630830590473671, 0.007630830590473671, 0.007630830590473671, 0.007630830590473671, 0.007630830590473671, 0.007630830590473671, 0.007630830590473671, 0.007630830590473671, 0.007630830590473671, 0.007630830590473671, 0.007630830590473671, 0.007630830590473671, 0.007630830590473671, 0.007630830590473671, 0.007630830590473671, 0.007630830590473671, 0.007630830590473671, 0.007630830590473671, 0.007630830590473671, 0.007630830590473671, 0.007630830590473671, 0.007630830590473671, 0.007630830590473671, 0.007630830590473671, 0.0003611926479490871]
after generate_random_mini_batch_seeds_list
time of batches_nid_list generation : 0.0991065502166748 sec
Epoch 0 pseudo_mini_loss sum 4.863367080688477


full batch graph output nodes length
196571
block_to_graph.dstdata
OUTPUT_NID.tolist()
196571

list for split-------------------------------------------------------------------------------------------
196571

-------------------------batches_nid_list ----------------------------------------------------------------
132
- -- -- --- -- -- --weights_list-- -- -- ------- -- -- -----
[0.007630830590473671, 0.007630830590473671, 0.007630830590473671, 0.007630830590473671, 0.007630830590473671, 0.007630830590473671, 0.007630830590473671, 0.007630830590473671, 0.007630830590473671, 0.007630830590473671, 0.007630830590473671, 0.007630830590473671, 0.007630830590473671, 0.007630830590473671, 0.007630830590473671, 0.007630830590473671, 0.007630830590473671, 0.007630830590473671, 0.007630830590473671, 0.007630830590473671, 0.007630830590473671, 0.007630830590473671, 0.007630830590473671, 0.007630830590473671, 0.007630830590473671, 0.007630830590473671, 0.007630830590473671, 0.007630830590473671, 0.007630830590473671, 0.007630830590473671, 0.007630830590473671, 0.007630830590473671, 0.007630830590473671, 0.007630830590473671, 0.007630830590473671, 0.007630830590473671, 0.007630830590473671, 0.007630830590473671, 0.007630830590473671, 0.007630830590473671, 0.007630830590473671, 0.007630830590473671, 0.007630830590473671, 0.007630830590473671, 0.007630830590473671, 0.007630830590473671, 0.007630830590473671, 0.007630830590473671, 0.007630830590473671, 0.007630830590473671, 0.007630830590473671, 0.007630830590473671, 0.007630830590473671, 0.007630830590473671, 0.007630830590473671, 0.007630830590473671, 0.007630830590473671, 0.007630830590473671, 0.007630830590473671, 0.007630830590473671, 0.007630830590473671, 0.007630830590473671, 0.007630830590473671, 0.007630830590473671, 0.007630830590473671, 0.007630830590473671, 0.007630830590473671, 0.007630830590473671, 0.007630830590473671, 0.007630830590473671, 0.007630830590473671, 0.007630830590473671, 0.007630830590473671, 0.007630830590473671, 0.007630830590473671, 0.007630830590473671, 0.007630830590473671, 0.007630830590473671, 0.007630830590473671, 0.007630830590473671, 0.007630830590473671, 0.007630830590473671, 0.007630830590473671, 0.007630830590473671, 0.007630830590473671, 0.007630830590473671, 0.007630830590473671, 0.007630830590473671, 0.007630830590473671, 0.007630830590473671, 0.007630830590473671, 0.007630830590473671, 0.007630830590473671, 0.007630830590473671, 0.007630830590473671, 0.007630830590473671, 0.007630830590473671, 0.007630830590473671, 0.007630830590473671, 0.007630830590473671, 0.007630830590473671, 0.007630830590473671, 0.007630830590473671, 0.007630830590473671, 0.007630830590473671, 0.007630830590473671, 0.007630830590473671, 0.007630830590473671, 0.007630830590473671, 0.007630830590473671, 0.007630830590473671, 0.007630830590473671, 0.007630830590473671, 0.007630830590473671, 0.007630830590473671, 0.007630830590473671, 0.007630830590473671, 0.007630830590473671, 0.007630830590473671, 0.007630830590473671, 0.007630830590473671, 0.007630830590473671, 0.007630830590473671, 0.007630830590473671, 0.007630830590473671, 0.007630830590473671, 0.007630830590473671, 0.007630830590473671, 0.007630830590473671, 0.007630830590473671, 0.007630830590473671, 0.0003611926479490871]
after generate_random_mini_batch_seeds_list
time of batches_nid_list generation : 0.0957181453704834 sec
Epoch 1 pseudo_mini_loss sum 4.67241907119751


full batch graph output nodes length
196571
block_to_graph.dstdata
OUTPUT_NID.tolist()
196571

list for split-------------------------------------------------------------------------------------------
196571

-------------------------batches_nid_list ----------------------------------------------------------------
132
- -- -- --- -- -- --weights_list-- -- -- ------- -- -- -----
[0.007630830590473671, 0.007630830590473671, 0.007630830590473671, 0.007630830590473671, 0.007630830590473671, 0.007630830590473671, 0.007630830590473671, 0.007630830590473671, 0.007630830590473671, 0.007630830590473671, 0.007630830590473671, 0.007630830590473671, 0.007630830590473671, 0.007630830590473671, 0.007630830590473671, 0.007630830590473671, 0.007630830590473671, 0.007630830590473671, 0.007630830590473671, 0.007630830590473671, 0.007630830590473671, 0.007630830590473671, 0.007630830590473671, 0.007630830590473671, 0.007630830590473671, 0.007630830590473671, 0.007630830590473671, 0.007630830590473671, 0.007630830590473671, 0.007630830590473671, 0.007630830590473671, 0.007630830590473671, 0.007630830590473671, 0.007630830590473671, 0.007630830590473671, 0.007630830590473671, 0.007630830590473671, 0.007630830590473671, 0.007630830590473671, 0.007630830590473671, 0.007630830590473671, 0.007630830590473671, 0.007630830590473671, 0.007630830590473671, 0.007630830590473671, 0.007630830590473671, 0.007630830590473671, 0.007630830590473671, 0.007630830590473671, 0.007630830590473671, 0.007630830590473671, 0.007630830590473671, 0.007630830590473671, 0.007630830590473671, 0.007630830590473671, 0.007630830590473671, 0.007630830590473671, 0.007630830590473671, 0.007630830590473671, 0.007630830590473671, 0.007630830590473671, 0.007630830590473671, 0.007630830590473671, 0.007630830590473671, 0.007630830590473671, 0.007630830590473671, 0.007630830590473671, 0.007630830590473671, 0.007630830590473671, 0.007630830590473671, 0.007630830590473671, 0.007630830590473671, 0.007630830590473671, 0.007630830590473671, 0.007630830590473671, 0.007630830590473671, 0.007630830590473671, 0.007630830590473671, 0.007630830590473671, 0.007630830590473671, 0.007630830590473671, 0.007630830590473671, 0.007630830590473671, 0.007630830590473671, 0.007630830590473671, 0.007630830590473671, 0.007630830590473671, 0.007630830590473671, 0.007630830590473671, 0.007630830590473671, 0.007630830590473671, 0.007630830590473671, 0.007630830590473671, 0.007630830590473671, 0.007630830590473671, 0.007630830590473671, 0.007630830590473671, 0.007630830590473671, 0.007630830590473671, 0.007630830590473671, 0.007630830590473671, 0.007630830590473671, 0.007630830590473671, 0.007630830590473671, 0.007630830590473671, 0.007630830590473671, 0.007630830590473671, 0.007630830590473671, 0.007630830590473671, 0.007630830590473671, 0.007630830590473671, 0.007630830590473671, 0.007630830590473671, 0.007630830590473671, 0.007630830590473671, 0.007630830590473671, 0.007630830590473671, 0.007630830590473671, 0.007630830590473671, 0.007630830590473671, 0.007630830590473671, 0.007630830590473671, 0.007630830590473671, 0.007630830590473671, 0.007630830590473671, 0.007630830590473671, 0.007630830590473671, 0.007630830590473671, 0.007630830590473671, 0.007630830590473671, 0.007630830590473671, 0.0003611926479490871]
after generate_random_mini_batch_seeds_list
time of batches_nid_list generation : 0.0808415412902832 sec
Epoch 2 pseudo_mini_loss sum 4.483866214752197


full batch graph output nodes length
196571
block_to_graph.dstdata
OUTPUT_NID.tolist()
196571

list for split-------------------------------------------------------------------------------------------
196571

-------------------------batches_nid_list ----------------------------------------------------------------
132
- -- -- --- -- -- --weights_list-- -- -- ------- -- -- -----
[0.007630830590473671, 0.007630830590473671, 0.007630830590473671, 0.007630830590473671, 0.007630830590473671, 0.007630830590473671, 0.007630830590473671, 0.007630830590473671, 0.007630830590473671, 0.007630830590473671, 0.007630830590473671, 0.007630830590473671, 0.007630830590473671, 0.007630830590473671, 0.007630830590473671, 0.007630830590473671, 0.007630830590473671, 0.007630830590473671, 0.007630830590473671, 0.007630830590473671, 0.007630830590473671, 0.007630830590473671, 0.007630830590473671, 0.007630830590473671, 0.007630830590473671, 0.007630830590473671, 0.007630830590473671, 0.007630830590473671, 0.007630830590473671, 0.007630830590473671, 0.007630830590473671, 0.007630830590473671, 0.007630830590473671, 0.007630830590473671, 0.007630830590473671, 0.007630830590473671, 0.007630830590473671, 0.007630830590473671, 0.007630830590473671, 0.007630830590473671, 0.007630830590473671, 0.007630830590473671, 0.007630830590473671, 0.007630830590473671, 0.007630830590473671, 0.007630830590473671, 0.007630830590473671, 0.007630830590473671, 0.007630830590473671, 0.007630830590473671, 0.007630830590473671, 0.007630830590473671, 0.007630830590473671, 0.007630830590473671, 0.007630830590473671, 0.007630830590473671, 0.007630830590473671, 0.007630830590473671, 0.007630830590473671, 0.007630830590473671, 0.007630830590473671, 0.007630830590473671, 0.007630830590473671, 0.007630830590473671, 0.007630830590473671, 0.007630830590473671, 0.007630830590473671, 0.007630830590473671, 0.007630830590473671, 0.007630830590473671, 0.007630830590473671, 0.007630830590473671, 0.007630830590473671, 0.007630830590473671, 0.007630830590473671, 0.007630830590473671, 0.007630830590473671, 0.007630830590473671, 0.007630830590473671, 0.007630830590473671, 0.007630830590473671, 0.007630830590473671, 0.007630830590473671, 0.007630830590473671, 0.007630830590473671, 0.007630830590473671, 0.007630830590473671, 0.007630830590473671, 0.007630830590473671, 0.007630830590473671, 0.007630830590473671, 0.007630830590473671, 0.007630830590473671, 0.007630830590473671, 0.007630830590473671, 0.007630830590473671, 0.007630830590473671, 0.007630830590473671, 0.007630830590473671, 0.007630830590473671, 0.007630830590473671, 0.007630830590473671, 0.007630830590473671, 0.007630830590473671, 0.007630830590473671, 0.007630830590473671, 0.007630830590473671, 0.007630830590473671, 0.007630830590473671, 0.007630830590473671, 0.007630830590473671, 0.007630830590473671, 0.007630830590473671, 0.007630830590473671, 0.007630830590473671, 0.007630830590473671, 0.007630830590473671, 0.007630830590473671, 0.007630830590473671, 0.007630830590473671, 0.007630830590473671, 0.007630830590473671, 0.007630830590473671, 0.007630830590473671, 0.007630830590473671, 0.007630830590473671, 0.007630830590473671, 0.007630830590473671, 0.007630830590473671, 0.007630830590473671, 0.007630830590473671, 0.0003611926479490871]
after generate_random_mini_batch_seeds_list
time of batches_nid_list generation : 0.11299395561218262 sec
Epoch 3 pseudo_mini_loss sum 4.292361259460449


full batch graph output nodes length
196571
block_to_graph.dstdata
OUTPUT_NID.tolist()
196571

list for split-------------------------------------------------------------------------------------------
196571

-------------------------batches_nid_list ----------------------------------------------------------------
132
- -- -- --- -- -- --weights_list-- -- -- ------- -- -- -----
[0.007630830590473671, 0.007630830590473671, 0.007630830590473671, 0.007630830590473671, 0.007630830590473671, 0.007630830590473671, 0.007630830590473671, 0.007630830590473671, 0.007630830590473671, 0.007630830590473671, 0.007630830590473671, 0.007630830590473671, 0.007630830590473671, 0.007630830590473671, 0.007630830590473671, 0.007630830590473671, 0.007630830590473671, 0.007630830590473671, 0.007630830590473671, 0.007630830590473671, 0.007630830590473671, 0.007630830590473671, 0.007630830590473671, 0.007630830590473671, 0.007630830590473671, 0.007630830590473671, 0.007630830590473671, 0.007630830590473671, 0.007630830590473671, 0.007630830590473671, 0.007630830590473671, 0.007630830590473671, 0.007630830590473671, 0.007630830590473671, 0.007630830590473671, 0.007630830590473671, 0.007630830590473671, 0.007630830590473671, 0.007630830590473671, 0.007630830590473671, 0.007630830590473671, 0.007630830590473671, 0.007630830590473671, 0.007630830590473671, 0.007630830590473671, 0.007630830590473671, 0.007630830590473671, 0.007630830590473671, 0.007630830590473671, 0.007630830590473671, 0.007630830590473671, 0.007630830590473671, 0.007630830590473671, 0.007630830590473671, 0.007630830590473671, 0.007630830590473671, 0.007630830590473671, 0.007630830590473671, 0.007630830590473671, 0.007630830590473671, 0.007630830590473671, 0.007630830590473671, 0.007630830590473671, 0.007630830590473671, 0.007630830590473671, 0.007630830590473671, 0.007630830590473671, 0.007630830590473671, 0.007630830590473671, 0.007630830590473671, 0.007630830590473671, 0.007630830590473671, 0.007630830590473671, 0.007630830590473671, 0.007630830590473671, 0.007630830590473671, 0.007630830590473671, 0.007630830590473671, 0.007630830590473671, 0.007630830590473671, 0.007630830590473671, 0.007630830590473671, 0.007630830590473671, 0.007630830590473671, 0.007630830590473671, 0.007630830590473671, 0.007630830590473671, 0.007630830590473671, 0.007630830590473671, 0.007630830590473671, 0.007630830590473671, 0.007630830590473671, 0.007630830590473671, 0.007630830590473671, 0.007630830590473671, 0.007630830590473671, 0.007630830590473671, 0.007630830590473671, 0.007630830590473671, 0.007630830590473671, 0.007630830590473671, 0.007630830590473671, 0.007630830590473671, 0.007630830590473671, 0.007630830590473671, 0.007630830590473671, 0.007630830590473671, 0.007630830590473671, 0.007630830590473671, 0.007630830590473671, 0.007630830590473671, 0.007630830590473671, 0.007630830590473671, 0.007630830590473671, 0.007630830590473671, 0.007630830590473671, 0.007630830590473671, 0.007630830590473671, 0.007630830590473671, 0.007630830590473671, 0.007630830590473671, 0.007630830590473671, 0.007630830590473671, 0.007630830590473671, 0.007630830590473671, 0.007630830590473671, 0.007630830590473671, 0.007630830590473671, 0.007630830590473671, 0.007630830590473671, 0.007630830590473671, 0.0003611926479490871]
after generate_random_mini_batch_seeds_list
time of batches_nid_list generation : 0.08338379859924316 sec
Epoch 4 pseudo_mini_loss sum 4.091946125030518


full batch graph output nodes length
196571
block_to_graph.dstdata
OUTPUT_NID.tolist()
196571

list for split-------------------------------------------------------------------------------------------
196571

-------------------------batches_nid_list ----------------------------------------------------------------
132
- -- -- --- -- -- --weights_list-- -- -- ------- -- -- -----
[0.007630830590473671, 0.007630830590473671, 0.007630830590473671, 0.007630830590473671, 0.007630830590473671, 0.007630830590473671, 0.007630830590473671, 0.007630830590473671, 0.007630830590473671, 0.007630830590473671, 0.007630830590473671, 0.007630830590473671, 0.007630830590473671, 0.007630830590473671, 0.007630830590473671, 0.007630830590473671, 0.007630830590473671, 0.007630830590473671, 0.007630830590473671, 0.007630830590473671, 0.007630830590473671, 0.007630830590473671, 0.007630830590473671, 0.007630830590473671, 0.007630830590473671, 0.007630830590473671, 0.007630830590473671, 0.007630830590473671, 0.007630830590473671, 0.007630830590473671, 0.007630830590473671, 0.007630830590473671, 0.007630830590473671, 0.007630830590473671, 0.007630830590473671, 0.007630830590473671, 0.007630830590473671, 0.007630830590473671, 0.007630830590473671, 0.007630830590473671, 0.007630830590473671, 0.007630830590473671, 0.007630830590473671, 0.007630830590473671, 0.007630830590473671, 0.007630830590473671, 0.007630830590473671, 0.007630830590473671, 0.007630830590473671, 0.007630830590473671, 0.007630830590473671, 0.007630830590473671, 0.007630830590473671, 0.007630830590473671, 0.007630830590473671, 0.007630830590473671, 0.007630830590473671, 0.007630830590473671, 0.007630830590473671, 0.007630830590473671, 0.007630830590473671, 0.007630830590473671, 0.007630830590473671, 0.007630830590473671, 0.007630830590473671, 0.007630830590473671, 0.007630830590473671, 0.007630830590473671, 0.007630830590473671, 0.007630830590473671, 0.007630830590473671, 0.007630830590473671, 0.007630830590473671, 0.007630830590473671, 0.007630830590473671, 0.007630830590473671, 0.007630830590473671, 0.007630830590473671, 0.007630830590473671, 0.007630830590473671, 0.007630830590473671, 0.007630830590473671, 0.007630830590473671, 0.007630830590473671, 0.007630830590473671, 0.007630830590473671, 0.007630830590473671, 0.007630830590473671, 0.007630830590473671, 0.007630830590473671, 0.007630830590473671, 0.007630830590473671, 0.007630830590473671, 0.007630830590473671, 0.007630830590473671, 0.007630830590473671, 0.007630830590473671, 0.007630830590473671, 0.007630830590473671, 0.007630830590473671, 0.007630830590473671, 0.007630830590473671, 0.007630830590473671, 0.007630830590473671, 0.007630830590473671, 0.007630830590473671, 0.007630830590473671, 0.007630830590473671, 0.007630830590473671, 0.007630830590473671, 0.007630830590473671, 0.007630830590473671, 0.007630830590473671, 0.007630830590473671, 0.007630830590473671, 0.007630830590473671, 0.007630830590473671, 0.007630830590473671, 0.007630830590473671, 0.007630830590473671, 0.007630830590473671, 0.007630830590473671, 0.007630830590473671, 0.007630830590473671, 0.007630830590473671, 0.007630830590473671, 0.007630830590473671, 0.007630830590473671, 0.007630830590473671, 0.007630830590473671, 0.007630830590473671, 0.0003611926479490871]
after generate_random_mini_batch_seeds_list
time of batches_nid_list generation : 0.09628939628601074 sec
Epoch 5 pseudo_mini_loss sum 3.8714444637298584
Eval Acc 0.0903
train Acc 0.0915
Test Acc: 0.0758
