main start at this time 1630694885.4269485
before load_data step Time(s): 0.0017
load ogbn-products
-------------------------------------------------------------data = DglNodePropPredDataset(name=name)*************************** step Time(s): 1.5183
finish loading ogbn-products
-------------------------------------------------------------splitted_idx = data.get_idx_split()*************************** step Time(s): 0.2593
-------------------------------------------------------------graph, labels = data[0]*************************** step Time(s): 4.3560
tensor([[0],
        [1],
        [2],
        ...,
        [8],
        [2],
        [4]])
graph after remove self connected edges
Graph(num_nodes=2449029, num_edges=123718024,
      ndata_schemes={'feat': Scheme(shape=(100,), dtype=torch.float32)}
      edata_schemes={})
-------------------------------------------------------------labels = labels[:, 0]*************************** step Time(s): 0.0012
-------------------------------------------------------------graph.ndata['features'] = graph.ndata['feat']*************************** step Time(s): 0.0002
-------------------------------------------------graph.ndata['labels'] = labels****************** step Time(s): 0.0001
-------------------------------------------------train_nid, val_nid, test_nid = splitted_idx****************** step Time(s): 0.0520
-------------------------------------------------end of load ogb****************** step Time(s): 0.0040
finish constructing ogbn-products
load ogb-products time total: 6.191156387329102
#nodes: 2449029
#edges: 123718024
#classes: 47
after load_dataset step Time(s): 6.3046
after inductive else step Time(s): 0.0001
args.data_cpu
False
after label step Time(s): 4.6239
after train_g.create_formats_() step Time(s): 2.3979
after pack data step Time(s): 10.6592


full batch graph output nodes length
196571
block_to_graph.dstdata
OUTPUT_NID.tolist()
196571

list for split-------------------------------------------------------------------------------------------
196571

-------------------------batches_nid_list ----------------------------------------------------------------
66
- -- -- --- -- -- --weights_list-- -- -- ------- -- -- -----
[0.015261661180947341, 0.015261661180947341, 0.015261661180947341, 0.015261661180947341, 0.015261661180947341, 0.015261661180947341, 0.015261661180947341, 0.015261661180947341, 0.015261661180947341, 0.015261661180947341, 0.015261661180947341, 0.015261661180947341, 0.015261661180947341, 0.015261661180947341, 0.015261661180947341, 0.015261661180947341, 0.015261661180947341, 0.015261661180947341, 0.015261661180947341, 0.015261661180947341, 0.015261661180947341, 0.015261661180947341, 0.015261661180947341, 0.015261661180947341, 0.015261661180947341, 0.015261661180947341, 0.015261661180947341, 0.015261661180947341, 0.015261661180947341, 0.015261661180947341, 0.015261661180947341, 0.015261661180947341, 0.015261661180947341, 0.015261661180947341, 0.015261661180947341, 0.015261661180947341, 0.015261661180947341, 0.015261661180947341, 0.015261661180947341, 0.015261661180947341, 0.015261661180947341, 0.015261661180947341, 0.015261661180947341, 0.015261661180947341, 0.015261661180947341, 0.015261661180947341, 0.015261661180947341, 0.015261661180947341, 0.015261661180947341, 0.015261661180947341, 0.015261661180947341, 0.015261661180947341, 0.015261661180947341, 0.015261661180947341, 0.015261661180947341, 0.015261661180947341, 0.015261661180947341, 0.015261661180947341, 0.015261661180947341, 0.015261661180947341, 0.015261661180947341, 0.015261661180947341, 0.015261661180947341, 0.015261661180947341, 0.015261661180947341, 0.007992023238422758]
after generate_random_mini_batch_seeds_list
time of batches_nid_list generation : 0.09019017219543457 sec
Epoch 0 pseudo_mini_loss sum 4.863224983215332


full batch graph output nodes length
196571
block_to_graph.dstdata
OUTPUT_NID.tolist()
196571

list for split-------------------------------------------------------------------------------------------
196571

-------------------------batches_nid_list ----------------------------------------------------------------
66
- -- -- --- -- -- --weights_list-- -- -- ------- -- -- -----
[0.015261661180947341, 0.015261661180947341, 0.015261661180947341, 0.015261661180947341, 0.015261661180947341, 0.015261661180947341, 0.015261661180947341, 0.015261661180947341, 0.015261661180947341, 0.015261661180947341, 0.015261661180947341, 0.015261661180947341, 0.015261661180947341, 0.015261661180947341, 0.015261661180947341, 0.015261661180947341, 0.015261661180947341, 0.015261661180947341, 0.015261661180947341, 0.015261661180947341, 0.015261661180947341, 0.015261661180947341, 0.015261661180947341, 0.015261661180947341, 0.015261661180947341, 0.015261661180947341, 0.015261661180947341, 0.015261661180947341, 0.015261661180947341, 0.015261661180947341, 0.015261661180947341, 0.015261661180947341, 0.015261661180947341, 0.015261661180947341, 0.015261661180947341, 0.015261661180947341, 0.015261661180947341, 0.015261661180947341, 0.015261661180947341, 0.015261661180947341, 0.015261661180947341, 0.015261661180947341, 0.015261661180947341, 0.015261661180947341, 0.015261661180947341, 0.015261661180947341, 0.015261661180947341, 0.015261661180947341, 0.015261661180947341, 0.015261661180947341, 0.015261661180947341, 0.015261661180947341, 0.015261661180947341, 0.015261661180947341, 0.015261661180947341, 0.015261661180947341, 0.015261661180947341, 0.015261661180947341, 0.015261661180947341, 0.015261661180947341, 0.015261661180947341, 0.015261661180947341, 0.015261661180947341, 0.015261661180947341, 0.015261661180947341, 0.007992023238422758]
after generate_random_mini_batch_seeds_list
time of batches_nid_list generation : 0.08092141151428223 sec
Epoch 1 pseudo_mini_loss sum 4.671853542327881


full batch graph output nodes length
196571
block_to_graph.dstdata
OUTPUT_NID.tolist()
196571

list for split-------------------------------------------------------------------------------------------
196571

-------------------------batches_nid_list ----------------------------------------------------------------
66
- -- -- --- -- -- --weights_list-- -- -- ------- -- -- -----
[0.015261661180947341, 0.015261661180947341, 0.015261661180947341, 0.015261661180947341, 0.015261661180947341, 0.015261661180947341, 0.015261661180947341, 0.015261661180947341, 0.015261661180947341, 0.015261661180947341, 0.015261661180947341, 0.015261661180947341, 0.015261661180947341, 0.015261661180947341, 0.015261661180947341, 0.015261661180947341, 0.015261661180947341, 0.015261661180947341, 0.015261661180947341, 0.015261661180947341, 0.015261661180947341, 0.015261661180947341, 0.015261661180947341, 0.015261661180947341, 0.015261661180947341, 0.015261661180947341, 0.015261661180947341, 0.015261661180947341, 0.015261661180947341, 0.015261661180947341, 0.015261661180947341, 0.015261661180947341, 0.015261661180947341, 0.015261661180947341, 0.015261661180947341, 0.015261661180947341, 0.015261661180947341, 0.015261661180947341, 0.015261661180947341, 0.015261661180947341, 0.015261661180947341, 0.015261661180947341, 0.015261661180947341, 0.015261661180947341, 0.015261661180947341, 0.015261661180947341, 0.015261661180947341, 0.015261661180947341, 0.015261661180947341, 0.015261661180947341, 0.015261661180947341, 0.015261661180947341, 0.015261661180947341, 0.015261661180947341, 0.015261661180947341, 0.015261661180947341, 0.015261661180947341, 0.015261661180947341, 0.015261661180947341, 0.015261661180947341, 0.015261661180947341, 0.015261661180947341, 0.015261661180947341, 0.015261661180947341, 0.015261661180947341, 0.007992023238422758]
after generate_random_mini_batch_seeds_list
time of batches_nid_list generation : 0.14384913444519043 sec
Epoch 2 pseudo_mini_loss sum 4.4837164878845215


full batch graph output nodes length
196571
block_to_graph.dstdata
OUTPUT_NID.tolist()
196571

list for split-------------------------------------------------------------------------------------------
196571

-------------------------batches_nid_list ----------------------------------------------------------------
66
- -- -- --- -- -- --weights_list-- -- -- ------- -- -- -----
[0.015261661180947341, 0.015261661180947341, 0.015261661180947341, 0.015261661180947341, 0.015261661180947341, 0.015261661180947341, 0.015261661180947341, 0.015261661180947341, 0.015261661180947341, 0.015261661180947341, 0.015261661180947341, 0.015261661180947341, 0.015261661180947341, 0.015261661180947341, 0.015261661180947341, 0.015261661180947341, 0.015261661180947341, 0.015261661180947341, 0.015261661180947341, 0.015261661180947341, 0.015261661180947341, 0.015261661180947341, 0.015261661180947341, 0.015261661180947341, 0.015261661180947341, 0.015261661180947341, 0.015261661180947341, 0.015261661180947341, 0.015261661180947341, 0.015261661180947341, 0.015261661180947341, 0.015261661180947341, 0.015261661180947341, 0.015261661180947341, 0.015261661180947341, 0.015261661180947341, 0.015261661180947341, 0.015261661180947341, 0.015261661180947341, 0.015261661180947341, 0.015261661180947341, 0.015261661180947341, 0.015261661180947341, 0.015261661180947341, 0.015261661180947341, 0.015261661180947341, 0.015261661180947341, 0.015261661180947341, 0.015261661180947341, 0.015261661180947341, 0.015261661180947341, 0.015261661180947341, 0.015261661180947341, 0.015261661180947341, 0.015261661180947341, 0.015261661180947341, 0.015261661180947341, 0.015261661180947341, 0.015261661180947341, 0.015261661180947341, 0.015261661180947341, 0.015261661180947341, 0.015261661180947341, 0.015261661180947341, 0.015261661180947341, 0.007992023238422758]
after generate_random_mini_batch_seeds_list
time of batches_nid_list generation : 0.08287262916564941 sec
Epoch 3 pseudo_mini_loss sum 4.291837692260742


full batch graph output nodes length
196571
block_to_graph.dstdata
OUTPUT_NID.tolist()
196571

list for split-------------------------------------------------------------------------------------------
196571

-------------------------batches_nid_list ----------------------------------------------------------------
66
- -- -- --- -- -- --weights_list-- -- -- ------- -- -- -----
[0.015261661180947341, 0.015261661180947341, 0.015261661180947341, 0.015261661180947341, 0.015261661180947341, 0.015261661180947341, 0.015261661180947341, 0.015261661180947341, 0.015261661180947341, 0.015261661180947341, 0.015261661180947341, 0.015261661180947341, 0.015261661180947341, 0.015261661180947341, 0.015261661180947341, 0.015261661180947341, 0.015261661180947341, 0.015261661180947341, 0.015261661180947341, 0.015261661180947341, 0.015261661180947341, 0.015261661180947341, 0.015261661180947341, 0.015261661180947341, 0.015261661180947341, 0.015261661180947341, 0.015261661180947341, 0.015261661180947341, 0.015261661180947341, 0.015261661180947341, 0.015261661180947341, 0.015261661180947341, 0.015261661180947341, 0.015261661180947341, 0.015261661180947341, 0.015261661180947341, 0.015261661180947341, 0.015261661180947341, 0.015261661180947341, 0.015261661180947341, 0.015261661180947341, 0.015261661180947341, 0.015261661180947341, 0.015261661180947341, 0.015261661180947341, 0.015261661180947341, 0.015261661180947341, 0.015261661180947341, 0.015261661180947341, 0.015261661180947341, 0.015261661180947341, 0.015261661180947341, 0.015261661180947341, 0.015261661180947341, 0.015261661180947341, 0.015261661180947341, 0.015261661180947341, 0.015261661180947341, 0.015261661180947341, 0.015261661180947341, 0.015261661180947341, 0.015261661180947341, 0.015261661180947341, 0.015261661180947341, 0.015261661180947341, 0.007992023238422758]
after generate_random_mini_batch_seeds_list
time of batches_nid_list generation : 0.14487433433532715 sec
Epoch 4 pseudo_mini_loss sum 4.091197967529297


full batch graph output nodes length
196571
block_to_graph.dstdata
OUTPUT_NID.tolist()
196571

list for split-------------------------------------------------------------------------------------------
196571

-------------------------batches_nid_list ----------------------------------------------------------------
66
- -- -- --- -- -- --weights_list-- -- -- ------- -- -- -----
[0.015261661180947341, 0.015261661180947341, 0.015261661180947341, 0.015261661180947341, 0.015261661180947341, 0.015261661180947341, 0.015261661180947341, 0.015261661180947341, 0.015261661180947341, 0.015261661180947341, 0.015261661180947341, 0.015261661180947341, 0.015261661180947341, 0.015261661180947341, 0.015261661180947341, 0.015261661180947341, 0.015261661180947341, 0.015261661180947341, 0.015261661180947341, 0.015261661180947341, 0.015261661180947341, 0.015261661180947341, 0.015261661180947341, 0.015261661180947341, 0.015261661180947341, 0.015261661180947341, 0.015261661180947341, 0.015261661180947341, 0.015261661180947341, 0.015261661180947341, 0.015261661180947341, 0.015261661180947341, 0.015261661180947341, 0.015261661180947341, 0.015261661180947341, 0.015261661180947341, 0.015261661180947341, 0.015261661180947341, 0.015261661180947341, 0.015261661180947341, 0.015261661180947341, 0.015261661180947341, 0.015261661180947341, 0.015261661180947341, 0.015261661180947341, 0.015261661180947341, 0.015261661180947341, 0.015261661180947341, 0.015261661180947341, 0.015261661180947341, 0.015261661180947341, 0.015261661180947341, 0.015261661180947341, 0.015261661180947341, 0.015261661180947341, 0.015261661180947341, 0.015261661180947341, 0.015261661180947341, 0.015261661180947341, 0.015261661180947341, 0.015261661180947341, 0.015261661180947341, 0.015261661180947341, 0.015261661180947341, 0.015261661180947341, 0.007992023238422758]
after generate_random_mini_batch_seeds_list
time of batches_nid_list generation : 0.08907532691955566 sec
Epoch 5 pseudo_mini_loss sum 3.8707735538482666
Eval Acc 0.0902
train Acc 0.0915
Test Acc: 0.0758
