main start at this time 1630681875.1420681
before load_data step Time(s): 0.0017
load ogbn-products
-------------------------------------------------------------data = DglNodePropPredDataset(name=name)*************************** step Time(s): 1.3257
finish loading ogbn-products
-------------------------------------------------------------splitted_idx = data.get_idx_split()*************************** step Time(s): 0.2536
-------------------------------------------------------------graph, labels = data[0]*************************** step Time(s): 4.0406
tensor([[0],
        [1],
        [2],
        ...,
        [8],
        [2],
        [4]])
graph after remove self connected edges
Graph(num_nodes=2449029, num_edges=123718024,
      ndata_schemes={'feat': Scheme(shape=(100,), dtype=torch.float32)}
      edata_schemes={})
-------------------------------------------------------------labels = labels[:, 0]*************************** step Time(s): 0.0009
-------------------------------------------------------------graph.ndata['features'] = graph.ndata['feat']*************************** step Time(s): 0.0002
-------------------------------------------------graph.ndata['labels'] = labels****************** step Time(s): 0.0001
-------------------------------------------------train_nid, val_nid, test_nid = splitted_idx****************** step Time(s): 0.0553
-------------------------------------------------end of load ogb****************** step Time(s): 0.0049
finish constructing ogbn-products
load ogb-products time total: 5.681242942810059
#nodes: 2449029
#edges: 123718024
#classes: 47
after load_dataset step Time(s): 5.7742
after inductive else step Time(s): 0.0001
args.data_cpu
False
after label step Time(s): 4.6696
after train_g.create_formats_() step Time(s): 2.7289
after pack data step Time(s): 11.4620


full batch graph output nodes length
196571
block_to_graph.dstdata
OUTPUT_NID.tolist()
196571

list for split-------------------------------------------------------------------------------------------
196571

-------------------------batches_nid_list ----------------------------------------------------------------
32
- -- -- --- -- -- --weights_list-- -- -- ------- -- -- -----
[0.031769691358338716, 0.031769691358338716, 0.031769691358338716, 0.031769691358338716, 0.031769691358338716, 0.031769691358338716, 0.031769691358338716, 0.031769691358338716, 0.031769691358338716, 0.031769691358338716, 0.031769691358338716, 0.031769691358338716, 0.031769691358338716, 0.031769691358338716, 0.031769691358338716, 0.031769691358338716, 0.031769691358338716, 0.031769691358338716, 0.031769691358338716, 0.031769691358338716, 0.031769691358338716, 0.031769691358338716, 0.031769691358338716, 0.031769691358338716, 0.031769691358338716, 0.031769691358338716, 0.031769691358338716, 0.031769691358338716, 0.031769691358338716, 0.031769691358338716, 0.031769691358338716, 0.015139567891499764]
after generate_random_mini_batch_seeds_list
time of batches_nid_list generation : 0.09071564674377441 sec
Epoch 0 pseudo_mini_loss sum 4.863458633422852


full batch graph output nodes length
196571
block_to_graph.dstdata
OUTPUT_NID.tolist()
196571

list for split-------------------------------------------------------------------------------------------
196571

-------------------------batches_nid_list ----------------------------------------------------------------
32
- -- -- --- -- -- --weights_list-- -- -- ------- -- -- -----
[0.031769691358338716, 0.031769691358338716, 0.031769691358338716, 0.031769691358338716, 0.031769691358338716, 0.031769691358338716, 0.031769691358338716, 0.031769691358338716, 0.031769691358338716, 0.031769691358338716, 0.031769691358338716, 0.031769691358338716, 0.031769691358338716, 0.031769691358338716, 0.031769691358338716, 0.031769691358338716, 0.031769691358338716, 0.031769691358338716, 0.031769691358338716, 0.031769691358338716, 0.031769691358338716, 0.031769691358338716, 0.031769691358338716, 0.031769691358338716, 0.031769691358338716, 0.031769691358338716, 0.031769691358338716, 0.031769691358338716, 0.031769691358338716, 0.031769691358338716, 0.031769691358338716, 0.015139567891499764]
after generate_random_mini_batch_seeds_list
time of batches_nid_list generation : 0.07967662811279297 sec
Epoch 1 pseudo_mini_loss sum 4.671751976013184


full batch graph output nodes length
196571
block_to_graph.dstdata
OUTPUT_NID.tolist()
196571

list for split-------------------------------------------------------------------------------------------
196571

-------------------------batches_nid_list ----------------------------------------------------------------
32
- -- -- --- -- -- --weights_list-- -- -- ------- -- -- -----
[0.031769691358338716, 0.031769691358338716, 0.031769691358338716, 0.031769691358338716, 0.031769691358338716, 0.031769691358338716, 0.031769691358338716, 0.031769691358338716, 0.031769691358338716, 0.031769691358338716, 0.031769691358338716, 0.031769691358338716, 0.031769691358338716, 0.031769691358338716, 0.031769691358338716, 0.031769691358338716, 0.031769691358338716, 0.031769691358338716, 0.031769691358338716, 0.031769691358338716, 0.031769691358338716, 0.031769691358338716, 0.031769691358338716, 0.031769691358338716, 0.031769691358338716, 0.031769691358338716, 0.031769691358338716, 0.031769691358338716, 0.031769691358338716, 0.031769691358338716, 0.031769691358338716, 0.015139567891499764]
after generate_random_mini_batch_seeds_list
time of batches_nid_list generation : 0.08108758926391602 sec
Epoch 2 pseudo_mini_loss sum 4.483502388000488


full batch graph output nodes length
196571
block_to_graph.dstdata
OUTPUT_NID.tolist()
196571

list for split-------------------------------------------------------------------------------------------
196571

-------------------------batches_nid_list ----------------------------------------------------------------
32
- -- -- --- -- -- --weights_list-- -- -- ------- -- -- -----
[0.031769691358338716, 0.031769691358338716, 0.031769691358338716, 0.031769691358338716, 0.031769691358338716, 0.031769691358338716, 0.031769691358338716, 0.031769691358338716, 0.031769691358338716, 0.031769691358338716, 0.031769691358338716, 0.031769691358338716, 0.031769691358338716, 0.031769691358338716, 0.031769691358338716, 0.031769691358338716, 0.031769691358338716, 0.031769691358338716, 0.031769691358338716, 0.031769691358338716, 0.031769691358338716, 0.031769691358338716, 0.031769691358338716, 0.031769691358338716, 0.031769691358338716, 0.031769691358338716, 0.031769691358338716, 0.031769691358338716, 0.031769691358338716, 0.031769691358338716, 0.031769691358338716, 0.015139567891499764]
after generate_random_mini_batch_seeds_list
time of batches_nid_list generation : 0.08768177032470703 sec
Epoch 3 pseudo_mini_loss sum 4.292372703552246


full batch graph output nodes length
196571
block_to_graph.dstdata
OUTPUT_NID.tolist()
196571

list for split-------------------------------------------------------------------------------------------
196571

-------------------------batches_nid_list ----------------------------------------------------------------
32
- -- -- --- -- -- --weights_list-- -- -- ------- -- -- -----
[0.031769691358338716, 0.031769691358338716, 0.031769691358338716, 0.031769691358338716, 0.031769691358338716, 0.031769691358338716, 0.031769691358338716, 0.031769691358338716, 0.031769691358338716, 0.031769691358338716, 0.031769691358338716, 0.031769691358338716, 0.031769691358338716, 0.031769691358338716, 0.031769691358338716, 0.031769691358338716, 0.031769691358338716, 0.031769691358338716, 0.031769691358338716, 0.031769691358338716, 0.031769691358338716, 0.031769691358338716, 0.031769691358338716, 0.031769691358338716, 0.031769691358338716, 0.031769691358338716, 0.031769691358338716, 0.031769691358338716, 0.031769691358338716, 0.031769691358338716, 0.031769691358338716, 0.015139567891499764]
after generate_random_mini_batch_seeds_list
time of batches_nid_list generation : 0.0870211124420166 sec
Epoch 4 pseudo_mini_loss sum 4.09074592590332


full batch graph output nodes length
196571
block_to_graph.dstdata
OUTPUT_NID.tolist()
196571

list for split-------------------------------------------------------------------------------------------
196571

-------------------------batches_nid_list ----------------------------------------------------------------
32
- -- -- --- -- -- --weights_list-- -- -- ------- -- -- -----
[0.031769691358338716, 0.031769691358338716, 0.031769691358338716, 0.031769691358338716, 0.031769691358338716, 0.031769691358338716, 0.031769691358338716, 0.031769691358338716, 0.031769691358338716, 0.031769691358338716, 0.031769691358338716, 0.031769691358338716, 0.031769691358338716, 0.031769691358338716, 0.031769691358338716, 0.031769691358338716, 0.031769691358338716, 0.031769691358338716, 0.031769691358338716, 0.031769691358338716, 0.031769691358338716, 0.031769691358338716, 0.031769691358338716, 0.031769691358338716, 0.031769691358338716, 0.031769691358338716, 0.031769691358338716, 0.031769691358338716, 0.031769691358338716, 0.031769691358338716, 0.031769691358338716, 0.015139567891499764]
after generate_random_mini_batch_seeds_list
time of batches_nid_list generation : 0.08288145065307617 sec
Epoch 5 pseudo_mini_loss sum 3.873415231704712
Eval Acc 0.0902
train Acc 0.0915
Test Acc: 0.0759
