main start at this time 1633734018.0948246
before load_data step Time(s): 0.0017
after load_dataset step Time(s): 4.7951
after inductive else step Time(s): 0.0001
args.data_cpu
False
after label step Time(s): 3.7238
after train_g.create_formats_() step Time(s): 0.9379
after pack data step Time(s): 0.0252
Epoch 0
----main run function: start generate block_dataloader from full batch train graph
- -- -- --- -- -- --weights_list-- -- -- ------- -- -- -----
8
after generate_random_mini_batch_seeds_list
time of batches_nid_list generation : 0.05568742752075195 sec

 *************************************   src nid of full_batch_block_graph

 *************************************   dict_nid_2_local
full batch block_eids_global_list
1485901
res----------------------------------------

connection checking time 2.108893394470215
total of block generation time 1.0911831855773926
average of block generation time 0.13639789819717407
----main run function: block dataloader generation total spend   3.559251546859741
length of block dataloader
8
current Epoch training on CPU without block data loder Time(s): 1.8187
pseudo_mini_loss sum 5.460913181304932
Epoch 00000 | Step 00000 | Loss 0.6814 | Train Acc 0.0289 | Speed (samples/sec) 198427.3559 | GPU 1.0200 GB
		avg iteration(step) data from cpu to GPU time:117.01148033 ms
		avg iteration GPU training time:108.00848448 ms
		avg iteration (step) total cpu time:226.12252831 ms
Epoch 1
----main run function: start generate block_dataloader from full batch train graph
- -- -- --- -- -- --weights_list-- -- -- ------- -- -- -----
8
after generate_random_mini_batch_seeds_list
time of batches_nid_list generation : 0.04476785659790039 sec

 *************************************   src nid of full_batch_block_graph

 *************************************   dict_nid_2_local
full batch block_eids_global_list
1485901
res----------------------------------------

connection checking time 1.8395655155181885
total of block generation time 0.9845023155212402
average of block generation time 0.12306278944015503
----main run function: block dataloader generation total spend   3.1743602752685547
length of block dataloader
8
current Epoch training on CPU without block data loder Time(s): 0.7773
pseudo_mini_loss sum 4.592778205871582
		avg iteration(step) data from cpu to GPU time:83.42283535 ms
		avg iteration GPU training time:12.35939610 ms
		avg iteration (step) total cpu time:96.55332565 ms
Epoch 2
----main run function: start generate block_dataloader from full batch train graph
- -- -- --- -- -- --weights_list-- -- -- ------- -- -- -----
8
after generate_random_mini_batch_seeds_list
time of batches_nid_list generation : 0.0903935432434082 sec

 *************************************   src nid of full_batch_block_graph

 *************************************   dict_nid_2_local
full batch block_eids_global_list
1485901
res----------------------------------------

connection checking time 2.0110549926757812
total of block generation time 1.1025545597076416
average of block generation time 0.1378193199634552
----main run function: block dataloader generation total spend   3.506229877471924
length of block dataloader
8
current Epoch training on CPU without block data loder Time(s): 0.8358
pseudo_mini_loss sum 3.8884241580963135
		avg iteration(step) data from cpu to GPU time:90.41300488 ms
		avg iteration GPU training time:12.97032809 ms
		avg iteration (step) total cpu time:103.75508666 ms
Epoch 3
----main run function: start generate block_dataloader from full batch train graph
- -- -- --- -- -- --weights_list-- -- -- ------- -- -- -----
8
after generate_random_mini_batch_seeds_list
time of batches_nid_list generation : 0.04586362838745117 sec

 *************************************   src nid of full_batch_block_graph

 *************************************   dict_nid_2_local
full batch block_eids_global_list
1485901
res----------------------------------------

connection checking time 1.8728272914886475
total of block generation time 0.990384578704834
average of block generation time 0.12379807233810425
----main run function: block dataloader generation total spend   3.2361221313476562
length of block dataloader
8
current Epoch training on CPU without block data loder Time(s): 0.8530
pseudo_mini_loss sum 3.388472080230713
		avg iteration(step) data from cpu to GPU time:91.32872105 ms
		avg iteration GPU training time:13.74979997 ms
		avg iteration (step) total cpu time:105.85993528 ms
Epoch 4
----main run function: start generate block_dataloader from full batch train graph
- -- -- --- -- -- --weights_list-- -- -- ------- -- -- -----
8
after generate_random_mini_batch_seeds_list
time of batches_nid_list generation : 0.044001102447509766 sec

 *************************************   src nid of full_batch_block_graph

 *************************************   dict_nid_2_local
full batch block_eids_global_list
1485901
res----------------------------------------

connection checking time 1.82570481300354
total of block generation time 0.7541658878326416
average of block generation time 0.0942707359790802
----main run function: block dataloader generation total spend   2.921452760696411
length of block dataloader
8
current Epoch training on CPU without block data loder Time(s): 0.7216
pseudo_mini_loss sum 3.0228257179260254
		avg iteration(step) data from cpu to GPU time:77.39473152 ms
		avg iteration GPU training time:11.87941194 ms
		avg iteration (step) total cpu time:89.60661292 ms
Epoch 5
----main run function: start generate block_dataloader from full batch train graph
- -- -- --- -- -- --weights_list-- -- -- ------- -- -- -----
8
after generate_random_mini_batch_seeds_list
time of batches_nid_list generation : 0.08409452438354492 sec

 *************************************   src nid of full_batch_block_graph

 *************************************   dict_nid_2_local
full batch block_eids_global_list
1485901
res----------------------------------------

connection checking time 1.8737473487854004
total of block generation time 1.0389125347137451
average of block generation time 0.12986406683921814
----main run function: block dataloader generation total spend   3.2817721366882324
length of block dataloader
8
current Epoch training on CPU without block data loder Time(s): 0.7659
pseudo_mini_loss sum 2.7219619750976562
Epoch 00005 | Step 00000 | Loss 0.3391 | Train Acc 0.3483 | Speed (samples/sec) 197194.5031 | GPU 1.0203 GB
		avg iteration(step) data from cpu to GPU time:82.69756794 ms
		avg iteration GPU training time:12.07918000 ms
		avg iteration (step) total cpu time:95.13291717 ms
	total avg iteration(step) data from cpu to GPU time:0.08545851 s
	total avg iteration GPU training time:0.01266968 s
	total avg iteration (step) total cpu time:0.09858864 s

total avg epoch training  total cpu time:0.79405421 s

total avg block generate cpu time:3.23639423 second
train Acc: 0.4212
Test Acc: 0.4136
