main start at this time 1630962948.9060743
before load_data step Time(s): 0.0017
after load_dataset step Time(s): 5.5669
after inductive else step Time(s): 0.0001
args.data_cpu
False
after label step Time(s): 4.3705
after train_g.create_formats_() step Time(s): 1.0565
after pack data step Time(s): 0.0356
Epoch 0
----main run function: start generate block_dataloader from full batch train graph


full batch graph output nodes length
153431
block_to_graph.dstdata
OUTPUT_NID.tolist()
153431

list for split-------------------------------------------------------------------------------------------
153431

-------------------------batches_nid_list ----------------------------------------------------------------
5
- -- -- --- -- -- --weights_list-- -- -- ------- -- -- -----
[0.24999511180921719, 0.24999511180921719, 0.24999511180921719, 0.24999511180921719, 1.9552763131309838e-05]
after generate_random_mini_batch_seeds_list
time of batches_nid_list generation : 0.09385251998901367 sec
----main run function: block dataloader generation total spend   3.2637791633605957
length of block dataloader
5
current Epoch training on CPU without block data loder Time(s): 1.6778
pseudo_mini_loss  8.772432192927226e-05
pseudo_mini_loss sum 5.46464204788208
Epoch 00000 | Step 00000 | Loss 0.0001 | Train Acc 0.0000 | Speed (samples/sec) 137918.4121 | GPU 1.2188 GB
		avg iteration(step) data from cpu to GPU time:177.94104543 ms
		avg iteration GPU training time:155.21129112 ms
		avg iteration (step) total cpu time:333.39381218 ms
Epoch 1
----main run function: start generate block_dataloader from full batch train graph


full batch graph output nodes length
153431
block_to_graph.dstdata
OUTPUT_NID.tolist()
153431

list for split-------------------------------------------------------------------------------------------
153431

-------------------------batches_nid_list ----------------------------------------------------------------
5
- -- -- --- -- -- --weights_list-- -- -- ------- -- -- -----
[0.24999511180921719, 0.24999511180921719, 0.24999511180921719, 0.24999511180921719, 1.9552763131309838e-05]
after generate_random_mini_batch_seeds_list
time of batches_nid_list generation : 0.10467815399169922 sec
----main run function: block dataloader generation total spend   3.304089307785034
length of block dataloader
5
current Epoch training on CPU without block data loder Time(s): 0.5817
pseudo_mini_loss  0.00011392252054065466
pseudo_mini_loss sum 4.593029975891113
		avg iteration(step) data from cpu to GPU time:95.61674032 ms
		avg iteration GPU training time:17.20529270 ms
		avg iteration (step) total cpu time:112.96257973 ms
Epoch 2
----main run function: start generate block_dataloader from full batch train graph


full batch graph output nodes length
153431
block_to_graph.dstdata
OUTPUT_NID.tolist()
153431

list for split-------------------------------------------------------------------------------------------
153431

-------------------------batches_nid_list ----------------------------------------------------------------
5
- -- -- --- -- -- --weights_list-- -- -- ------- -- -- -----
[0.24999511180921719, 0.24999511180921719, 0.24999511180921719, 0.24999511180921719, 1.9552763131309838e-05]
after generate_random_mini_batch_seeds_list
time of batches_nid_list generation : 0.06325912475585938 sec
----main run function: block dataloader generation total spend   3.396289587020874
length of block dataloader
5
current Epoch training on CPU without block data loder Time(s): 0.5176
pseudo_mini_loss  7.599950913572684e-05
pseudo_mini_loss sum 3.890315532684326
		avg iteration(step) data from cpu to GPU time:83.94331412 ms
		avg iteration GPU training time:15.81147528 ms
		avg iteration (step) total cpu time:99.91731644 ms
Epoch 3
----main run function: start generate block_dataloader from full batch train graph


full batch graph output nodes length
153431
block_to_graph.dstdata
OUTPUT_NID.tolist()
153431

list for split-------------------------------------------------------------------------------------------
153431

-------------------------batches_nid_list ----------------------------------------------------------------
5
- -- -- --- -- -- --weights_list-- -- -- ------- -- -- -----
[0.24999511180921719, 0.24999511180921719, 0.24999511180921719, 0.24999511180921719, 1.9552763131309838e-05]
after generate_random_mini_batch_seeds_list
time of batches_nid_list generation : 0.0612185001373291 sec
----main run function: block dataloader generation total spend   3.4465537071228027
length of block dataloader
5
current Epoch training on CPU without block data loder Time(s): 0.5355
pseudo_mini_loss  0.00012210779823362827
pseudo_mini_loss sum 3.389260768890381
		avg iteration(step) data from cpu to GPU time:88.49786177 ms
		avg iteration GPU training time:15.35155201 ms
		avg iteration (step) total cpu time:103.99284363 ms
Epoch 4
----main run function: start generate block_dataloader from full batch train graph


full batch graph output nodes length
153431
block_to_graph.dstdata
OUTPUT_NID.tolist()
153431

list for split-------------------------------------------------------------------------------------------
153431

-------------------------batches_nid_list ----------------------------------------------------------------
5
- -- -- --- -- -- --weights_list-- -- -- ------- -- -- -----
[0.24999511180921719, 0.24999511180921719, 0.24999511180921719, 0.24999511180921719, 1.9552763131309838e-05]
after generate_random_mini_batch_seeds_list
time of batches_nid_list generation : 0.07720780372619629 sec
----main run function: block dataloader generation total spend   3.320667266845703
length of block dataloader
5
current Epoch training on CPU without block data loder Time(s): 0.4950
pseudo_mini_loss  1.6729927665437572e-05
pseudo_mini_loss sum 3.02592396736145
		avg iteration(step) data from cpu to GPU time:79.98869147 ms
		avg iteration GPU training time:15.75477772 ms
		avg iteration (step) total cpu time:95.87769508 ms
Epoch 5
----main run function: start generate block_dataloader from full batch train graph


full batch graph output nodes length
153431
block_to_graph.dstdata
OUTPUT_NID.tolist()
153431

list for split-------------------------------------------------------------------------------------------
153431

-------------------------batches_nid_list ----------------------------------------------------------------
5
- -- -- --- -- -- --weights_list-- -- -- ------- -- -- -----
[0.24999511180921719, 0.24999511180921719, 0.24999511180921719, 0.24999511180921719, 1.9552763131309838e-05]
after generate_random_mini_batch_seeds_list
time of batches_nid_list generation : 0.06863546371459961 sec
----main run function: block dataloader generation total spend   3.2767069339752197
length of block dataloader
5
current Epoch training on CPU without block data loder Time(s): 0.5195
pseudo_mini_loss  2.5391922463313676e-05
pseudo_mini_loss sum 2.721651315689087
Epoch 00005 | Step 00000 | Loss 0.0000 | Train Acc 0.6667 | Speed (samples/sec) 230515.0155 | GPU 1.2198 GB
		avg iteration(step) data from cpu to GPU time:84.96061506 ms
		avg iteration GPU training time:15.64202261 ms
		avg iteration (step) total cpu time:100.75592995 ms
		Eval Acc 0.4191
	total avg iteration(step) data from cpu to GPU time:84.34762061 ms
	total avg iteration GPU training time:15.63995690 ms
	total avg iteration (step) total cpu time:100.13594627 ms

total avg epoch training  total cpu time:516.88599586 ms
train Acc: 0.4214
Test Acc: 0.4138
