main start at this time 1633733884.756556
before load_data step Time(s): 0.0017
after load_dataset step Time(s): 5.6053
after inductive else step Time(s): 0.0001
args.data_cpu
False
after label step Time(s): 3.6855
after train_g.create_formats_() step Time(s): 0.9976
after pack data step Time(s): 0.0114
Epoch 0
----main run function: start generate block_dataloader from full batch train graph
- -- -- --- -- -- --weights_list-- -- -- ------- -- -- -----
4
after generate_random_mini_batch_seeds_list
time of batches_nid_list generation : 0.04236769676208496 sec

 *************************************   src nid of full_batch_block_graph

 *************************************   dict_nid_2_local
full batch block_eids_global_list
1485901
res----------------------------------------

connection checking time 1.4662601947784424
total of block generation time 0.8455822467803955
average of block generation time 0.21139556169509888
----main run function: block dataloader generation total spend   2.615339994430542
length of block dataloader
4
current Epoch training on CPU without block data loder Time(s): 1.5701
pseudo_mini_loss sum 5.461249351501465
Epoch 00000 | Step 00000 | Loss 1.3657 | Train Acc 0.0264 | Speed (samples/sec) 277373.2423 | GPU 1.2189 GB
		avg iteration(step) data from cpu to GPU time:179.44253540 ms
		avg iteration GPU training time:210.17461014 ms
		avg iteration (step) total cpu time:391.63732529 ms
Epoch 1
----main run function: start generate block_dataloader from full batch train graph
- -- -- --- -- -- --weights_list-- -- -- ------- -- -- -----
4
after generate_random_mini_batch_seeds_list
time of batches_nid_list generation : 0.04621100425720215 sec

 *************************************   src nid of full_batch_block_graph

 *************************************   dict_nid_2_local
full batch block_eids_global_list
1485901
res----------------------------------------

connection checking time 1.4763219356536865
total of block generation time 0.6427276134490967
average of block generation time 0.16068190336227417
----main run function: block dataloader generation total spend   2.48148775100708
length of block dataloader
4
current Epoch training on CPU without block data loder Time(s): 0.5477
pseudo_mini_loss sum 4.594621658325195
		avg iteration(step) data from cpu to GPU time:115.50616074 ms
		avg iteration GPU training time:19.42921638 ms
		avg iteration (step) total cpu time:136.17682457 ms
Epoch 2
----main run function: start generate block_dataloader from full batch train graph
- -- -- --- -- -- --weights_list-- -- -- ------- -- -- -----
4
after generate_random_mini_batch_seeds_list
time of batches_nid_list generation : 0.04678201675415039 sec

 *************************************   src nid of full_batch_block_graph

 *************************************   dict_nid_2_local
full batch block_eids_global_list
1485901
res----------------------------------------

connection checking time 1.463503122329712
total of block generation time 0.863182783126831
average of block generation time 0.21579569578170776
----main run function: block dataloader generation total spend   2.7039263248443604
length of block dataloader
4
current Epoch training on CPU without block data loder Time(s): 0.5913
pseudo_mini_loss sum 3.889610767364502
		avg iteration(step) data from cpu to GPU time:126.48283768 ms
		avg iteration GPU training time:19.71704817 ms
		avg iteration (step) total cpu time:147.02147245 ms
Epoch 3
----main run function: start generate block_dataloader from full batch train graph
- -- -- --- -- -- --weights_list-- -- -- ------- -- -- -----
4
after generate_random_mini_batch_seeds_list
time of batches_nid_list generation : 0.05883598327636719 sec

 *************************************   src nid of full_batch_block_graph

 *************************************   dict_nid_2_local
full batch block_eids_global_list
1485901
res----------------------------------------

connection checking time 1.4857378005981445
total of block generation time 0.9134571552276611
average of block generation time 0.22836428880691528
----main run function: block dataloader generation total spend   2.729940176010132
length of block dataloader
4
current Epoch training on CPU without block data loder Time(s): 0.5534
pseudo_mini_loss sum 3.390777587890625
		avg iteration(step) data from cpu to GPU time:118.10172844 ms
		avg iteration GPU training time:18.65566397 ms
		avg iteration (step) total cpu time:137.54892349 ms
Epoch 4
----main run function: start generate block_dataloader from full batch train graph
- -- -- --- -- -- --weights_list-- -- -- ------- -- -- -----
4
after generate_random_mini_batch_seeds_list
time of batches_nid_list generation : 0.09356117248535156 sec

 *************************************   src nid of full_batch_block_graph

 *************************************   dict_nid_2_local
full batch block_eids_global_list
1485901
res----------------------------------------

connection checking time 1.5615417957305908
total of block generation time 0.6502401828765869
average of block generation time 0.16256004571914673
----main run function: block dataloader generation total spend   2.6081349849700928
length of block dataloader
4
current Epoch training on CPU without block data loder Time(s): 0.4988
pseudo_mini_loss sum 3.0240981578826904
		avg iteration(step) data from cpu to GPU time:103.78628731 ms
		avg iteration GPU training time:19.32876015 ms
		avg iteration (step) total cpu time:123.94106388 ms
Epoch 5
----main run function: start generate block_dataloader from full batch train graph
- -- -- --- -- -- --weights_list-- -- -- ------- -- -- -----
4
after generate_random_mini_batch_seeds_list
time of batches_nid_list generation : 0.04732489585876465 sec

 *************************************   src nid of full_batch_block_graph

 *************************************   dict_nid_2_local
full batch block_eids_global_list
1485901
res----------------------------------------

connection checking time 1.468902826309204
total of block generation time 0.8847556114196777
average of block generation time 0.22118890285491943
----main run function: block dataloader generation total spend   2.705820322036743
length of block dataloader
4
current Epoch training on CPU without block data loder Time(s): 0.5678
pseudo_mini_loss sum 2.721909523010254
Epoch 00005 | Step 00000 | Loss 0.6774 | Train Acc 0.3494 | Speed (samples/sec) 281673.5601 | GPU 1.2198 GB
		avg iteration(step) data from cpu to GPU time:119.97157288 ms
		avg iteration GPU training time:19.93549585 ms
		avg iteration (step) total cpu time:140.74647427 ms
	total avg iteration(step) data from cpu to GPU time:0.11708561 s
	total avg iteration GPU training time:0.01940924 s
	total avg iteration (step) total cpu time:0.13731448 s

total avg epoch training  total cpu time:0.55282152 s

total avg block generate cpu time:2.68695545 second
train Acc: 0.4213
Test Acc: 0.4138
