main start at this time 1632125542.0188613
before load_data step Time(s): 0.0018
load ogbn-products
-------------------------------------------------------------data = DglNodePropPredDataset(name=name)*************************** step Time(s): 1.4935
finish loading ogbn-products
-------------------------------------------------------------splitted_idx = data.get_idx_split()*************************** step Time(s): 0.2544
-------------------------------------------------------------graph, labels = data[0]*************************** step Time(s): 3.9556
tensor([[0],
        [1],
        [2],
        ...,
        [8],
        [2],
        [4]])
graph after remove self connected edges
Graph(num_nodes=2449029, num_edges=123718024,
      ndata_schemes={'feat': Scheme(shape=(100,), dtype=torch.float32)}
      edata_schemes={})
-------------------------------------------------------------labels = labels[:, 0]*************************** step Time(s): 0.0013
-------------------------------------------------------------graph.ndata['features'] = graph.ndata['feat']*************************** step Time(s): 0.0002
-------------------------------------------------graph.ndata['labels'] = labels****************** step Time(s): 0.0001
-------------------------------------------------train_nid, val_nid, test_nid = splitted_idx****************** step Time(s): 0.0589
-------------------------------------------------end of load ogb****************** step Time(s): 0.0092
finish constructing ogbn-products
load ogb-products time total: 5.773214340209961
#nodes: 2449029
#edges: 123718024
#classes: 47
after load_dataset step Time(s): 5.8803
after inductive else step Time(s): 0.0001
args.data_cpu
False
after label step Time(s): 4.1442
after train_g.create_formats_() step Time(s): 2.9721
after pack data step Time(s): 12.6030

----main run function: start generate block_dataloader from full batch train graph
- -- -- --- -- -- --weights_list-- -- -- ------- -- -- -----
1
after generate_random_mini_batch_seeds_list
time of batches_nid_list generation : 0.09286737442016602 sec

 *************************************   src nid of full_batch_block_graph

 *************************************   dict_nid_2_local
full batch block_eids_global_list
1949041
res----------------------------------------

connection checking time 1.9234766960144043
total of block generation time 1.5022950172424316
average of block generation time 1.5022950172424316

----main run function: block dataloader generation total spend   3.9247474670410156

----main run function: start generate block_dataloader from full batch train graph
- -- -- --- -- -- --weights_list-- -- -- ------- -- -- -----
1
after generate_random_mini_batch_seeds_list
time of batches_nid_list generation : 0.08417844772338867 sec

 *************************************   src nid of full_batch_block_graph

 *************************************   dict_nid_2_local
full batch block_eids_global_list
1949041
res----------------------------------------

connection checking time 2.032400608062744
total of block generation time 1.9870774745941162
average of block generation time 1.9870774745941162

----main run function: block dataloader generation total spend   4.592158079147339

----main run function: start generate block_dataloader from full batch train graph
- -- -- --- -- -- --weights_list-- -- -- ------- -- -- -----
1
after generate_random_mini_batch_seeds_list
time of batches_nid_list generation : 0.08442354202270508 sec

 *************************************   src nid of full_batch_block_graph

 *************************************   dict_nid_2_local
full batch block_eids_global_list
1949041
res----------------------------------------

connection checking time 1.9377403259277344
total of block generation time 1.498750925064087
average of block generation time 1.498750925064087

----main run function: block dataloader generation total spend   4.054442882537842

----main run function: start generate block_dataloader from full batch train graph
- -- -- --- -- -- --weights_list-- -- -- ------- -- -- -----
1
after generate_random_mini_batch_seeds_list
time of batches_nid_list generation : 0.08620452880859375 sec

 *************************************   src nid of full_batch_block_graph

 *************************************   dict_nid_2_local
full batch block_eids_global_list
1949041
res----------------------------------------

connection checking time 2.273805856704712
total of block generation time 1.4907505512237549
average of block generation time 1.4907505512237549

----main run function: block dataloader generation total spend   4.26673436164856

----main run function: start generate block_dataloader from full batch train graph
- -- -- --- -- -- --weights_list-- -- -- ------- -- -- -----
1
after generate_random_mini_batch_seeds_list
time of batches_nid_list generation : 0.08224964141845703 sec

 *************************************   src nid of full_batch_block_graph

 *************************************   dict_nid_2_local
full batch block_eids_global_list
1949041
res----------------------------------------

connection checking time 2.002892255783081
total of block generation time 1.416851282119751
average of block generation time 1.416851282119751

----main run function: block dataloader generation total spend   3.976215124130249

----main run function: start generate block_dataloader from full batch train graph
- -- -- --- -- -- --weights_list-- -- -- ------- -- -- -----
1
after generate_random_mini_batch_seeds_list
time of batches_nid_list generation : 0.08900070190429688 sec

 *************************************   src nid of full_batch_block_graph

 *************************************   dict_nid_2_local
full batch block_eids_global_list
1949041
res----------------------------------------

connection checking time 2.11850905418396
total of block generation time 1.5107784271240234
average of block generation time 1.5107784271240234

----main run function: block dataloader generation total spend   4.080252647399902
