main start at this time 1632125693.2599366
before load_data step Time(s): 0.0017
load ogbn-products
-------------------------------------------------------------data = DglNodePropPredDataset(name=name)*************************** step Time(s): 1.4440
finish loading ogbn-products
-------------------------------------------------------------splitted_idx = data.get_idx_split()*************************** step Time(s): 0.2542
-------------------------------------------------------------graph, labels = data[0]*************************** step Time(s): 3.9700
tensor([[0],
        [1],
        [2],
        ...,
        [8],
        [2],
        [4]])
graph after remove self connected edges
Graph(num_nodes=2449029, num_edges=123718024,
      ndata_schemes={'feat': Scheme(shape=(100,), dtype=torch.float32)}
      edata_schemes={})
-------------------------------------------------------------labels = labels[:, 0]*************************** step Time(s): 0.0012
-------------------------------------------------------------graph.ndata['features'] = graph.ndata['feat']*************************** step Time(s): 0.0001
-------------------------------------------------graph.ndata['labels'] = labels****************** step Time(s): 0.0001
-------------------------------------------------train_nid, val_nid, test_nid = splitted_idx****************** step Time(s): 0.0611
-------------------------------------------------end of load ogb****************** step Time(s): 0.0094
finish constructing ogbn-products
load ogb-products time total: 5.740138053894043
#nodes: 2449029
#edges: 123718024
#classes: 47
after load_dataset step Time(s): 5.8374
after inductive else step Time(s): 0.0001
args.data_cpu
False
after label step Time(s): 3.2569
after train_g.create_formats_() step Time(s): 2.7455
after pack data step Time(s): 10.9642

----main run function: start generate block_dataloader from full batch train graph
- -- -- --- -- -- --weights_list-- -- -- ------- -- -- -----
2
after generate_random_mini_batch_seeds_list
time of batches_nid_list generation : 0.1506965160369873 sec

 *************************************   src nid of full_batch_block_graph

 *************************************   dict_nid_2_local
full batch block_eids_global_list
1949041
res----------------------------------------

connection checking time 2.226627826690674
total of block generation time 1.6678121089935303
average of block generation time 0.8339060544967651

----main run function: block dataloader generation total spend   4.640322208404541

----main run function: start generate block_dataloader from full batch train graph
- -- -- --- -- -- --weights_list-- -- -- ------- -- -- -----
2
after generate_random_mini_batch_seeds_list
time of batches_nid_list generation : 0.08341288566589355 sec

 *************************************   src nid of full_batch_block_graph

 *************************************   dict_nid_2_local
full batch block_eids_global_list
1949041
res----------------------------------------

connection checking time 2.1553795337677
total of block generation time 1.6496460437774658
average of block generation time 0.8248230218887329

----main run function: block dataloader generation total spend   4.435768127441406

----main run function: start generate block_dataloader from full batch train graph
- -- -- --- -- -- --weights_list-- -- -- ------- -- -- -----
2
after generate_random_mini_batch_seeds_list
time of batches_nid_list generation : 0.1368846893310547 sec

 *************************************   src nid of full_batch_block_graph

 *************************************   dict_nid_2_local
full batch block_eids_global_list
1949041
res----------------------------------------

connection checking time 2.2842955589294434
total of block generation time 1.8872625827789307
average of block generation time 0.9436312913894653

----main run function: block dataloader generation total spend   4.7817747592926025

----main run function: start generate block_dataloader from full batch train graph
- -- -- --- -- -- --weights_list-- -- -- ------- -- -- -----
2
after generate_random_mini_batch_seeds_list
time of batches_nid_list generation : 0.08574604988098145 sec

 *************************************   src nid of full_batch_block_graph

 *************************************   dict_nid_2_local
full batch block_eids_global_list
1949041
res----------------------------------------

connection checking time 2.219710111618042
total of block generation time 1.6206021308898926
average of block generation time 0.8103010654449463

----main run function: block dataloader generation total spend   4.431612253189087

----main run function: start generate block_dataloader from full batch train graph
- -- -- --- -- -- --weights_list-- -- -- ------- -- -- -----
2
after generate_random_mini_batch_seeds_list
time of batches_nid_list generation : 0.0834498405456543 sec

 *************************************   src nid of full_batch_block_graph

 *************************************   dict_nid_2_local
full batch block_eids_global_list
1949041
res----------------------------------------

connection checking time 2.175501585006714
total of block generation time 1.6858901977539062
average of block generation time 0.8429450988769531

----main run function: block dataloader generation total spend   4.410606622695923

----main run function: start generate block_dataloader from full batch train graph
- -- -- --- -- -- --weights_list-- -- -- ------- -- -- -----
2
after generate_random_mini_batch_seeds_list
time of batches_nid_list generation : 0.07909250259399414 sec

 *************************************   src nid of full_batch_block_graph

 *************************************   dict_nid_2_local
full batch block_eids_global_list
1949041
res----------------------------------------

connection checking time 2.2118141651153564
total of block generation time 1.6899676322937012
average of block generation time 0.8449838161468506

----main run function: block dataloader generation total spend   4.4924468994140625
