main start at this time 1630702018.6863875
before load_data step Time(s): 0.0018
load ogbn-products
-------------------------------------------------------------data = DglNodePropPredDataset(name=name)*************************** step Time(s): 1.5353
finish loading ogbn-products
-------------------------------------------------------------splitted_idx = data.get_idx_split()*************************** step Time(s): 0.2622
-------------------------------------------------------------graph, labels = data[0]*************************** step Time(s): 4.2164
tensor([[0],
        [1],
        [2],
        ...,
        [8],
        [2],
        [4]])
graph after remove self connected edges
Graph(num_nodes=2449029, num_edges=123718024,
      ndata_schemes={'feat': Scheme(shape=(100,), dtype=torch.float32)}
      edata_schemes={})
-------------------------------------------------------------labels = labels[:, 0]*************************** step Time(s): 0.0010
-------------------------------------------------------------graph.ndata['features'] = graph.ndata['feat']*************************** step Time(s): 0.0001
-------------------------------------------------graph.ndata['labels'] = labels****************** step Time(s): 0.0001
-------------------------------------------------train_nid, val_nid, test_nid = splitted_idx****************** step Time(s): 0.0523
-------------------------------------------------end of load ogb****************** step Time(s): 0.0042
finish constructing ogbn-products
load ogb-products time total: 6.0716872215271
#nodes: 2449029
#edges: 123718024
#classes: 47
after load_dataset step Time(s): 6.1865
after inductive else step Time(s): 0.0001
args.data_cpu
False
after label step Time(s): 4.4837
after train_g.create_formats_() step Time(s): 2.6019
after pack data step Time(s): 11.4495


full batch graph output nodes length
196571
block_to_graph.dstdata
OUTPUT_NID.tolist()
196571

list for split-------------------------------------------------------------------------------------------
196571

-------------------------batches_nid_list ----------------------------------------------------------------
132
- -- -- --- -- -- --weights_list-- -- -- ------- -- -- -----
[0.007630830590473671, 0.007630830590473671, 0.007630830590473671, 0.007630830590473671, 0.007630830590473671, 0.007630830590473671, 0.007630830590473671, 0.007630830590473671, 0.007630830590473671, 0.007630830590473671, 0.007630830590473671, 0.007630830590473671, 0.007630830590473671, 0.007630830590473671, 0.007630830590473671, 0.007630830590473671, 0.007630830590473671, 0.007630830590473671, 0.007630830590473671, 0.007630830590473671, 0.007630830590473671, 0.007630830590473671, 0.007630830590473671, 0.007630830590473671, 0.007630830590473671, 0.007630830590473671, 0.007630830590473671, 0.007630830590473671, 0.007630830590473671, 0.007630830590473671, 0.007630830590473671, 0.007630830590473671, 0.007630830590473671, 0.007630830590473671, 0.007630830590473671, 0.007630830590473671, 0.007630830590473671, 0.007630830590473671, 0.007630830590473671, 0.007630830590473671, 0.007630830590473671, 0.007630830590473671, 0.007630830590473671, 0.007630830590473671, 0.007630830590473671, 0.007630830590473671, 0.007630830590473671, 0.007630830590473671, 0.007630830590473671, 0.007630830590473671, 0.007630830590473671, 0.007630830590473671, 0.007630830590473671, 0.007630830590473671, 0.007630830590473671, 0.007630830590473671, 0.007630830590473671, 0.007630830590473671, 0.007630830590473671, 0.007630830590473671, 0.007630830590473671, 0.007630830590473671, 0.007630830590473671, 0.007630830590473671, 0.007630830590473671, 0.007630830590473671, 0.007630830590473671, 0.007630830590473671, 0.007630830590473671, 0.007630830590473671, 0.007630830590473671, 0.007630830590473671, 0.007630830590473671, 0.007630830590473671, 0.007630830590473671, 0.007630830590473671, 0.007630830590473671, 0.007630830590473671, 0.007630830590473671, 0.007630830590473671, 0.007630830590473671, 0.007630830590473671, 0.007630830590473671, 0.007630830590473671, 0.007630830590473671, 0.007630830590473671, 0.007630830590473671, 0.007630830590473671, 0.007630830590473671, 0.007630830590473671, 0.007630830590473671, 0.007630830590473671, 0.007630830590473671, 0.007630830590473671, 0.007630830590473671, 0.007630830590473671, 0.007630830590473671, 0.007630830590473671, 0.007630830590473671, 0.007630830590473671, 0.007630830590473671, 0.007630830590473671, 0.007630830590473671, 0.007630830590473671, 0.007630830590473671, 0.007630830590473671, 0.007630830590473671, 0.007630830590473671, 0.007630830590473671, 0.007630830590473671, 0.007630830590473671, 0.007630830590473671, 0.007630830590473671, 0.007630830590473671, 0.007630830590473671, 0.007630830590473671, 0.007630830590473671, 0.007630830590473671, 0.007630830590473671, 0.007630830590473671, 0.007630830590473671, 0.007630830590473671, 0.007630830590473671, 0.007630830590473671, 0.007630830590473671, 0.007630830590473671, 0.007630830590473671, 0.007630830590473671, 0.007630830590473671, 0.007630830590473671, 0.007630830590473671, 0.0003611926479490871]
after generate_random_mini_batch_seeds_list
time of batches_nid_list generation : 0.14649033546447754 sec
Epoch 0 pseudo_mini_loss sum 4.862927436828613


full batch graph output nodes length
196571
block_to_graph.dstdata
OUTPUT_NID.tolist()
196571

list for split-------------------------------------------------------------------------------------------
196571

-------------------------batches_nid_list ----------------------------------------------------------------
132
- -- -- --- -- -- --weights_list-- -- -- ------- -- -- -----
[0.007630830590473671, 0.007630830590473671, 0.007630830590473671, 0.007630830590473671, 0.007630830590473671, 0.007630830590473671, 0.007630830590473671, 0.007630830590473671, 0.007630830590473671, 0.007630830590473671, 0.007630830590473671, 0.007630830590473671, 0.007630830590473671, 0.007630830590473671, 0.007630830590473671, 0.007630830590473671, 0.007630830590473671, 0.007630830590473671, 0.007630830590473671, 0.007630830590473671, 0.007630830590473671, 0.007630830590473671, 0.007630830590473671, 0.007630830590473671, 0.007630830590473671, 0.007630830590473671, 0.007630830590473671, 0.007630830590473671, 0.007630830590473671, 0.007630830590473671, 0.007630830590473671, 0.007630830590473671, 0.007630830590473671, 0.007630830590473671, 0.007630830590473671, 0.007630830590473671, 0.007630830590473671, 0.007630830590473671, 0.007630830590473671, 0.007630830590473671, 0.007630830590473671, 0.007630830590473671, 0.007630830590473671, 0.007630830590473671, 0.007630830590473671, 0.007630830590473671, 0.007630830590473671, 0.007630830590473671, 0.007630830590473671, 0.007630830590473671, 0.007630830590473671, 0.007630830590473671, 0.007630830590473671, 0.007630830590473671, 0.007630830590473671, 0.007630830590473671, 0.007630830590473671, 0.007630830590473671, 0.007630830590473671, 0.007630830590473671, 0.007630830590473671, 0.007630830590473671, 0.007630830590473671, 0.007630830590473671, 0.007630830590473671, 0.007630830590473671, 0.007630830590473671, 0.007630830590473671, 0.007630830590473671, 0.007630830590473671, 0.007630830590473671, 0.007630830590473671, 0.007630830590473671, 0.007630830590473671, 0.007630830590473671, 0.007630830590473671, 0.007630830590473671, 0.007630830590473671, 0.007630830590473671, 0.007630830590473671, 0.007630830590473671, 0.007630830590473671, 0.007630830590473671, 0.007630830590473671, 0.007630830590473671, 0.007630830590473671, 0.007630830590473671, 0.007630830590473671, 0.007630830590473671, 0.007630830590473671, 0.007630830590473671, 0.007630830590473671, 0.007630830590473671, 0.007630830590473671, 0.007630830590473671, 0.007630830590473671, 0.007630830590473671, 0.007630830590473671, 0.007630830590473671, 0.007630830590473671, 0.007630830590473671, 0.007630830590473671, 0.007630830590473671, 0.007630830590473671, 0.007630830590473671, 0.007630830590473671, 0.007630830590473671, 0.007630830590473671, 0.007630830590473671, 0.007630830590473671, 0.007630830590473671, 0.007630830590473671, 0.007630830590473671, 0.007630830590473671, 0.007630830590473671, 0.007630830590473671, 0.007630830590473671, 0.007630830590473671, 0.007630830590473671, 0.007630830590473671, 0.007630830590473671, 0.007630830590473671, 0.007630830590473671, 0.007630830590473671, 0.007630830590473671, 0.007630830590473671, 0.007630830590473671, 0.007630830590473671, 0.007630830590473671, 0.007630830590473671, 0.007630830590473671, 0.0003611926479490871]
after generate_random_mini_batch_seeds_list
time of batches_nid_list generation : 0.10578155517578125 sec
Epoch 1 pseudo_mini_loss sum 4.672176837921143


full batch graph output nodes length
196571
block_to_graph.dstdata
OUTPUT_NID.tolist()
196571

list for split-------------------------------------------------------------------------------------------
196571

-------------------------batches_nid_list ----------------------------------------------------------------
132
- -- -- --- -- -- --weights_list-- -- -- ------- -- -- -----
[0.007630830590473671, 0.007630830590473671, 0.007630830590473671, 0.007630830590473671, 0.007630830590473671, 0.007630830590473671, 0.007630830590473671, 0.007630830590473671, 0.007630830590473671, 0.007630830590473671, 0.007630830590473671, 0.007630830590473671, 0.007630830590473671, 0.007630830590473671, 0.007630830590473671, 0.007630830590473671, 0.007630830590473671, 0.007630830590473671, 0.007630830590473671, 0.007630830590473671, 0.007630830590473671, 0.007630830590473671, 0.007630830590473671, 0.007630830590473671, 0.007630830590473671, 0.007630830590473671, 0.007630830590473671, 0.007630830590473671, 0.007630830590473671, 0.007630830590473671, 0.007630830590473671, 0.007630830590473671, 0.007630830590473671, 0.007630830590473671, 0.007630830590473671, 0.007630830590473671, 0.007630830590473671, 0.007630830590473671, 0.007630830590473671, 0.007630830590473671, 0.007630830590473671, 0.007630830590473671, 0.007630830590473671, 0.007630830590473671, 0.007630830590473671, 0.007630830590473671, 0.007630830590473671, 0.007630830590473671, 0.007630830590473671, 0.007630830590473671, 0.007630830590473671, 0.007630830590473671, 0.007630830590473671, 0.007630830590473671, 0.007630830590473671, 0.007630830590473671, 0.007630830590473671, 0.007630830590473671, 0.007630830590473671, 0.007630830590473671, 0.007630830590473671, 0.007630830590473671, 0.007630830590473671, 0.007630830590473671, 0.007630830590473671, 0.007630830590473671, 0.007630830590473671, 0.007630830590473671, 0.007630830590473671, 0.007630830590473671, 0.007630830590473671, 0.007630830590473671, 0.007630830590473671, 0.007630830590473671, 0.007630830590473671, 0.007630830590473671, 0.007630830590473671, 0.007630830590473671, 0.007630830590473671, 0.007630830590473671, 0.007630830590473671, 0.007630830590473671, 0.007630830590473671, 0.007630830590473671, 0.007630830590473671, 0.007630830590473671, 0.007630830590473671, 0.007630830590473671, 0.007630830590473671, 0.007630830590473671, 0.007630830590473671, 0.007630830590473671, 0.007630830590473671, 0.007630830590473671, 0.007630830590473671, 0.007630830590473671, 0.007630830590473671, 0.007630830590473671, 0.007630830590473671, 0.007630830590473671, 0.007630830590473671, 0.007630830590473671, 0.007630830590473671, 0.007630830590473671, 0.007630830590473671, 0.007630830590473671, 0.007630830590473671, 0.007630830590473671, 0.007630830590473671, 0.007630830590473671, 0.007630830590473671, 0.007630830590473671, 0.007630830590473671, 0.007630830590473671, 0.007630830590473671, 0.007630830590473671, 0.007630830590473671, 0.007630830590473671, 0.007630830590473671, 0.007630830590473671, 0.007630830590473671, 0.007630830590473671, 0.007630830590473671, 0.007630830590473671, 0.007630830590473671, 0.007630830590473671, 0.007630830590473671, 0.007630830590473671, 0.007630830590473671, 0.007630830590473671, 0.007630830590473671, 0.0003611926479490871]
after generate_random_mini_batch_seeds_list
time of batches_nid_list generation : 0.10280656814575195 sec
Epoch 2 pseudo_mini_loss sum 4.48405122756958


full batch graph output nodes length
196571
block_to_graph.dstdata
OUTPUT_NID.tolist()
196571

list for split-------------------------------------------------------------------------------------------
196571

-------------------------batches_nid_list ----------------------------------------------------------------
132
- -- -- --- -- -- --weights_list-- -- -- ------- -- -- -----
[0.007630830590473671, 0.007630830590473671, 0.007630830590473671, 0.007630830590473671, 0.007630830590473671, 0.007630830590473671, 0.007630830590473671, 0.007630830590473671, 0.007630830590473671, 0.007630830590473671, 0.007630830590473671, 0.007630830590473671, 0.007630830590473671, 0.007630830590473671, 0.007630830590473671, 0.007630830590473671, 0.007630830590473671, 0.007630830590473671, 0.007630830590473671, 0.007630830590473671, 0.007630830590473671, 0.007630830590473671, 0.007630830590473671, 0.007630830590473671, 0.007630830590473671, 0.007630830590473671, 0.007630830590473671, 0.007630830590473671, 0.007630830590473671, 0.007630830590473671, 0.007630830590473671, 0.007630830590473671, 0.007630830590473671, 0.007630830590473671, 0.007630830590473671, 0.007630830590473671, 0.007630830590473671, 0.007630830590473671, 0.007630830590473671, 0.007630830590473671, 0.007630830590473671, 0.007630830590473671, 0.007630830590473671, 0.007630830590473671, 0.007630830590473671, 0.007630830590473671, 0.007630830590473671, 0.007630830590473671, 0.007630830590473671, 0.007630830590473671, 0.007630830590473671, 0.007630830590473671, 0.007630830590473671, 0.007630830590473671, 0.007630830590473671, 0.007630830590473671, 0.007630830590473671, 0.007630830590473671, 0.007630830590473671, 0.007630830590473671, 0.007630830590473671, 0.007630830590473671, 0.007630830590473671, 0.007630830590473671, 0.007630830590473671, 0.007630830590473671, 0.007630830590473671, 0.007630830590473671, 0.007630830590473671, 0.007630830590473671, 0.007630830590473671, 0.007630830590473671, 0.007630830590473671, 0.007630830590473671, 0.007630830590473671, 0.007630830590473671, 0.007630830590473671, 0.007630830590473671, 0.007630830590473671, 0.007630830590473671, 0.007630830590473671, 0.007630830590473671, 0.007630830590473671, 0.007630830590473671, 0.007630830590473671, 0.007630830590473671, 0.007630830590473671, 0.007630830590473671, 0.007630830590473671, 0.007630830590473671, 0.007630830590473671, 0.007630830590473671, 0.007630830590473671, 0.007630830590473671, 0.007630830590473671, 0.007630830590473671, 0.007630830590473671, 0.007630830590473671, 0.007630830590473671, 0.007630830590473671, 0.007630830590473671, 0.007630830590473671, 0.007630830590473671, 0.007630830590473671, 0.007630830590473671, 0.007630830590473671, 0.007630830590473671, 0.007630830590473671, 0.007630830590473671, 0.007630830590473671, 0.007630830590473671, 0.007630830590473671, 0.007630830590473671, 0.007630830590473671, 0.007630830590473671, 0.007630830590473671, 0.007630830590473671, 0.007630830590473671, 0.007630830590473671, 0.007630830590473671, 0.007630830590473671, 0.007630830590473671, 0.007630830590473671, 0.007630830590473671, 0.007630830590473671, 0.007630830590473671, 0.007630830590473671, 0.007630830590473671, 0.007630830590473671, 0.007630830590473671, 0.007630830590473671, 0.0003611926479490871]
after generate_random_mini_batch_seeds_list
time of batches_nid_list generation : 0.10599994659423828 sec
Epoch 3 pseudo_mini_loss sum 4.291674613952637


full batch graph output nodes length
196571
block_to_graph.dstdata
OUTPUT_NID.tolist()
196571

list for split-------------------------------------------------------------------------------------------
196571

-------------------------batches_nid_list ----------------------------------------------------------------
132
- -- -- --- -- -- --weights_list-- -- -- ------- -- -- -----
[0.007630830590473671, 0.007630830590473671, 0.007630830590473671, 0.007630830590473671, 0.007630830590473671, 0.007630830590473671, 0.007630830590473671, 0.007630830590473671, 0.007630830590473671, 0.007630830590473671, 0.007630830590473671, 0.007630830590473671, 0.007630830590473671, 0.007630830590473671, 0.007630830590473671, 0.007630830590473671, 0.007630830590473671, 0.007630830590473671, 0.007630830590473671, 0.007630830590473671, 0.007630830590473671, 0.007630830590473671, 0.007630830590473671, 0.007630830590473671, 0.007630830590473671, 0.007630830590473671, 0.007630830590473671, 0.007630830590473671, 0.007630830590473671, 0.007630830590473671, 0.007630830590473671, 0.007630830590473671, 0.007630830590473671, 0.007630830590473671, 0.007630830590473671, 0.007630830590473671, 0.007630830590473671, 0.007630830590473671, 0.007630830590473671, 0.007630830590473671, 0.007630830590473671, 0.007630830590473671, 0.007630830590473671, 0.007630830590473671, 0.007630830590473671, 0.007630830590473671, 0.007630830590473671, 0.007630830590473671, 0.007630830590473671, 0.007630830590473671, 0.007630830590473671, 0.007630830590473671, 0.007630830590473671, 0.007630830590473671, 0.007630830590473671, 0.007630830590473671, 0.007630830590473671, 0.007630830590473671, 0.007630830590473671, 0.007630830590473671, 0.007630830590473671, 0.007630830590473671, 0.007630830590473671, 0.007630830590473671, 0.007630830590473671, 0.007630830590473671, 0.007630830590473671, 0.007630830590473671, 0.007630830590473671, 0.007630830590473671, 0.007630830590473671, 0.007630830590473671, 0.007630830590473671, 0.007630830590473671, 0.007630830590473671, 0.007630830590473671, 0.007630830590473671, 0.007630830590473671, 0.007630830590473671, 0.007630830590473671, 0.007630830590473671, 0.007630830590473671, 0.007630830590473671, 0.007630830590473671, 0.007630830590473671, 0.007630830590473671, 0.007630830590473671, 0.007630830590473671, 0.007630830590473671, 0.007630830590473671, 0.007630830590473671, 0.007630830590473671, 0.007630830590473671, 0.007630830590473671, 0.007630830590473671, 0.007630830590473671, 0.007630830590473671, 0.007630830590473671, 0.007630830590473671, 0.007630830590473671, 0.007630830590473671, 0.007630830590473671, 0.007630830590473671, 0.007630830590473671, 0.007630830590473671, 0.007630830590473671, 0.007630830590473671, 0.007630830590473671, 0.007630830590473671, 0.007630830590473671, 0.007630830590473671, 0.007630830590473671, 0.007630830590473671, 0.007630830590473671, 0.007630830590473671, 0.007630830590473671, 0.007630830590473671, 0.007630830590473671, 0.007630830590473671, 0.007630830590473671, 0.007630830590473671, 0.007630830590473671, 0.007630830590473671, 0.007630830590473671, 0.007630830590473671, 0.007630830590473671, 0.007630830590473671, 0.007630830590473671, 0.007630830590473671, 0.007630830590473671, 0.007630830590473671, 0.0003611926479490871]
after generate_random_mini_batch_seeds_list
time of batches_nid_list generation : 0.10279393196105957 sec
Epoch 4 pseudo_mini_loss sum 4.091945648193359


full batch graph output nodes length
196571
block_to_graph.dstdata
OUTPUT_NID.tolist()
196571

list for split-------------------------------------------------------------------------------------------
196571

-------------------------batches_nid_list ----------------------------------------------------------------
132
- -- -- --- -- -- --weights_list-- -- -- ------- -- -- -----
[0.007630830590473671, 0.007630830590473671, 0.007630830590473671, 0.007630830590473671, 0.007630830590473671, 0.007630830590473671, 0.007630830590473671, 0.007630830590473671, 0.007630830590473671, 0.007630830590473671, 0.007630830590473671, 0.007630830590473671, 0.007630830590473671, 0.007630830590473671, 0.007630830590473671, 0.007630830590473671, 0.007630830590473671, 0.007630830590473671, 0.007630830590473671, 0.007630830590473671, 0.007630830590473671, 0.007630830590473671, 0.007630830590473671, 0.007630830590473671, 0.007630830590473671, 0.007630830590473671, 0.007630830590473671, 0.007630830590473671, 0.007630830590473671, 0.007630830590473671, 0.007630830590473671, 0.007630830590473671, 0.007630830590473671, 0.007630830590473671, 0.007630830590473671, 0.007630830590473671, 0.007630830590473671, 0.007630830590473671, 0.007630830590473671, 0.007630830590473671, 0.007630830590473671, 0.007630830590473671, 0.007630830590473671, 0.007630830590473671, 0.007630830590473671, 0.007630830590473671, 0.007630830590473671, 0.007630830590473671, 0.007630830590473671, 0.007630830590473671, 0.007630830590473671, 0.007630830590473671, 0.007630830590473671, 0.007630830590473671, 0.007630830590473671, 0.007630830590473671, 0.007630830590473671, 0.007630830590473671, 0.007630830590473671, 0.007630830590473671, 0.007630830590473671, 0.007630830590473671, 0.007630830590473671, 0.007630830590473671, 0.007630830590473671, 0.007630830590473671, 0.007630830590473671, 0.007630830590473671, 0.007630830590473671, 0.007630830590473671, 0.007630830590473671, 0.007630830590473671, 0.007630830590473671, 0.007630830590473671, 0.007630830590473671, 0.007630830590473671, 0.007630830590473671, 0.007630830590473671, 0.007630830590473671, 0.007630830590473671, 0.007630830590473671, 0.007630830590473671, 0.007630830590473671, 0.007630830590473671, 0.007630830590473671, 0.007630830590473671, 0.007630830590473671, 0.007630830590473671, 0.007630830590473671, 0.007630830590473671, 0.007630830590473671, 0.007630830590473671, 0.007630830590473671, 0.007630830590473671, 0.007630830590473671, 0.007630830590473671, 0.007630830590473671, 0.007630830590473671, 0.007630830590473671, 0.007630830590473671, 0.007630830590473671, 0.007630830590473671, 0.007630830590473671, 0.007630830590473671, 0.007630830590473671, 0.007630830590473671, 0.007630830590473671, 0.007630830590473671, 0.007630830590473671, 0.007630830590473671, 0.007630830590473671, 0.007630830590473671, 0.007630830590473671, 0.007630830590473671, 0.007630830590473671, 0.007630830590473671, 0.007630830590473671, 0.007630830590473671, 0.007630830590473671, 0.007630830590473671, 0.007630830590473671, 0.007630830590473671, 0.007630830590473671, 0.007630830590473671, 0.007630830590473671, 0.007630830590473671, 0.007630830590473671, 0.007630830590473671, 0.007630830590473671, 0.007630830590473671, 0.007630830590473671, 0.0003611926479490871]
after generate_random_mini_batch_seeds_list
time of batches_nid_list generation : 0.10503625869750977 sec
Epoch 5 pseudo_mini_loss sum 3.872248888015747
Eval Acc 0.0904
train Acc 0.0916
Test Acc: 0.0758
