main start at this time 1630687885.679016
before load_data step Time(s): 0.0017
load ogbn-products
-------------------------------------------------------------data = DglNodePropPredDataset(name=name)*************************** step Time(s): 1.3314
finish loading ogbn-products
-------------------------------------------------------------splitted_idx = data.get_idx_split()*************************** step Time(s): 0.2524
-------------------------------------------------------------graph, labels = data[0]*************************** step Time(s): 4.0396
tensor([[0],
        [1],
        [2],
        ...,
        [8],
        [2],
        [4]])
graph after remove self connected edges
Graph(num_nodes=2449029, num_edges=123718024,
      ndata_schemes={'feat': Scheme(shape=(100,), dtype=torch.float32)}
      edata_schemes={})
-------------------------------------------------------------labels = labels[:, 0]*************************** step Time(s): 0.0011
-------------------------------------------------------------graph.ndata['features'] = graph.ndata['feat']*************************** step Time(s): 0.0002
-------------------------------------------------graph.ndata['labels'] = labels****************** step Time(s): 0.0001
-------------------------------------------------train_nid, val_nid, test_nid = splitted_idx****************** step Time(s): 0.0611
-------------------------------------------------end of load ogb****************** step Time(s): 0.0037
finish constructing ogbn-products
load ogb-products time total: 5.6895751953125
#nodes: 2449029
#edges: 123718024
#classes: 47
after load_dataset step Time(s): 5.7803
after inductive else step Time(s): 0.0001
args.data_cpu
False
after label step Time(s): 4.8869
after train_g.create_formats_() step Time(s): 2.9703
after pack data step Time(s): 11.9825


full batch graph output nodes length
196571
block_to_graph.dstdata
OUTPUT_NID.tolist()
196571

list for split-------------------------------------------------------------------------------------------
196571

-------------------------batches_nid_list ----------------------------------------------------------------
66
- -- -- --- -- -- --weights_list-- -- -- ------- -- -- -----
[0.015261661180947341, 0.015261661180947341, 0.015261661180947341, 0.015261661180947341, 0.015261661180947341, 0.015261661180947341, 0.015261661180947341, 0.015261661180947341, 0.015261661180947341, 0.015261661180947341, 0.015261661180947341, 0.015261661180947341, 0.015261661180947341, 0.015261661180947341, 0.015261661180947341, 0.015261661180947341, 0.015261661180947341, 0.015261661180947341, 0.015261661180947341, 0.015261661180947341, 0.015261661180947341, 0.015261661180947341, 0.015261661180947341, 0.015261661180947341, 0.015261661180947341, 0.015261661180947341, 0.015261661180947341, 0.015261661180947341, 0.015261661180947341, 0.015261661180947341, 0.015261661180947341, 0.015261661180947341, 0.015261661180947341, 0.015261661180947341, 0.015261661180947341, 0.015261661180947341, 0.015261661180947341, 0.015261661180947341, 0.015261661180947341, 0.015261661180947341, 0.015261661180947341, 0.015261661180947341, 0.015261661180947341, 0.015261661180947341, 0.015261661180947341, 0.015261661180947341, 0.015261661180947341, 0.015261661180947341, 0.015261661180947341, 0.015261661180947341, 0.015261661180947341, 0.015261661180947341, 0.015261661180947341, 0.015261661180947341, 0.015261661180947341, 0.015261661180947341, 0.015261661180947341, 0.015261661180947341, 0.015261661180947341, 0.015261661180947341, 0.015261661180947341, 0.015261661180947341, 0.015261661180947341, 0.015261661180947341, 0.015261661180947341, 0.007992023238422758]
after generate_random_mini_batch_seeds_list
time of batches_nid_list generation : 0.11630678176879883 sec
Epoch 0 pseudo_mini_loss sum 4.863262176513672


full batch graph output nodes length
196571
block_to_graph.dstdata
OUTPUT_NID.tolist()
196571

list for split-------------------------------------------------------------------------------------------
196571

-------------------------batches_nid_list ----------------------------------------------------------------
66
- -- -- --- -- -- --weights_list-- -- -- ------- -- -- -----
[0.015261661180947341, 0.015261661180947341, 0.015261661180947341, 0.015261661180947341, 0.015261661180947341, 0.015261661180947341, 0.015261661180947341, 0.015261661180947341, 0.015261661180947341, 0.015261661180947341, 0.015261661180947341, 0.015261661180947341, 0.015261661180947341, 0.015261661180947341, 0.015261661180947341, 0.015261661180947341, 0.015261661180947341, 0.015261661180947341, 0.015261661180947341, 0.015261661180947341, 0.015261661180947341, 0.015261661180947341, 0.015261661180947341, 0.015261661180947341, 0.015261661180947341, 0.015261661180947341, 0.015261661180947341, 0.015261661180947341, 0.015261661180947341, 0.015261661180947341, 0.015261661180947341, 0.015261661180947341, 0.015261661180947341, 0.015261661180947341, 0.015261661180947341, 0.015261661180947341, 0.015261661180947341, 0.015261661180947341, 0.015261661180947341, 0.015261661180947341, 0.015261661180947341, 0.015261661180947341, 0.015261661180947341, 0.015261661180947341, 0.015261661180947341, 0.015261661180947341, 0.015261661180947341, 0.015261661180947341, 0.015261661180947341, 0.015261661180947341, 0.015261661180947341, 0.015261661180947341, 0.015261661180947341, 0.015261661180947341, 0.015261661180947341, 0.015261661180947341, 0.015261661180947341, 0.015261661180947341, 0.015261661180947341, 0.015261661180947341, 0.015261661180947341, 0.015261661180947341, 0.015261661180947341, 0.015261661180947341, 0.015261661180947341, 0.007992023238422758]
after generate_random_mini_batch_seeds_list
time of batches_nid_list generation : 0.10767340660095215 sec
Epoch 1 pseudo_mini_loss sum 4.672046184539795


full batch graph output nodes length
196571
block_to_graph.dstdata
OUTPUT_NID.tolist()
196571

list for split-------------------------------------------------------------------------------------------
196571

-------------------------batches_nid_list ----------------------------------------------------------------
66
- -- -- --- -- -- --weights_list-- -- -- ------- -- -- -----
[0.015261661180947341, 0.015261661180947341, 0.015261661180947341, 0.015261661180947341, 0.015261661180947341, 0.015261661180947341, 0.015261661180947341, 0.015261661180947341, 0.015261661180947341, 0.015261661180947341, 0.015261661180947341, 0.015261661180947341, 0.015261661180947341, 0.015261661180947341, 0.015261661180947341, 0.015261661180947341, 0.015261661180947341, 0.015261661180947341, 0.015261661180947341, 0.015261661180947341, 0.015261661180947341, 0.015261661180947341, 0.015261661180947341, 0.015261661180947341, 0.015261661180947341, 0.015261661180947341, 0.015261661180947341, 0.015261661180947341, 0.015261661180947341, 0.015261661180947341, 0.015261661180947341, 0.015261661180947341, 0.015261661180947341, 0.015261661180947341, 0.015261661180947341, 0.015261661180947341, 0.015261661180947341, 0.015261661180947341, 0.015261661180947341, 0.015261661180947341, 0.015261661180947341, 0.015261661180947341, 0.015261661180947341, 0.015261661180947341, 0.015261661180947341, 0.015261661180947341, 0.015261661180947341, 0.015261661180947341, 0.015261661180947341, 0.015261661180947341, 0.015261661180947341, 0.015261661180947341, 0.015261661180947341, 0.015261661180947341, 0.015261661180947341, 0.015261661180947341, 0.015261661180947341, 0.015261661180947341, 0.015261661180947341, 0.015261661180947341, 0.015261661180947341, 0.015261661180947341, 0.015261661180947341, 0.015261661180947341, 0.015261661180947341, 0.007992023238422758]
after generate_random_mini_batch_seeds_list
time of batches_nid_list generation : 0.10853266716003418 sec
Epoch 2 pseudo_mini_loss sum 4.483774185180664


full batch graph output nodes length
196571
block_to_graph.dstdata
OUTPUT_NID.tolist()
196571

list for split-------------------------------------------------------------------------------------------
196571

-------------------------batches_nid_list ----------------------------------------------------------------
66
- -- -- --- -- -- --weights_list-- -- -- ------- -- -- -----
[0.015261661180947341, 0.015261661180947341, 0.015261661180947341, 0.015261661180947341, 0.015261661180947341, 0.015261661180947341, 0.015261661180947341, 0.015261661180947341, 0.015261661180947341, 0.015261661180947341, 0.015261661180947341, 0.015261661180947341, 0.015261661180947341, 0.015261661180947341, 0.015261661180947341, 0.015261661180947341, 0.015261661180947341, 0.015261661180947341, 0.015261661180947341, 0.015261661180947341, 0.015261661180947341, 0.015261661180947341, 0.015261661180947341, 0.015261661180947341, 0.015261661180947341, 0.015261661180947341, 0.015261661180947341, 0.015261661180947341, 0.015261661180947341, 0.015261661180947341, 0.015261661180947341, 0.015261661180947341, 0.015261661180947341, 0.015261661180947341, 0.015261661180947341, 0.015261661180947341, 0.015261661180947341, 0.015261661180947341, 0.015261661180947341, 0.015261661180947341, 0.015261661180947341, 0.015261661180947341, 0.015261661180947341, 0.015261661180947341, 0.015261661180947341, 0.015261661180947341, 0.015261661180947341, 0.015261661180947341, 0.015261661180947341, 0.015261661180947341, 0.015261661180947341, 0.015261661180947341, 0.015261661180947341, 0.015261661180947341, 0.015261661180947341, 0.015261661180947341, 0.015261661180947341, 0.015261661180947341, 0.015261661180947341, 0.015261661180947341, 0.015261661180947341, 0.015261661180947341, 0.015261661180947341, 0.015261661180947341, 0.015261661180947341, 0.007992023238422758]
after generate_random_mini_batch_seeds_list
time of batches_nid_list generation : 0.10072636604309082 sec
Epoch 3 pseudo_mini_loss sum 4.292793273925781


full batch graph output nodes length
196571
block_to_graph.dstdata
OUTPUT_NID.tolist()
196571

list for split-------------------------------------------------------------------------------------------
196571

-------------------------batches_nid_list ----------------------------------------------------------------
66
- -- -- --- -- -- --weights_list-- -- -- ------- -- -- -----
[0.015261661180947341, 0.015261661180947341, 0.015261661180947341, 0.015261661180947341, 0.015261661180947341, 0.015261661180947341, 0.015261661180947341, 0.015261661180947341, 0.015261661180947341, 0.015261661180947341, 0.015261661180947341, 0.015261661180947341, 0.015261661180947341, 0.015261661180947341, 0.015261661180947341, 0.015261661180947341, 0.015261661180947341, 0.015261661180947341, 0.015261661180947341, 0.015261661180947341, 0.015261661180947341, 0.015261661180947341, 0.015261661180947341, 0.015261661180947341, 0.015261661180947341, 0.015261661180947341, 0.015261661180947341, 0.015261661180947341, 0.015261661180947341, 0.015261661180947341, 0.015261661180947341, 0.015261661180947341, 0.015261661180947341, 0.015261661180947341, 0.015261661180947341, 0.015261661180947341, 0.015261661180947341, 0.015261661180947341, 0.015261661180947341, 0.015261661180947341, 0.015261661180947341, 0.015261661180947341, 0.015261661180947341, 0.015261661180947341, 0.015261661180947341, 0.015261661180947341, 0.015261661180947341, 0.015261661180947341, 0.015261661180947341, 0.015261661180947341, 0.015261661180947341, 0.015261661180947341, 0.015261661180947341, 0.015261661180947341, 0.015261661180947341, 0.015261661180947341, 0.015261661180947341, 0.015261661180947341, 0.015261661180947341, 0.015261661180947341, 0.015261661180947341, 0.015261661180947341, 0.015261661180947341, 0.015261661180947341, 0.015261661180947341, 0.007992023238422758]
after generate_random_mini_batch_seeds_list
time of batches_nid_list generation : 0.11181139945983887 sec
Epoch 4 pseudo_mini_loss sum 4.089773178100586


full batch graph output nodes length
196571
block_to_graph.dstdata
OUTPUT_NID.tolist()
196571

list for split-------------------------------------------------------------------------------------------
196571

-------------------------batches_nid_list ----------------------------------------------------------------
66
- -- -- --- -- -- --weights_list-- -- -- ------- -- -- -----
[0.015261661180947341, 0.015261661180947341, 0.015261661180947341, 0.015261661180947341, 0.015261661180947341, 0.015261661180947341, 0.015261661180947341, 0.015261661180947341, 0.015261661180947341, 0.015261661180947341, 0.015261661180947341, 0.015261661180947341, 0.015261661180947341, 0.015261661180947341, 0.015261661180947341, 0.015261661180947341, 0.015261661180947341, 0.015261661180947341, 0.015261661180947341, 0.015261661180947341, 0.015261661180947341, 0.015261661180947341, 0.015261661180947341, 0.015261661180947341, 0.015261661180947341, 0.015261661180947341, 0.015261661180947341, 0.015261661180947341, 0.015261661180947341, 0.015261661180947341, 0.015261661180947341, 0.015261661180947341, 0.015261661180947341, 0.015261661180947341, 0.015261661180947341, 0.015261661180947341, 0.015261661180947341, 0.015261661180947341, 0.015261661180947341, 0.015261661180947341, 0.015261661180947341, 0.015261661180947341, 0.015261661180947341, 0.015261661180947341, 0.015261661180947341, 0.015261661180947341, 0.015261661180947341, 0.015261661180947341, 0.015261661180947341, 0.015261661180947341, 0.015261661180947341, 0.015261661180947341, 0.015261661180947341, 0.015261661180947341, 0.015261661180947341, 0.015261661180947341, 0.015261661180947341, 0.015261661180947341, 0.015261661180947341, 0.015261661180947341, 0.015261661180947341, 0.015261661180947341, 0.015261661180947341, 0.015261661180947341, 0.015261661180947341, 0.007992023238422758]
after generate_random_mini_batch_seeds_list
time of batches_nid_list generation : 0.10872030258178711 sec
Epoch 5 pseudo_mini_loss sum 3.8718509674072266
Eval Acc 0.0903
train Acc 0.0915
Test Acc: 0.0759
