main start at this time 1630641033.6839855
before load_data step Time(s): 0.0017
load ogbn-products
-------------------------------------------------------------data = DglNodePropPredDataset(name=name)*************************** step Time(s): 1.5133
finish loading ogbn-products
-------------------------------------------------------------splitted_idx = data.get_idx_split()*************************** step Time(s): 0.2570
-------------------------------------------------------------graph, labels = data[0]*************************** step Time(s): 4.1470
tensor([[0],
        [1],
        [2],
        ...,
        [8],
        [2],
        [4]])
graph after remove self connected edges
Graph(num_nodes=2449029, num_edges=123718024,
      ndata_schemes={'feat': Scheme(shape=(100,), dtype=torch.float32)}
      edata_schemes={})
-------------------------------------------------------------labels = labels[:, 0]*************************** step Time(s): 0.0010
-------------------------------------------------------------graph.ndata['features'] = graph.ndata['feat']*************************** step Time(s): 0.0002
-------------------------------------------------graph.ndata['labels'] = labels****************** step Time(s): 0.0001
-------------------------------------------------train_nid, val_nid, test_nid = splitted_idx****************** step Time(s): 0.0599
-------------------------------------------------end of load ogb****************** step Time(s): 0.0039
finish constructing ogbn-products
load ogb-products time total: 5.982402563095093
#nodes: 2449029
#edges: 123718024
#classes: 47
after load_dataset step Time(s): 6.0939
after inductive else step Time(s): 0.0001
args.data_cpu
False
after label step Time(s): 4.7073
after train_g.create_formats_() step Time(s): 2.3844
after pack data step Time(s): 10.7310


full batch graph output nodes length
196571
block_to_graph.dstdata
OUTPUT_NID.tolist()
196571

list for split-------------------------------------------------------------------------------------------
196571

-------------------------batches_nid_list ----------------------------------------------------------------
8
- -- -- --- -- -- --weights_list-- -- -- ------- -- -- -----
[0.1250286156147143, 0.1250286156147143, 0.1250286156147143, 0.1250286156147143, 0.1250286156147143, 0.1250286156147143, 0.1250286156147143, 0.12479969069700006]
after generate_random_mini_batch_seeds_list
time of batches_nid_list generation : 0.11417365074157715 sec
Epoch 0 pseudo_mini_loss sum 5.118242263793945


full batch graph output nodes length
196571
block_to_graph.dstdata
OUTPUT_NID.tolist()
196571

list for split-------------------------------------------------------------------------------------------
196571

-------------------------batches_nid_list ----------------------------------------------------------------
8
- -- -- --- -- -- --weights_list-- -- -- ------- -- -- -----
[0.1250286156147143, 0.1250286156147143, 0.1250286156147143, 0.1250286156147143, 0.1250286156147143, 0.1250286156147143, 0.1250286156147143, 0.12479969069700006]
after generate_random_mini_batch_seeds_list
time of batches_nid_list generation : 0.1066749095916748 sec
Epoch 1 pseudo_mini_loss sum 5.019493103027344


full batch graph output nodes length
196571
block_to_graph.dstdata
OUTPUT_NID.tolist()
196571

list for split-------------------------------------------------------------------------------------------
196571

-------------------------batches_nid_list ----------------------------------------------------------------
8
- -- -- --- -- -- --weights_list-- -- -- ------- -- -- -----
[0.1250286156147143, 0.1250286156147143, 0.1250286156147143, 0.1250286156147143, 0.1250286156147143, 0.1250286156147143, 0.1250286156147143, 0.12479969069700006]
after generate_random_mini_batch_seeds_list
time of batches_nid_list generation : 0.11153793334960938 sec
Epoch 2 pseudo_mini_loss sum 4.928286552429199


full batch graph output nodes length
196571
block_to_graph.dstdata
OUTPUT_NID.tolist()
196571

list for split-------------------------------------------------------------------------------------------
196571

-------------------------batches_nid_list ----------------------------------------------------------------
8
- -- -- --- -- -- --weights_list-- -- -- ------- -- -- -----
[0.1250286156147143, 0.1250286156147143, 0.1250286156147143, 0.1250286156147143, 0.1250286156147143, 0.1250286156147143, 0.1250286156147143, 0.12479969069700006]
after generate_random_mini_batch_seeds_list
time of batches_nid_list generation : 0.1768500804901123 sec
Epoch 3 pseudo_mini_loss sum 4.8312225341796875


full batch graph output nodes length
196571
block_to_graph.dstdata
OUTPUT_NID.tolist()
196571

list for split-------------------------------------------------------------------------------------------
196571

-------------------------batches_nid_list ----------------------------------------------------------------
8
- -- -- --- -- -- --weights_list-- -- -- ------- -- -- -----
[0.1250286156147143, 0.1250286156147143, 0.1250286156147143, 0.1250286156147143, 0.1250286156147143, 0.1250286156147143, 0.1250286156147143, 0.12479969069700006]
after generate_random_mini_batch_seeds_list
time of batches_nid_list generation : 0.11210203170776367 sec
Epoch 4 pseudo_mini_loss sum 4.738399028778076


full batch graph output nodes length
196571
block_to_graph.dstdata
OUTPUT_NID.tolist()
196571

list for split-------------------------------------------------------------------------------------------
196571

-------------------------batches_nid_list ----------------------------------------------------------------
8
- -- -- --- -- -- --weights_list-- -- -- ------- -- -- -----
[0.1250286156147143, 0.1250286156147143, 0.1250286156147143, 0.1250286156147143, 0.1250286156147143, 0.1250286156147143, 0.1250286156147143, 0.12479969069700006]
after generate_random_mini_batch_seeds_list
time of batches_nid_list generation : 0.11241316795349121 sec
Epoch 5 pseudo_mini_loss sum 4.6502685546875
Eval Acc 0.0398
train Acc 0.0402
Test Acc: 0.0335
