main start at this time 1633733950.248471
before load_data step Time(s): 0.0018
after load_dataset step Time(s): 5.6131
after inductive else step Time(s): 0.0001
args.data_cpu
False
after label step Time(s): 3.6284
after train_g.create_formats_() step Time(s): 1.0686
after pack data step Time(s): 0.0100
Epoch 0
----main run function: start generate block_dataloader from full batch train graph
- -- -- --- -- -- --weights_list-- -- -- ------- -- -- -----
8
after generate_random_mini_batch_seeds_list
time of batches_nid_list generation : 0.1048436164855957 sec

 *************************************   src nid of full_batch_block_graph

 *************************************   dict_nid_2_local
full batch block_eids_global_list
1485901
res----------------------------------------

connection checking time 1.8190345764160156
total of block generation time 0.5776066780090332
average of block generation time 0.07220083475112915
----main run function: block dataloader generation total spend   2.810781240463257
length of block dataloader
8
current Epoch training on CPU without block data loder Time(s): 1.5986
pseudo_mini_loss sum 5.460453987121582
Epoch 00000 | Step 00000 | Loss 0.6283 | Train Acc 0.0270 | Speed (samples/sec) 231644.3528 | GPU 0.9323 GB
		avg iteration(step) data from cpu to GPU time:97.51012325 ms
		avg iteration GPU training time:100.68449950 ms
		avg iteration (step) total cpu time:199.25338030 ms
Epoch 1
----main run function: start generate block_dataloader from full batch train graph
- -- -- --- -- -- --weights_list-- -- -- ------- -- -- -----
8
after generate_random_mini_batch_seeds_list
time of batches_nid_list generation : 0.12185454368591309 sec

 *************************************   src nid of full_batch_block_graph

 *************************************   dict_nid_2_local
full batch block_eids_global_list
1485901
res----------------------------------------

connection checking time 1.775686502456665
total of block generation time 0.8637301921844482
average of block generation time 0.10796627402305603
----main run function: block dataloader generation total spend   3.1282198429107666
length of block dataloader
8
current Epoch training on CPU without block data loder Time(s): 0.7238
pseudo_mini_loss sum 4.593761920928955
		avg iteration(step) data from cpu to GPU time:75.56819630 ms
		avg iteration GPU training time:13.89844787 ms
		avg iteration (step) total cpu time:89.82923627 ms
Epoch 2
----main run function: start generate block_dataloader from full batch train graph
- -- -- --- -- -- --weights_list-- -- -- ------- -- -- -----
8
after generate_random_mini_batch_seeds_list
time of batches_nid_list generation : 0.06107449531555176 sec

 *************************************   src nid of full_batch_block_graph

 *************************************   dict_nid_2_local
full batch block_eids_global_list
1485901
res----------------------------------------

connection checking time 1.8289763927459717
total of block generation time 0.924217700958252
average of block generation time 0.1155272126197815
----main run function: block dataloader generation total spend   3.0989737510681152
length of block dataloader
8
current Epoch training on CPU without block data loder Time(s): 0.7228
pseudo_mini_loss sum 3.8888206481933594
		avg iteration(step) data from cpu to GPU time:77.10488462 ms
		avg iteration GPU training time:12.23223186 ms
		avg iteration (step) total cpu time:89.76238966 ms
Epoch 3
----main run function: start generate block_dataloader from full batch train graph
- -- -- --- -- -- --weights_list-- -- -- ------- -- -- -----
8
after generate_random_mini_batch_seeds_list
time of batches_nid_list generation : 0.06204366683959961 sec

 *************************************   src nid of full_batch_block_graph

 *************************************   dict_nid_2_local
full batch block_eids_global_list
1485901
res----------------------------------------

connection checking time 1.9287567138671875
total of block generation time 1.0052199363708496
average of block generation time 0.1256524920463562
----main run function: block dataloader generation total spend   3.2929482460021973
length of block dataloader
8
current Epoch training on CPU without block data loder Time(s): 0.7272
pseudo_mini_loss sum 3.390923500061035
		avg iteration(step) data from cpu to GPU time:77.18259525 ms
		avg iteration GPU training time:12.71095586 ms
		avg iteration (step) total cpu time:90.27680755 ms
Epoch 4
----main run function: start generate block_dataloader from full batch train graph
- -- -- --- -- -- --weights_list-- -- -- ------- -- -- -----
8
after generate_random_mini_batch_seeds_list
time of batches_nid_list generation : 0.06117057800292969 sec

 *************************************   src nid of full_batch_block_graph

 *************************************   dict_nid_2_local
full batch block_eids_global_list
1485901
res----------------------------------------

connection checking time 1.8493356704711914
total of block generation time 0.8833081722259521
average of block generation time 0.11041352152824402
----main run function: block dataloader generation total spend   3.1127450466156006
length of block dataloader
8
current Epoch training on CPU without block data loder Time(s): 0.6691
pseudo_mini_loss sum 3.0249295234680176
		avg iteration(step) data from cpu to GPU time:69.34694338 ms
		avg iteration GPU training time:13.28252006 ms
		avg iteration (step) total cpu time:82.99094439 ms
Epoch 5
----main run function: start generate block_dataloader from full batch train graph
- -- -- --- -- -- --weights_list-- -- -- ------- -- -- -----
8
after generate_random_mini_batch_seeds_list
time of batches_nid_list generation : 0.0629730224609375 sec

 *************************************   src nid of full_batch_block_graph

 *************************************   dict_nid_2_local
full batch block_eids_global_list
1485901
res----------------------------------------

connection checking time 1.8416109085083008
total of block generation time 0.7846348285675049
average of block generation time 0.09807935357093811
----main run function: block dataloader generation total spend   3.0631356239318848
length of block dataloader
8
current Epoch training on CPU without block data loder Time(s): 0.6587
pseudo_mini_loss sum 2.7212936878204346
Epoch 00005 | Step 00000 | Loss 0.3538 | Train Acc 0.2858 | Speed (samples/sec) 227250.2669 | GPU 0.9330 GB
		avg iteration(step) data from cpu to GPU time:68.67232800 ms
		avg iteration GPU training time:12.70949197 ms
		avg iteration (step) total cpu time:81.75450563 ms
	total avg iteration(step) data from cpu to GPU time:0.07307669 s
	total avg iteration GPU training time:0.01273380 s
	total avg iteration (step) total cpu time:0.08619616 s

total avg epoch training  total cpu time:0.69447815 s

total avg block generate cpu time:3.14195067 second
train Acc: 0.4213
Test Acc: 0.4139
