main start at this time 1633733551.5671332
before load_data step Time(s): 0.0018
after load_dataset step Time(s): 5.0987
after inductive else step Time(s): 0.0001
args.data_cpu
False
after label step Time(s): 3.6246
after train_g.create_formats_() step Time(s): 0.9598
after pack data step Time(s): 0.0069
Epoch 0
----main run function: start generate block_dataloader from full batch train graph
- -- -- --- -- -- --weights_list-- -- -- ------- -- -- -----
1
after generate_random_mini_batch_seeds_list
time of batches_nid_list generation : 0.06302762031555176 sec

 *************************************   src nid of full_batch_block_graph

 *************************************   dict_nid_2_local
full batch block_eids_global_list
1485901
res----------------------------------------

connection checking time 1.133286952972412
total of block generation time 0.4372386932373047
average of block generation time 0.4372386932373047
----main run function: block dataloader generation total spend   1.8744373321533203
length of block dataloader
1
current Epoch training on CPU without block data loder Time(s): 1.0931
pseudo_mini_loss sum 5.465818881988525
Epoch 00000 | Step 00000 | Loss 5.4658 | Train Acc 0.0279 | Speed (samples/sec) nan | GPU 1.1167 GB
		avg iteration(step) data from cpu to GPU time:357.07498169 ms
		avg iteration GPU training time:722.17266846 ms
		avg iteration (step) total cpu time:1090.03663063 ms
Epoch 1
----main run function: start generate block_dataloader from full batch train graph
- -- -- --- -- -- --weights_list-- -- -- ------- -- -- -----
1
after generate_random_mini_batch_seeds_list
time of batches_nid_list generation : 0.06978249549865723 sec

 *************************************   src nid of full_batch_block_graph

 *************************************   dict_nid_2_local
full batch block_eids_global_list
1485901
res----------------------------------------

connection checking time 1.125150203704834
total of block generation time 0.7058775424957275
average of block generation time 0.7058775424957275
----main run function: block dataloader generation total spend   2.1922338008880615
length of block dataloader
1
current Epoch training on CPU without block data loder Time(s): 0.2438
pseudo_mini_loss sum 4.591736316680908
		avg iteration(step) data from cpu to GPU time:193.17042542 ms
		avg iteration GPU training time:37.92582321 ms
		avg iteration (step) total cpu time:241.58477783 ms
Epoch 2
----main run function: start generate block_dataloader from full batch train graph
- -- -- --- -- -- --weights_list-- -- -- ------- -- -- -----
1
after generate_random_mini_batch_seeds_list
time of batches_nid_list generation : 0.06655168533325195 sec

 *************************************   src nid of full_batch_block_graph

 *************************************   dict_nid_2_local
full batch block_eids_global_list
1485901
res----------------------------------------

connection checking time 1.1599767208099365
total of block generation time 0.46209263801574707
average of block generation time 0.46209263801574707
----main run function: block dataloader generation total spend   1.948476791381836
length of block dataloader
1
current Epoch training on CPU without block data loder Time(s): 0.2021
pseudo_mini_loss sum 3.8880579471588135
		avg iteration(step) data from cpu to GPU time:151.66557312 ms
		avg iteration GPU training time:38.91635132 ms
		avg iteration (step) total cpu time:200.46639442 ms
Epoch 3
----main run function: start generate block_dataloader from full batch train graph
- -- -- --- -- -- --weights_list-- -- -- ------- -- -- -----
1
after generate_random_mini_batch_seeds_list
time of batches_nid_list generation : 0.1190028190612793 sec

 *************************************   src nid of full_batch_block_graph

 *************************************   dict_nid_2_local
full batch block_eids_global_list
1485901
res----------------------------------------

connection checking time 1.3500237464904785
total of block generation time 0.7391576766967773
average of block generation time 0.7391576766967773
----main run function: block dataloader generation total spend   2.470951795578003
length of block dataloader
1
current Epoch training on CPU without block data loder Time(s): 0.2356
pseudo_mini_loss sum 3.3881497383117676
		avg iteration(step) data from cpu to GPU time:182.92393494 ms
		avg iteration GPU training time:40.46076965 ms
		avg iteration (step) total cpu time:233.96945000 ms
Epoch 4
----main run function: start generate block_dataloader from full batch train graph
- -- -- --- -- -- --weights_list-- -- -- ------- -- -- -----
1
after generate_random_mini_batch_seeds_list
time of batches_nid_list generation : 0.06428956985473633 sec

 *************************************   src nid of full_batch_block_graph

 *************************************   dict_nid_2_local
full batch block_eids_global_list
1485901
res----------------------------------------

connection checking time 1.1550261974334717
total of block generation time 0.49751710891723633
average of block generation time 0.49751710891723633
----main run function: block dataloader generation total spend   2.0106472969055176
length of block dataloader
1
current Epoch training on CPU without block data loder Time(s): 0.2170
pseudo_mini_loss sum 3.0224850177764893
		avg iteration(step) data from cpu to GPU time:158.06752014 ms
		avg iteration GPU training time:45.88508987 ms
		avg iteration (step) total cpu time:213.89698982 ms
Epoch 5
----main run function: start generate block_dataloader from full batch train graph
- -- -- --- -- -- --weights_list-- -- -- ------- -- -- -----
1
after generate_random_mini_batch_seeds_list
time of batches_nid_list generation : 0.059664011001586914 sec

 *************************************   src nid of full_batch_block_graph

 *************************************   dict_nid_2_local
full batch block_eids_global_list
1485901
res----------------------------------------

connection checking time 1.1843609809875488
total of block generation time 0.7006576061248779
average of block generation time 0.7006576061248779
----main run function: block dataloader generation total spend   2.2091634273529053
length of block dataloader
1
current Epoch training on CPU without block data loder Time(s): 0.2403
pseudo_mini_loss sum 2.720832109451294
Epoch 00005 | Step 00000 | Loss 2.7208 | Train Acc 0.3478 | Speed (samples/sec) 668802.5390 | GPU 1.5249 GB
		avg iteration(step) data from cpu to GPU time:191.86341858 ms
		avg iteration GPU training time:36.33148956 ms
		avg iteration (step) total cpu time:238.84129524 ms
	total avg iteration(step) data from cpu to GPU time:0.17113011 s
	total avg iteration GPU training time:0.04039843 s
	total avg iteration (step) total cpu time:0.22179353 s

total avg epoch training  total cpu time:0.22375184 s

total avg block generate cpu time:2.15980983 second
train Acc: 0.4213
Test Acc: 0.4136
