main start at this time 1630962877.8158774
before load_data step Time(s): 0.0017
after load_dataset step Time(s): 4.9731
after inductive else step Time(s): 0.0001
args.data_cpu
False
after label step Time(s): 4.2521
after train_g.create_formats_() step Time(s): 1.1199
after pack data step Time(s): 0.0079
Epoch 0
----main run function: start generate block_dataloader from full batch train graph


full batch graph output nodes length
153431
block_to_graph.dstdata
OUTPUT_NID.tolist()
153431

list for split-------------------------------------------------------------------------------------------
153431

-------------------------batches_nid_list ----------------------------------------------------------------
5
- -- -- --- -- -- --weights_list-- -- -- ------- -- -- -----
[0.24999511180921719, 0.24999511180921719, 0.24999511180921719, 0.24999511180921719, 1.9552763131309838e-05]
after generate_random_mini_batch_seeds_list
time of batches_nid_list generation : 0.10888314247131348 sec
----main run function: block dataloader generation total spend   3.029438018798828
length of block dataloader
5
current Epoch training on CPU without block data loder Time(s): 1.5523
pseudo_mini_loss  9.559682075632736e-05
pseudo_mini_loss sum 5.463784217834473
Epoch 00000 | Step 00000 | Loss 0.0001 | Train Acc 0.0000 | Speed (samples/sec) 164959.0967 | GPU 1.1148 GB
		avg iteration(step) data from cpu to GPU time:155.34468011 ms
		avg iteration GPU training time:153.49528418 ms
		avg iteration (step) total cpu time:309.02943611 ms
Epoch 1
----main run function: start generate block_dataloader from full batch train graph


full batch graph output nodes length
153431
block_to_graph.dstdata
OUTPUT_NID.tolist()
153431

list for split-------------------------------------------------------------------------------------------
153431

-------------------------batches_nid_list ----------------------------------------------------------------
5
- -- -- --- -- -- --weights_list-- -- -- ------- -- -- -----
[0.24999511180921719, 0.24999511180921719, 0.24999511180921719, 0.24999511180921719, 1.9552763131309838e-05]
after generate_random_mini_batch_seeds_list
time of batches_nid_list generation : 0.09944820404052734 sec
----main run function: block dataloader generation total spend   3.2306885719299316
length of block dataloader
5
current Epoch training on CPU without block data loder Time(s): 0.5431
pseudo_mini_loss  8.032438927330077e-05
pseudo_mini_loss sum 4.59174919128418
		avg iteration(step) data from cpu to GPU time:89.37178953 ms
		avg iteration GPU training time:14.75951376 ms
		avg iteration (step) total cpu time:104.27889824 ms
Epoch 2
----main run function: start generate block_dataloader from full batch train graph


full batch graph output nodes length
153431
block_to_graph.dstdata
OUTPUT_NID.tolist()
153431

list for split-------------------------------------------------------------------------------------------
153431

-------------------------batches_nid_list ----------------------------------------------------------------
5
- -- -- --- -- -- --weights_list-- -- -- ------- -- -- -----
[0.24999511180921719, 0.24999511180921719, 0.24999511180921719, 0.24999511180921719, 1.9552763131309838e-05]
after generate_random_mini_batch_seeds_list
time of batches_nid_list generation : 0.08262515068054199 sec
----main run function: block dataloader generation total spend   3.6230828762054443
length of block dataloader
5
current Epoch training on CPU without block data loder Time(s): 0.5031
pseudo_mini_loss  6.725124694639817e-05
pseudo_mini_loss sum 3.892383337020874
		avg iteration(step) data from cpu to GPU time:82.63736297 ms
		avg iteration GPU training time:14.80442266 ms
		avg iteration (step) total cpu time:97.58167267 ms
Epoch 3
----main run function: start generate block_dataloader from full batch train graph


full batch graph output nodes length
153431
block_to_graph.dstdata
OUTPUT_NID.tolist()
153431

list for split-------------------------------------------------------------------------------------------
153431

-------------------------batches_nid_list ----------------------------------------------------------------
5
- -- -- --- -- -- --weights_list-- -- -- ------- -- -- -----
[0.24999511180921719, 0.24999511180921719, 0.24999511180921719, 0.24999511180921719, 1.9552763131309838e-05]
after generate_random_mini_batch_seeds_list
time of batches_nid_list generation : 0.08126473426818848 sec
----main run function: block dataloader generation total spend   3.2708749771118164
length of block dataloader
5
current Epoch training on CPU without block data loder Time(s): 0.5129
pseudo_mini_loss  5.252019036561251e-05
pseudo_mini_loss sum 3.38812255859375
		avg iteration(step) data from cpu to GPU time:84.59004812 ms
		avg iteration GPU training time:14.88133097 ms
		avg iteration (step) total cpu time:99.62410927 ms
Epoch 4
----main run function: start generate block_dataloader from full batch train graph


full batch graph output nodes length
153431
block_to_graph.dstdata
OUTPUT_NID.tolist()
153431

list for split-------------------------------------------------------------------------------------------
153431

-------------------------batches_nid_list ----------------------------------------------------------------
5
- -- -- --- -- -- --weights_list-- -- -- ------- -- -- -----
[0.24999511180921719, 0.24999511180921719, 0.24999511180921719, 0.24999511180921719, 1.9552763131309838e-05]
after generate_random_mini_batch_seeds_list
time of batches_nid_list generation : 0.07908272743225098 sec
----main run function: block dataloader generation total spend   3.2529184818267822
length of block dataloader
5
current Epoch training on CPU without block data loder Time(s): 0.4378
pseudo_mini_loss  4.240451380610466e-05
pseudo_mini_loss sum 3.024982452392578
		avg iteration(step) data from cpu to GPU time:70.13012991 ms
		avg iteration GPU training time:14.28631077 ms
		avg iteration (step) total cpu time:84.55524445 ms
Epoch 5
----main run function: start generate block_dataloader from full batch train graph


full batch graph output nodes length
153431
block_to_graph.dstdata
OUTPUT_NID.tolist()
153431

list for split-------------------------------------------------------------------------------------------
153431

-------------------------batches_nid_list ----------------------------------------------------------------
5
- -- -- --- -- -- --weights_list-- -- -- ------- -- -- -----
[0.24999511180921719, 0.24999511180921719, 0.24999511180921719, 0.24999511180921719, 1.9552763131309838e-05]
after generate_random_mini_batch_seeds_list
time of batches_nid_list generation : 0.08329463005065918 sec
----main run function: block dataloader generation total spend   3.291583776473999
length of block dataloader
5
current Epoch training on CPU without block data loder Time(s): 0.4801
pseudo_mini_loss  3.382255817996338e-05
pseudo_mini_loss sum 2.7207083702087402
Epoch 00005 | Step 00000 | Loss 0.0000 | Train Acc 0.3333 | Speed (samples/sec) 249204.1464 | GPU 1.1173 GB
		avg iteration(step) data from cpu to GPU time:78.05058670 ms
		avg iteration GPU training time:14.80731487 ms
		avg iteration (step) total cpu time:93.02215576 ms
		Eval Acc 0.4188
	total avg iteration(step) data from cpu to GPU time:78.85203193 ms
	total avg iteration GPU training time:14.69484482 ms
	total avg iteration (step) total cpu time:93.69579554 ms

total avg epoch training  total cpu time:483.48236084 ms
train Acc: 0.4214
Test Acc: 0.4139
