main start at this time 1633734238.8867598
before load_data step Time(s): 0.0017
after load_dataset step Time(s): 5.3693
after inductive else step Time(s): 0.0001
args.data_cpu
False
after label step Time(s): 3.9305
after train_g.create_formats_() step Time(s): 1.1306
after pack data step Time(s): 0.0103
Epoch 0
----main run function: start generate block_dataloader from full batch train graph
- -- -- --- -- -- --weights_list-- -- -- ------- -- -- -----
32
after generate_random_mini_batch_seeds_list
time of batches_nid_list generation : 0.11496686935424805 sec

 *************************************   src nid of full_batch_block_graph

 *************************************   dict_nid_2_local
full batch block_eids_global_list
1485901
res----------------------------------------

connection checking time 4.560908317565918
total of block generation time 0.9654805660247803
average of block generation time 0.030171267688274384
----main run function: block dataloader generation total spend   5.953052043914795
length of block dataloader
32
current Epoch training on CPU without block data loder Time(s): 2.1812
pseudo_mini_loss sum 5.464591026306152
Epoch 00000 | Step 00000 | Loss 0.1542 | Train Acc 0.0240 | Speed (samples/sec) 134541.4439 | GPU 0.6760 GB
		avg iteration(step) data from cpu to GPU time:37.24939883 ms
		avg iteration GPU training time:30.15202464 ms
		avg iteration (step) total cpu time:67.78417528 ms
Epoch 1
----main run function: start generate block_dataloader from full batch train graph
- -- -- --- -- -- --weights_list-- -- -- ------- -- -- -----
32
after generate_random_mini_batch_seeds_list
time of batches_nid_list generation : 0.06521821022033691 sec

 *************************************   src nid of full_batch_block_graph

 *************************************   dict_nid_2_local
full batch block_eids_global_list
1485901
res----------------------------------------

connection checking time 4.100129842758179
total of block generation time 1.018618106842041
average of block generation time 0.03183181583881378
----main run function: block dataloader generation total spend   5.519073724746704
length of block dataloader
32
current Epoch training on CPU without block data loder Time(s): 1.1099
pseudo_mini_loss sum 4.59434175491333
		avg iteration(step) data from cpu to GPU time:27.25063103 ms
		avg iteration GPU training time:6.68485200 ms
		avg iteration (step) total cpu time:34.10671651 ms
Epoch 2
----main run function: start generate block_dataloader from full batch train graph
- -- -- --- -- -- --weights_list-- -- -- ------- -- -- -----
32
after generate_random_mini_batch_seeds_list
time of batches_nid_list generation : 0.06561851501464844 sec

 *************************************   src nid of full_batch_block_graph

 *************************************   dict_nid_2_local
full batch block_eids_global_list
1485901
res----------------------------------------

connection checking time 4.089923143386841
total of block generation time 1.1043975353240967
average of block generation time 0.03451242297887802
----main run function: block dataloader generation total spend   5.5887322425842285
length of block dataloader
32
current Epoch training on CPU without block data loder Time(s): 1.0977
pseudo_mini_loss sum 3.8889129161834717
		avg iteration(step) data from cpu to GPU time:26.46131891 ms
		avg iteration GPU training time:7.06278197 ms
		avg iteration (step) total cpu time:33.69782865 ms
Epoch 3
----main run function: start generate block_dataloader from full batch train graph
- -- -- --- -- -- --weights_list-- -- -- ------- -- -- -----
32
after generate_random_mini_batch_seeds_list
time of batches_nid_list generation : 0.08907890319824219 sec

 *************************************   src nid of full_batch_block_graph

 *************************************   dict_nid_2_local
full batch block_eids_global_list
1485901
res----------------------------------------

connection checking time 4.124445676803589
total of block generation time 1.0170128345489502
average of block generation time 0.031781651079654694
----main run function: block dataloader generation total spend   5.571740388870239
length of block dataloader
32
current Epoch training on CPU without block data loder Time(s): 1.0963
pseudo_mini_loss sum 3.388453960418701
		avg iteration(step) data from cpu to GPU time:26.77637100 ms
		avg iteration GPU training time:6.71156602 ms
		avg iteration (step) total cpu time:33.65873545 ms
